BLOCK00/SES002/SA002S12	SES002	0.308058	-7.58669	-7.89474
BLOCK00/SES002/SA002S13	SES002	0.764767	-7.77079	-8.53556
BLOCK00/SES002/SA002S23	SES002	0.677482	-7.41334	-8.09082
BLOCK00/SES002/SA002S26	SES002	0.0898819	-8.77822	-8.8681
BLOCK00/SES002/SA002S28	SES002	0.0102158	-7.92412	-7.93433
BLOCK00/SES007/SA007S14	SES007	0.681673	-6.08955	-6.77123
BLOCK00/SES007/SA007S15	SES007	0.372854	-7.05328	-7.42613
BLOCK00/SES007/SA007S24	SES007	0.507546	-6.53936	-7.0469
BLOCK00/SES007/SA007S27	SES007	-0.213517	-8.25483	-8.04131
BLOCK00/SES007/SA007S29	SES007	-0.174889	-7.10401	-6.92913
BLOCK00/SES008/SA008S11	SES008	1.06418	-6.51316	-7.57734
BLOCK00/SES008/SA008S12	SES008	-0.0593634	-7.39777	-7.33841
BLOCK00/SES008/SA008S19	SES008	1.12634	-6.6517	-7.77804
BLOCK00/SES008/SA008S22	SES008	0.694265	-7.35665	-8.05091
BLOCK00/SES008/SA008S29	SES008	1.02214	-6.40125	-7.42339
BLOCK01/SES014/SA014S10	SES014	0.590773	-7.02337	-7.61414
BLOCK01/SES014/SA014S12	SES014	1.38758	-6.30378	-7.69136
BLOCK01/SES014/SA014S24	SES014	1.09796	-6.84115	-7.93911
BLOCK01/SES014/SA014S26	SES014	1.30264	-6.08935	-7.39199
BLOCK01/SES014/SA014S28	SES014	1.84758	-5.64965	-7.49723
BLOCK01/SES016/SA016S12	SES016	0.976999	-8.55476	-9.53175
BLOCK01/SES016/SA016S13	SES016	0.626376	-6.92483	-7.55121
BLOCK01/SES016/SA016S22	SES016	1.0545	-6.46539	-7.51989
BLOCK01/SES016/SA016S25	SES016	1.18325	-5.12673	-6.30998
BLOCK01/SES016/SA016S27	SES016	1.15513	-6.13658	-7.29171
BLOCK01/SES019/SA019S13	SES019	3.05049	-6.06047	-9.11096
BLOCK01/SES019/SA019S14	SES019	1.17853	-7.89478	-9.07331
BLOCK01/SES019/SA019S22	SES019	1.94111	-6.35151	-8.29262
BLOCK01/SES019/SA019S25	SES019	1.97776	-6.61769	-8.59546
BLOCK01/SES019/SA019S29	SES019	3.43804	-6.55566	-9.9937
BLOCK02/SES029/SA029S11	SES029	0.36355	-6.20657	-6.57012
BLOCK02/SES029/SA029S12	SES029	-0.0485263	-6.81925	-6.77072
BLOCK02/SES029/SA029S20	SES029	0.370209	-6.21715	-6.58736
BLOCK02/SES029/SA029S25	SES029	0.15709	-7.0827	-7.23979
BLOCK02/SES029/SA029S28	SES029	-0.0443573	-6.85739	-6.81303
BLOCK04/SES042/SA042S12	SES042	0.960204	-6.46511	-7.42531
BLOCK04/SES042/SA042S15	SES042	0.9655	-5.88019	-6.84569
BLOCK04/SES042/SA042S22	SES042	1.35357	-7.03305	-8.38662
BLOCK04/SES042/SA042S25	SES042	0.380753	-8.36947	-8.75023
BLOCK04/SES042/SA042S27	SES042	0.944652	-7.26265	-8.20731
BLOCK04/SES048/SA048S11	SES048	0.412513	-6.20081	-6.61332
BLOCK04/SES048/SA048S12	SES048	0.0169778	-7.68941	-7.70639
BLOCK04/SES048/SA048S20	SES048	0.0964694	-6.42165	-6.51812
BLOCK04/SES048/SA048S23	SES048	0.758677	-6.68741	-7.44608
BLOCK04/SES048/SA048S27	SES048	0.12691	-7.35535	-7.48226
BLOCK06/SES060/SA060S11	SES060	0.882602	-6.61393	-7.49653
BLOCK06/SES060/SA060S12	SES060	0.328994	-7.9802	-8.3092
BLOCK06/SES060/SA060S22	SES060	-1.0724	-9.02036	-7.94796
BLOCK06/SES060/SA060S24	SES060	1.01046	-5.59568	-6.60614
BLOCK06/SES060/SA060S28	SES060	0.350602	-5.82988	-6.18048
BLOCK06/SES062/SA062S10	SES062	-0.144234	-7.06907	-6.92484
BLOCK06/SES062/SA062S11	SES062	-0.109456	-8.20099	-8.09153
BLOCK06/SES062/SA062S21	SES062	0.467696	-5.43949	-5.90719
BLOCK06/SES062/SA062S26	SES062	-0.0598407	-7.42174	-7.3619
BLOCK06/SES062/SA062S29	SES062	0.552807	-6.14246	-6.69527
BLOCK06/SES068/SA068S14	SES068	0.233227	-7.30287	-7.5361
BLOCK06/SES068/SA068S15	SES068	0.504679	-7.03304	-7.53772
BLOCK06/SES068/SA068S23	SES068	0.128541	-7.31505	-7.44359
BLOCK06/SES068/SA068S27	SES068	1.26539	-6.19742	-7.46281
BLOCK06/SES068/SA068S29	SES068	0.424929	-7.03735	-7.46228
BLOCK08/SES082/SA082S12	SES082	-0.307909	-8.37538	-8.06747
BLOCK08/SES082/SA082S14	SES082	-0.0266819	-8.06165	-8.03497
BLOCK08/SES082/SA082S21	SES082	0.273366	-7.22958	-7.50294
BLOCK08/SES082/SA082S24	SES082	-0.0832558	-7.89812	-7.81486
BLOCK08/SES082/SA082S28	SES082	0.39511	-7.48241	-7.87752
BLOCK08/SES083/SA083S14	SES083	-0.0463605	-7.0403	-6.99394
BLOCK08/SES083/SA083S15	SES083	0.339655	-6.88921	-7.22887
BLOCK08/SES083/SA083S24	SES083	-0.0981817	-7.33337	-7.23519
BLOCK08/SES083/SA083S26	SES083	0.132335	-8.07971	-8.21204
BLOCK08/SES083/SA083S29	SES083	-0.0943832	-7.72734	-7.63296
BLOCK08/SES085/SA085S10	SES085	1.0216	-5.90216	-6.92377
BLOCK08/SES085/SA085S13	SES085	-0.15106	-7.94663	-7.79557
BLOCK08/SES085/SA085S22	SES085	0.566762	-6.67151	-7.23827
BLOCK08/SES085/SA085S26	SES085	-0.339951	-7.69127	-7.35131
BLOCK08/SES085/SA085S28	SES085	0.229486	-7.18808	-7.41757
BLOCK08/SES087/SA087S15	SES087	0.739352	-7.69465	-8.434
BLOCK08/SES087/SA087S16	SES087	1.11657	-7.34057	-8.45715
BLOCK08/SES087/SA087S24	SES087	1.16746	-7.21335	-8.38081
BLOCK08/SES087/SA087S26	SES087	0.655218	-6.6397	-7.29492
BLOCK08/SES087/SA087S29	SES087	1.14137	-6.36282	-7.50419
BLOCK09/SES099/SA099S15	SES099	0.600469	-7.63392	-8.23439
BLOCK09/SES099/SA099S16	SES099	0.664343	-7.22476	-7.8891
BLOCK09/SES099/SA099S24	SES099	0.647478	-7.45041	-8.09789
BLOCK09/SES099/SA099S26	SES099	0.724697	-6.89302	-7.61772
BLOCK09/SES099/SA099S29	SES099	0.193722	-7.95612	-8.14984
BLOCK10/SES101/SA101S11	SES101	0.527349	-6.12274	-6.65009
BLOCK10/SES101/SA101S13	SES101	0.75784	-5.32461	-6.08245
BLOCK10/SES101/SA101S22	SES101	0.645918	-7.44372	-8.08964
BLOCK10/SES101/SA101S24	SES101	0.841456	-6.31497	-7.15643
BLOCK10/SES101/SA101S28	SES101	0.652926	-6.78875	-7.44168
BLOCK10/SES104/SA104S11	SES104	0.386061	-6.71653	-7.10259
BLOCK10/SES104/SA104S12	SES104	0.392916	-7.30962	-7.70254
BLOCK10/SES104/SA104S21	SES104	0.392604	-7.53294	-7.92554
BLOCK10/SES104/SA104S24	SES104	-0.213597	-7.97601	-7.76241
BLOCK10/SES104/SA104S28	SES104	0.68639	-7.23311	-7.9195
BLOCK10/SES105/SA105S12	SES105	0.737313	-7.52141	-8.25873
BLOCK10/SES105/SA105S13	SES105	0.0476322	-7.31704	-7.36467
BLOCK10/SES105/SA105S22	SES105	0.346387	-8.15577	-8.50216
BLOCK10/SES105/SA105S26	SES105	0.605934	-7.75148	-8.35741
BLOCK10/SES105/SA105S29	SES105	0.984344	-6.13709	-7.12143
BLOCK10/SES106/SA106S09	SES106	0.73926	-7.395	-8.13426
BLOCK10/SES106/SA106S11	SES106	0.690102	-6.71786	-7.40797
BLOCK10/SES106/SA106S22	SES106	1.3746	-7.22184	-8.59644
BLOCK10/SES106/SA106S27	SES106	0.244767	-7.07816	-7.32292
BLOCK10/SES106/SA106S29	SES106	0.444844	-6.36167	-6.80652
BLOCK11/SES117/SA117S12	SES117	0.506203	-7.32969	-7.8359
BLOCK11/SES117/SA117S13	SES117	0.0498962	-7.96334	-8.01323
BLOCK11/SES117/SA117S23	SES117	0.913336	-8.18347	-9.09681
BLOCK11/SES117/SA117S25	SES117	0.714583	-7.50558	-8.22016
BLOCK11/SES117/SA117S28	SES117	0.825236	-7.35562	-8.18086
BLOCK12/SES120/SA120S08	SES120	0.37738	-7.35289	-7.73027
BLOCK12/SES120/SA120S11	SES120	0.12804	-9.82087	-9.94891
BLOCK12/SES120/SA120S22	SES120	0.0770965	-6.89905	-6.97615
BLOCK12/SES120/SA120S24	SES120	-0.0316954	-8.01414	-7.98245
BLOCK12/SES120/SA120S28	SES120	-0.329078	-8.33163	-8.00255
BLOCK12/SES125/SA125S13	SES125	0.550009	-7.07573	-7.62574
BLOCK12/SES125/SA125S14	SES125	0.447015	-7.4566	-7.90362
BLOCK12/SES125/SA125S25	SES125	0.726991	-7.67647	-8.40346
BLOCK12/SES125/SA125S27	SES125	0.811531	-6.53318	-7.34471
BLOCK12/SES125/SA125S29	SES125	0.346985	-7.18072	-7.5277
BLOCK12/SES127/SA127S11	SES127	0.382886	-7.30821	-7.6911
BLOCK12/SES127/SA127S12	SES127	0.158366	-6.052	-6.21036
BLOCK12/SES127/SA127S23	SES127	0.1903	-6.55596	-6.74626
BLOCK12/SES127/SA127S25	SES127	0.374976	-6.45776	-6.83274
BLOCK12/SES127/SA127S27	SES127	0.866159	-6.56339	-7.42955
BLOCK12/SES129/SA129S11	SES129	0.857435	-5.92205	-6.77949
BLOCK12/SES129/SA129S12	SES129	0.835281	-5.74884	-6.58412
BLOCK12/SES129/SA129S22	SES129	0.790695	-6.53188	-7.32257
BLOCK12/SES129/SA129S27	SES129	0.880738	-6.6165	-7.49724
BLOCK12/SES129/SA129S29	SES129	-0.105117	-8.04789	-7.94277
BLOCK14/SES142/SA142S11	SES142	1.03009	-6.1674	-7.19749
BLOCK14/SES142/SA142S12	SES142	0.147405	-7.46706	-7.61446
BLOCK14/SES142/SA142S24	SES142	1.06014	-6.33531	-7.39545
BLOCK14/SES142/SA142S27	SES142	0.878987	-6.30959	-7.18858
BLOCK14/SES142/SA142S29	SES142	0.918645	-6.10774	-7.02639
BLOCK14/SES143/SA143S12	SES143	0.701599	-6.98454	-7.68614
BLOCK14/SES143/SA143S13	SES143	0.691133	-7.04342	-7.73455
BLOCK14/SES143/SA143S23	SES143	0.0847511	-7.15501	-7.23976
BLOCK14/SES143/SA143S25	SES143	0.561678	-7.32744	-7.88911
BLOCK14/SES143/SA143S28	SES143	0.291162	-7.18125	-7.47241
BLOCK14/SES144/SA144S09	SES144	0.209273	-7.29208	-7.50135
BLOCK14/SES144/SA144S11	SES144	0.176635	-6.97308	-7.14971
BLOCK14/SES144/SA144S21	SES144	-0.277013	-7.86318	-7.58617
BLOCK14/SES144/SA144S25	SES144	0.627018	-7.3461	-7.97312
BLOCK14/SES144/SA144S29	SES144	-0.623932	-8.25314	-7.62921
BLOCK14/SES146/SA146S14	SES146	0.175831	-7.70844	-7.88427
BLOCK14/SES146/SA146S15	SES146	-0.297751	-7.9323	-7.63454
BLOCK14/SES146/SA146S24	SES146	0.210422	-7.35784	-7.56826
BLOCK14/SES146/SA146S26	SES146	0.326497	-7.44994	-7.77644
BLOCK14/SES146/SA146S29	SES146	0.230082	-7.92963	-8.15971
BLOCK14/SES147/SA147S11	SES147	0.0857396	-7.32672	-7.41246
BLOCK14/SES147/SA147S13	SES147	0.483028	-6.42994	-6.91297
BLOCK14/SES147/SA147S23	SES147	0.314696	-7.34863	-7.66332
BLOCK14/SES147/SA147S26	SES147	0.980814	-6.88405	-7.86486
BLOCK14/SES147/SA147S28	SES147	1.09603	-6.26485	-7.36089
BLOCK14/SES148/SA148S10	SES148	0.250444	-6.61703	-6.86747
BLOCK14/SES148/SA148S12	SES148	-0.0488958	-7.70492	-7.65603
BLOCK14/SES148/SA148S22	SES148	0.386873	-6.68886	-7.07573
BLOCK14/SES148/SA148S26	SES148	-0.230781	-6.40435	-6.17357
BLOCK14/SES148/SA148S29	SES148	0.313688	-7.17197	-7.48565
BLOCK14/SES149/SA149S13	SES149	-0.23741	-7.07035	-6.83294
BLOCK14/SES149/SA149S14	SES149	-0.0233879	-6.41071	-6.38732
BLOCK14/SES149/SA149S24	SES149	0.479033	-6.82267	-7.3017
BLOCK14/SES149/SA149S26	SES149	0.613042	-5.95851	-6.57155
BLOCK14/SES149/SA149S28	SES149	1.34852	-5.10408	-6.45261
BLOCK15/SES158/SA158S13	SES158	0.513633	-6.97309	-7.48672
BLOCK15/SES158/SA158S14	SES158	0.419296	-7.94862	-8.36791
BLOCK15/SES158/SA158S23	SES158	0.319281	-6.35386	-6.67314
BLOCK15/SES158/SA158S26	SES158	1.04526	-7.18609	-8.23135
BLOCK15/SES158/SA158S28	SES158	0.331204	-7.50134	-7.83255
BLOCK16/SES162/SA162S10	SES162	0.261813	-8.1079	-8.36971
BLOCK16/SES162/SA162S11	SES162	0.501267	-6.37252	-6.87379
BLOCK16/SES162/SA162S21	SES162	0.731818	-6.73953	-7.47135
BLOCK16/SES162/SA162S24	SES162	0.329152	-7.03178	-7.36094
BLOCK16/SES162/SA162S27	SES162	0.867296	-7.85159	-8.71889
BLOCK16/SES167/SA167S14	SES167	1.0056	-6.20061	-7.20621
BLOCK16/SES167/SA167S15	SES167	1.43438	-5.90219	-7.33657
BLOCK16/SES167/SA167S21	SES167	1.38593	-5.85779	-7.24372
BLOCK16/SES167/SA167S25	SES167	1.57597	-6.34651	-7.92248
BLOCK16/SES167/SA167S29	SES167	1.76092	-5.45119	-7.21211
BLOCK17/SES172/SA172S12	SES172	1.02598	-7.51765	-8.54363
BLOCK17/SES172/SA172S13	SES172	1.05352	-7.32862	-8.38213
BLOCK17/SES172/SA172S23	SES172	0.850021	-6.78263	-7.63265
BLOCK17/SES172/SA172S27	SES172	0.613666	-8.17055	-8.78422
BLOCK17/SES172/SA172S29	SES172	1.14625	-6.90176	-8.04801
BLOCK17/SES175/SA175S11	SES175	0.0783839	-7.32921	-7.40759
BLOCK17/SES175/SA175S13	SES175	0.245492	-5.36266	-5.60815
BLOCK17/SES175/SA175S23	SES175	0.569682	-6.17613	-6.74582
BLOCK17/SES175/SA175S25	SES175	-0.252597	-8.08831	-7.83572
BLOCK17/SES175/SA175S28	SES175	-0.0911188	-6.80174	-6.71062
BLOCK17/SES177/SA177S15	SES177	0.515902	-7.80071	-8.31661
BLOCK17/SES177/SA177S17	SES177	0.36389	-7.57225	-7.93614
BLOCK17/SES177/SA177S23	SES177	0.230805	-7.73806	-7.96886
BLOCK17/SES177/SA177S26	SES177	0.68969	-5.37487	-6.06456
BLOCK17/SES177/SA177S28	SES177	0.828207	-7.44132	-8.26953
BLOCK18/SES180/SA180S13	SES180	-0.179571	-8.11837	-7.9388
BLOCK18/SES180/SA180S15	SES180	0.194889	-7.10253	-7.29742
BLOCK18/SES180/SA180S24	SES180	0.696273	-5.99379	-6.69007
BLOCK18/SES180/SA180S26	SES180	0.168664	-6.513	-6.68167
BLOCK18/SES180/SA180S29	SES180	-0.221783	-7.8519	-7.63012
BLOCK18/SES183/SA183S13	SES183	1.08365	-6.78921	-7.87286
BLOCK18/SES183/SA183S14	SES183	-0.320116	-7.4442	-7.12409
BLOCK18/SES183/SA183S24	SES183	1.05346	-7.35072	-8.40419
BLOCK18/SES183/SA183S27	SES183	0.869441	-7.84836	-8.71781
BLOCK18/SES183/SA183S29	SES183	0.832709	-6.85444	-7.68715
BLOCK18/SES187/SA187S13	SES187	0.214145	-8.266	-8.48014
BLOCK18/SES187/SA187S14	SES187	0.189333	-7.84879	-8.03812
BLOCK18/SES187/SA187S24	SES187	0.398339	-7.89409	-8.29243
BLOCK18/SES187/SA187S27	SES187	0.279307	-8.09892	-8.37823
BLOCK18/SES187/SA187S29	SES187	0.137593	-8.31707	-8.45466
BLOCK18/SES189/SA189S10	SES189	0.945214	-7.63602	-8.58124
BLOCK18/SES189/SA189S13	SES189	0.755589	-8.50947	-9.26505
BLOCK18/SES189/SA189S24	SES189	0.513563	-6.781	-7.29457
BLOCK18/SES189/SA189S26	SES189	0.915462	-6.90455	-7.82001
BLOCK18/SES189/SA189S29	SES189	0.818972	-6.65737	-7.47634
BLOCK20/SES202/SA202S12	SES202	0.462993	-7.15469	-7.61768
BLOCK20/SES202/SA202S14	SES202	0.637551	-6.95674	-7.59429
BLOCK20/SES202/SA202S24	SES202	0.277327	-7.92631	-8.20363
BLOCK20/SES202/SA202S27	SES202	0.724749	-6.56915	-7.2939
BLOCK20/SES202/SA202S29	SES202	0.692054	-6.78327	-7.47533
BLOCK20/SES206/SA206S15	SES206	-0.787986	-7.25392	-6.46593
BLOCK20/SES206/SA206S17	SES206	0.59511	-7.18963	-7.78474
BLOCK20/SES206/SA206S24	SES206	0.959451	-5.89477	-6.85422
BLOCK20/SES206/SA206S27	SES206	0.750916	-7.41329	-8.16421
BLOCK20/SES206/SA206S29	SES206	0.758024	-5.99064	-6.74866
BLOCK22/SES226/SA226S12	SES226	0.478826	-7.47133	-7.95015
BLOCK22/SES226/SA226S13	SES226	-0.60334	-8.63611	-8.03277
BLOCK22/SES226/SA226S20	SES226	0.523801	-7.24197	-7.76577
BLOCK22/SES226/SA226S23	SES226	0.767728	-6.58541	-7.35314
BLOCK22/SES226/SA226S28	SES226	1.11963	-6.48146	-7.60109
BLOCK25/SES259/SA259S13	SES259	1.45086	-6.43852	-7.88938
BLOCK25/SES259/SA259S14	SES259	1.26806	-6.1091	-7.37716
BLOCK25/SES259/SA259S22	SES259	1.02731	-6.21872	-7.24604
BLOCK25/SES259/SA259S24	SES259	0.765599	-6.75156	-7.51716
BLOCK25/SES259/SA259S28	SES259	0.581089	-6.80471	-7.3858
BLOCK27/SES270/SA270S14	SES270	1.561	-7.01829	-8.57929
BLOCK27/SES270/SA270S16	SES270	0.131479	-7.1761	-7.30758
BLOCK27/SES270/SA270S22	SES270	1.85149	-6.35658	-8.20807
BLOCK27/SES270/SA270S26	SES270	0.735907	-7.26782	-8.00372
BLOCK27/SES270/SA270S28	SES270	0.955198	-6.90252	-7.85772
BLOCK27/SES275/SA275S17	SES275	0.404461	-6.69079	-7.09525
BLOCK27/SES275/SA275S18	SES275	0.182057	-7.01965	-7.20171
BLOCK27/SES275/SA275S24	SES275	0.341712	-7.4739	-7.81561
BLOCK27/SES275/SA275S26	SES275	0.604266	-6.8752	-7.47946
BLOCK27/SES275/SA275S28	SES275	0.364283	-7.17784	-7.54213
BLOCK29/SES292/SA292S10	SES292	-0.52446	-7.03881	-6.51435
BLOCK29/SES292/SA292S12	SES292	-0.12466	-8.2639	-8.13924
BLOCK29/SES292/SA292S22	SES292	-0.235761	-7.70254	-7.46678
BLOCK29/SES292/SA292S24	SES292	-0.21373	-7.43037	-7.21664
BLOCK29/SES292/SA292S27	SES292	-0.418285	-7.35086	-6.93258
BLOCK00/SES001/SA001S14	SES062	-2.06351	-10.0688	-8.00526
BLOCK00/SES001/SA001S14	SES082	-0.784761	-8.79002	-8.00526
BLOCK00/SES001/SA001S14	SES106	-1.34245	-9.34771	-8.00526
BLOCK00/SES001/SA001S14	SES206	-1.77325	-9.77851	-8.00526
BLOCK00/SES001/SA001S15	SES062	-1.22198	-8.49217	-7.27019
BLOCK00/SES001/SA001S15	SES104	-1.21174	-8.48193	-7.27019
BLOCK00/SES001/SA001S15	SES106	-1.66317	-8.93336	-7.27019
BLOCK00/SES001/SA001S15	SES206	-1.69656	-8.96675	-7.27019
BLOCK00/SES001/SA001S24	SES062	-0.987776	-8.40842	-7.42064
BLOCK00/SES001/SA001S24	SES082	-0.880504	-8.30115	-7.42064
BLOCK00/SES001/SA001S24	SES087	-0.672992	-8.09364	-7.42064
BLOCK00/SES001/SA001S24	SES206	-0.427163	-7.84781	-7.42064
BLOCK00/SES001/SA001S27	SES062	-0.765757	-6.81249	-6.04674
BLOCK00/SES001/SA001S27	SES082	-0.785716	-6.83245	-6.04674
BLOCK00/SES001/SA001S27	SES087	-0.589248	-6.63598	-6.04674
BLOCK00/SES001/SA001S27	SES206	-1.27726	-7.32399	-6.04674
BLOCK00/SES001/SA001S29	SES062	-1.80295	-9.33859	-7.53564
BLOCK00/SES001/SA001S29	SES082	-0.741565	-8.2772	-7.53564
BLOCK00/SES001/SA001S29	SES158	-0.923019	-8.45866	-7.53564
BLOCK00/SES001/SA001S29	SES206	-1.22367	-8.75931	-7.53564
BLOCK00/SES003/SA003S11	SES002	-0.21173	-8.25638	-8.04465
BLOCK00/SES003/SA003S11	SES019	-1.54385	-9.5885	-8.04465
BLOCK00/SES003/SA003S11	SES082	-0.29681	-8.34146	-8.04465
BLOCK00/SES003/SA003S11	SES125	-0.885196	-8.92984	-8.04465
BLOCK00/SES003/SA003S15	SES016	-1.28648	-8.35581	-7.06933
BLOCK00/SES003/SA003S15	SES019	-3.50543	-10.5748	-7.06933
BLOCK00/SES003/SA003S15	SES062	-0.266479	-7.3358	-7.06933
BLOCK00/SES003/SA003S15	SES206	-0.555464	-7.62479	-7.06933
BLOCK00/SES003/SA003S22	SES002	-0.781636	-8.13775	-7.35611
BLOCK00/SES003/SA003S22	SES062	-0.329798	-7.68591	-7.35611
BLOCK00/SES003/SA003S22	SES082	-0.523242	-7.87936	-7.35611
BLOCK00/SES003/SA003S22	SES087	-0.606729	-7.96284	-7.35611
BLOCK00/SES003/SA003S25	SES062	-1.87876	-10.4571	-8.57836
BLOCK00/SES003/SA003S25	SES082	-1.80079	-10.3792	-8.57836
BLOCK00/SES003/SA003S25	SES087	-1.6401	-10.2185	-8.57836
BLOCK00/SES003/SA003S25	SES206	-1.70674	-10.2851	-8.57836
BLOCK00/SES003/SA003S29	SES002	-1.16579	-9.16042	-7.99463
BLOCK00/SES003/SA003S29	SES062	-1.92393	-9.91856	-7.99463
BLOCK00/SES003/SA003S29	SES082	-1.26608	-9.2607	-7.99463
BLOCK00/SES003/SA003S29	SES087	-1.89726	-9.89189	-7.99463
BLOCK00/SES004/SA004S12	SES083	-1.18873	-7.9845	-6.79577
BLOCK00/SES004/SA004S12	SES148	-0.831356	-7.62712	-6.79577
BLOCK00/SES004/SA004S12	SES172	0.0889006	-6.70687	-6.79577
BLOCK00/SES004/SA004S12	SES292	-1.31459	-8.11036	-6.79577
BLOCK00/SES004/SA004S17	SES083	-0.973741	-8.00308	-7.02934
BLOCK00/SES004/SA004S17	SES162	-1.1083	-8.13764	-7.02934
BLOCK00/SES004/SA004S17	SES172	-0.679438	-7.70878	-7.02934
BLOCK00/SES004/SA004S17	SES292	-1.26477	-8.29411	-7.02934
BLOCK00/SES004/SA004S24	SES083	-1.08638	-7.83783	-6.75145
BLOCK00/SES004/SA004S24	SES148	-1.61432	-8.36577	-6.75145
BLOCK00/SES004/SA004S24	SES172	-0.173952	-6.9254	-6.75145
BLOCK00/SES004/SA004S24	SES292	-0.784979	-7.53643	-6.75145
BLOCK00/SES004/SA004S26	SES083	-1.70584	-9.07255	-7.36671
BLOCK00/SES004/SA004S26	SES127	-0.809451	-8.17616	-7.36671
BLOCK00/SES004/SA004S26	SES148	-2.45408	-9.82079	-7.36671
BLOCK00/SES004/SA004S26	SES292	-2.05664	-9.42335	-7.36671
BLOCK00/SES004/SA004S28	SES083	-0.919323	-7.82824	-6.90892
BLOCK00/SES004/SA004S28	SES127	-0.191019	-7.09994	-6.90892
BLOCK00/SES004/SA004S28	SES187	-0.0162673	-6.92518	-6.90892
BLOCK00/SES004/SA004S28	SES292	-1.45053	-8.35945	-6.90892
BLOCK00/SES006/SA006S10	SES014	-1.3212	-10.2998	-8.97859
BLOCK00/SES006/SA006S10	SES158	-1.80558	-10.7842	-8.97859
BLOCK00/SES006/SA006S10	SES226	-2.68434	-11.6629	-8.97859
BLOCK00/SES006/SA006S10	SES270	-0.319811	-9.2984	-8.97859
BLOCK00/SES006/SA006S11	SES158	-1.83774	-10.4429	-8.60512
BLOCK00/SES006/SA006S11	SES226	-1.77089	-10.376	-8.60512
BLOCK00/SES006/SA006S11	SES270	-0.237386	-8.84251	-8.60512
BLOCK00/SES006/SA006S11	SES275	-1.80588	-10.411	-8.60512
BLOCK00/SES006/SA006S23	SES062	-3.93337	-12.4905	-8.55714
BLOCK00/SES006/SA006S23	SES105	-3.66578	-12.2229	-8.55714
BLOCK00/SES006/SA006S23	SES158	-2.14034	-10.6975	-8.55714
BLOCK00/SES006/SA006S23	SES275	-2.82277	-11.3799	-8.55714
BLOCK00/SES006/SA006S26	SES104	-2.72556	-11.4949	-8.76932
BLOCK00/SES006/SA006S26	SES158	-2.16447	-10.9338	-8.76932
BLOCK00/SES006/SA006S26	SES270	-0.460516	-9.22984	-8.76932
BLOCK00/SES006/SA006S26	SES275	-2.26708	-11.0364	-8.76932
BLOCK00/SES006/SA006S28	SES007	-2.0431	-11.1676	-9.12451
BLOCK00/SES006/SA006S28	SES105	-2.82861	-11.9531	-9.12451
BLOCK00/SES006/SA006S28	SES158	-1.31813	-10.4426	-9.12451
BLOCK00/SES006/SA006S28	SES275	-1.94945	-11.074	-9.12451
BLOCK00/SES009/SA009S12	SES083	-2.44117	-9.84821	-7.40704
BLOCK00/SES009/SA009S12	SES148	-1.61166	-9.0187	-7.40704
BLOCK00/SES009/SA009S12	SES177	-0.550513	-7.95755	-7.40704
BLOCK00/SES009/SA009S12	SES292	-1.02253	-8.42957	-7.40704
BLOCK00/SES009/SA009S15	SES007	-0.223313	-7.11382	-6.8905
BLOCK00/SES009/SA009S15	SES099	-2.83094	-9.72144	-6.8905
BLOCK00/SES009/SA009S15	SES148	-1.41746	-8.30796	-6.8905
BLOCK00/SES009/SA009S15	SES172	-0.864895	-7.7554	-6.8905
BLOCK00/SES009/SA009S24	SES146	-0.780472	-8.26766	-7.48719
BLOCK00/SES009/SA009S24	SES148	-2.21583	-9.70302	-7.48719
BLOCK00/SES009/SA009S24	SES177	-0.389977	-7.87716	-7.48719
BLOCK00/SES009/SA009S24	SES292	-1.07103	-8.55821	-7.48719
BLOCK00/SES009/SA009S26	SES083	-2.30486	-9.65555	-7.35068
BLOCK00/SES009/SA009S26	SES101	-2.15602	-9.5067	-7.35068
BLOCK00/SES009/SA009S26	SES120	-0.77353	-8.12421	-7.35068
BLOCK00/SES009/SA009S26	SES177	-1.09327	-8.44396	-7.35068
BLOCK00/SES009/SA009S29	SES083	-1.56933	-8.97382	-7.4045
BLOCK00/SES009/SA009S29	SES101	-1.51219	-8.91668	-7.4045
BLOCK00/SES009/SA009S29	SES177	-0.450789	-7.85528	-7.4045
BLOCK00/SES009/SA009S29	SES292	-0.900291	-8.30479	-7.4045
BLOCK01/SES011/SA011S10	SES019	-4.0974	-12.831	-8.73362
BLOCK01/SES011/SA011S10	SES042	1.06519	-7.66842	-8.73362
BLOCK01/SES011/SA011S10	SES082	-0.67755	-9.41117	-8.73362
BLOCK01/SES011/SA011S10	SES206	-0.309104	-9.04272	-8.73362
BLOCK01/SES011/SA011S11	SES019	-2.49409	-10.8454	-8.35131
BLOCK01/SES011/SA011S11	SES042	0.166818	-8.18449	-8.35131
BLOCK01/SES011/SA011S11	SES082	-0.202733	-8.55404	-8.35131
BLOCK01/SES011/SA011S11	SES206	-0.814524	-9.16583	-8.35131
BLOCK01/SES011/SA011S22	SES019	-2.16021	-10.5003	-8.34009
BLOCK01/SES011/SA011S22	SES042	0.170295	-8.16979	-8.34009
BLOCK01/SES011/SA011S22	SES082	-1.07947	-9.41955	-8.34009
BLOCK01/SES011/SA011S22	SES206	-1.18778	-9.52787	-8.34009
BLOCK01/SES011/SA011S24	SES019	-2.98053	-10.7926	-7.81209
BLOCK01/SES011/SA011S24	SES042	0.956995	-6.85509	-7.81209
BLOCK01/SES011/SA011S24	SES104	-0.0554399	-7.86753	-7.81209
BLOCK01/SES011/SA011S24	SES206	-0.298686	-8.11077	-7.81209
BLOCK01/SES011/SA011S27	SES082	-0.203892	-8.06009	-7.8562
BLOCK01/SES011/SA011S27	SES087	-1.44675	-9.30295	-7.8562
BLOCK01/SES011/SA011S27	SES125	-0.276243	-8.13244	-7.8562
BLOCK01/SES011/SA011S27	SES206	-0.383266	-8.23947	-7.8562
BLOCK01/SES012/SA012S11	SES007	0.0130024	-6.72045	-6.73345
BLOCK01/SES012/SA012S11	SES082	-0.223958	-6.95741	-6.73345
BLOCK01/SES012/SA012S11	SES083	-1.15056	-7.88401	-6.73345
BLOCK01/SES012/SA012S11	SES206	-0.583278	-7.31673	-6.73345
BLOCK01/SES012/SA012S14	SES082	-0.560232	-8.25813	-7.6979
BLOCK01/SES012/SA012S14	SES087	-1.86287	-9.56077	-7.6979
BLOCK01/SES012/SA012S14	SES206	-0.372547	-8.07044	-7.6979
BLOCK01/SES012/SA012S14	SES292	-1.03635	-8.73424	-7.6979
BLOCK01/SES012/SA012S24	SES082	-0.626545	-9.14549	-8.51894
BLOCK01/SES012/SA012S24	SES087	-1.45688	-9.97583	-8.51894
BLOCK01/SES012/SA012S24	SES120	-1.88809	-10.407	-8.51894
BLOCK01/SES012/SA012S24	SES206	-0.981739	-9.50068	-8.51894
BLOCK01/SES012/SA012S26	SES019	-6.91887	-15.0474	-8.12857
BLOCK01/SES012/SA012S26	SES082	-1.4031	-9.53167	-8.12857
BLOCK01/SES012/SA012S26	SES206	0.0690241	-8.05955	-8.12857
BLOCK01/SES012/SA012S26	SES292	-1.37071	-9.49928	-8.12857
BLOCK01/SES012/SA012S29	SES062	-1.09039	-7.6367	-6.54631
BLOCK01/SES012/SA012S29	SES082	0.168221	-6.37809	-6.54631
BLOCK01/SES012/SA012S29	SES083	-1.61846	-8.16477	-6.54631
BLOCK01/SES012/SA012S29	SES206	-0.0628958	-6.60921	-6.54631
BLOCK01/SES013/SA013S16	SES062	-3.13204	-11.8347	-8.70268
BLOCK01/SES013/SA013S16	SES106	-1.23178	-9.93446	-8.70268
BLOCK01/SES013/SA013S16	SES206	-1.2271	-9.92978	-8.70268
BLOCK01/SES013/SA013S16	SES226	-1.05722	-9.75989	-8.70268
BLOCK01/SES013/SA013S17	SES062	-1.45888	-9.17212	-7.71324
BLOCK01/SES013/SA013S17	SES106	-1.37905	-9.09229	-7.71324
BLOCK01/SES013/SA013S17	SES206	-0.465106	-8.17835	-7.71324
BLOCK01/SES013/SA013S17	SES226	-0.695032	-8.40827	-7.71324
BLOCK01/SES013/SA013S23	SES104	-0.936659	-9.69138	-8.75472
BLOCK01/SES013/SA013S23	SES106	-0.167231	-8.92195	-8.75472
BLOCK01/SES013/SA013S23	SES206	-1.66309	-10.4178	-8.75472
BLOCK01/SES013/SA013S23	SES270	-0.555953	-9.31067	-8.75472
BLOCK01/SES013/SA013S25	SES042	-2.62979	-10.7686	-8.13877
BLOCK01/SES013/SA013S25	SES104	-0.594048	-8.73282	-8.13877
BLOCK01/SES013/SA013S25	SES106	-0.143414	-8.28218	-8.13877
BLOCK01/SES013/SA013S25	SES206	-1.65265	-9.79142	-8.13877
BLOCK01/SES013/SA013S29	SES062	-3.1221	-11.4614	-8.3393
BLOCK01/SES013/SA013S29	SES104	-1.34314	-9.68244	-8.3393
BLOCK01/SES013/SA013S29	SES106	-0.70964	-9.04894	-8.3393
BLOCK01/SES013/SA013S29	SES206	-2.1526	-10.4919	-8.3393
BLOCK02/SES021/SA021S13	SES016	-2.13172	-9.81423	-7.68251
BLOCK02/SES021/SA021S13	SES029	-0.900861	-8.58337	-7.68251
BLOCK02/SES021/SA021S13	SES087	-2.21431	-9.89682	-7.68251
BLOCK02/SES021/SA021S13	SES206	-2.12231	-9.80482	-7.68251
BLOCK02/SES021/SA021S15	SES087	-0.694511	-7.95287	-7.25836
BLOCK02/SES021/SA021S15	SES125	-1.15486	-8.41322	-7.25836
BLOCK02/SES021/SA021S15	SES206	-1.2816	-8.53996	-7.25836
BLOCK02/SES021/SA021S15	SES226	-1.183	-8.44136	-7.25836
BLOCK02/SES021/SA021S23	SES062	-2.35968	-10.8378	-8.47815
BLOCK02/SES021/SA021S23	SES087	-0.668456	-9.14661	-8.47815
BLOCK02/SES021/SA021S23	SES206	-1.11398	-9.59213	-8.47815
BLOCK02/SES021/SA021S23	SES226	-1.19577	-9.67392	-8.47815
BLOCK02/SES021/SA021S27	SES002	-0.757634	-7.74212	-6.98449
BLOCK02/SES021/SA021S27	SES016	-3.08719	-10.0717	-6.98449
BLOCK02/SES021/SA021S27	SES019	-1.84341	-8.8279	-6.98449
BLOCK02/SES021/SA021S27	SES062	-1.03415	-8.01864	-6.98449
BLOCK02/SES021/SA021S29	SES087	-1.21544	-9.1417	-7.92626
BLOCK02/SES021/SA021S29	SES125	-1.86197	-9.78824	-7.92626
BLOCK02/SES021/SA021S29	SES206	-0.571243	-8.49751	-7.92626
BLOCK02/SES021/SA021S29	SES226	-1.19782	-9.12408	-7.92626
BLOCK04/SES043/SA043S09	SES083	-0.309104	-8.58717	-8.27806
BLOCK04/SES043/SA043S09	SES101	-0.419226	-8.69729	-8.27806
BLOCK04/SES043/SA043S09	SES144	-0.0811853	-8.35925	-8.27806
BLOCK04/SES043/SA043S09	SES172	-1.23551	-9.51357	-8.27806
BLOCK04/SES043/SA043S11	SES083	-0.124257	-7.1778	-7.05354
BLOCK04/SES043/SA043S11	SES101	-0.338461	-7.392	-7.05354
BLOCK04/SES043/SA043S11	SES144	0.115763	-6.93778	-7.05354
BLOCK04/SES043/SA043S11	SES172	-0.666797	-7.72034	-7.05354
BLOCK04/SES043/SA043S23	SES083	-0.414505	-8.095	-7.68049
BLOCK04/SES043/SA043S23	SES144	-0.114932	-7.79542	-7.68049
BLOCK04/SES043/SA043S23	SES177	-0.555597	-8.23609	-7.68049
BLOCK04/SES043/SA043S23	SES275	-0.85039	-8.53088	-7.68049
BLOCK04/SES043/SA043S26	SES083	-0.605309	-9.3187	-8.71339
BLOCK04/SES043/SA043S26	SES101	-0.467785	-9.18118	-8.71339
BLOCK04/SES043/SA043S26	SES144	-0.290311	-9.0037	-8.71339
BLOCK04/SES043/SA043S26	SES177	-0.734815	-9.44821	-8.71339
BLOCK04/SES043/SA043S28	SES016	-1.79855	-9.38274	-7.58418
BLOCK04/SES043/SA043S28	SES083	-0.766111	-8.3503	-7.58418
BLOCK04/SES043/SA043S28	SES101	-0.797113	-8.3813	-7.58418
BLOCK04/SES043/SA043S28	SES144	-0.656728	-8.24091	-7.58418
BLOCK04/SES044/SA044S10	SES127	-2.39642	-10.8178	-8.42138
BLOCK04/SES044/SA044S10	SES144	-0.191892	-8.61327	-8.42138
BLOCK04/SES044/SA044S10	SES147	-4.4521	-12.8735	-8.42138
BLOCK04/SES044/SA044S10	SES148	-2.68164	-11.103	-8.42138
BLOCK04/SES044/SA044S11	SES101	-0.208737	-7.87192	-7.66319
BLOCK04/SES044/SA044S11	SES144	-0.0137029	-7.67689	-7.66319
BLOCK04/SES044/SA044S11	SES147	-1.60657	-9.26976	-7.66319
BLOCK04/SES044/SA044S11	SES177	-1.01619	-8.67937	-7.66319
BLOCK04/SES044/SA044S24	SES007	-2.0952	-9.90182	-7.80662
BLOCK04/SES044/SA044S24	SES101	0.0231848	-7.78344	-7.80662
BLOCK04/SES044/SA044S24	SES147	-2.02584	-9.83246	-7.80662
BLOCK04/SES044/SA044S24	SES177	-0.473431	-8.28005	-7.80662
BLOCK04/SES044/SA044S26	SES007	-1.26364	-8.60282	-7.33917
BLOCK04/SES044/SA044S26	SES016	-0.634838	-7.97401	-7.33917
BLOCK04/SES044/SA044S26	SES101	-0.358211	-7.69739	-7.33917
BLOCK04/SES044/SA044S26	SES147	-0.757213	-8.09639	-7.33917
BLOCK04/SES044/SA044S29	SES007	-2.71055	-9.61601	-6.90546
BLOCK04/SES044/SA044S29	SES101	-0.357374	-7.26283	-6.90546
BLOCK04/SES044/SA044S29	SES147	-1.37209	-8.27755	-6.90546
BLOCK04/SES044/SA044S29	SES177	-2.67317	-9.57862	-6.90546
BLOCK04/SES046/SA046S13	SES101	-0.368086	-9.03588	-8.66779
BLOCK04/SES046/SA046S13	SES144	-0.181164	-8.84895	-8.66779
BLOCK04/SES046/SA046S13	SES147	-2.2383	-10.9061	-8.66779
BLOCK04/SES046/SA046S13	SES177	-1.144	-9.81179	-8.66779
BLOCK04/SES046/SA046S15	SES048	-0.508459	-6.65158	-6.14312
BLOCK04/SES046/SA046S15	SES083	-0.810162	-6.95328	-6.14312
BLOCK04/SES046/SA046S15	SES120	-2.68464	-8.82776	-6.14312
BLOCK04/SES046/SA046S15	SES148	-1.32772	-7.47084	-6.14312
BLOCK04/SES046/SA046S22	SES101	-0.277752	-8.34552	-8.06777
BLOCK04/SES046/SA046S22	SES144	0.111468	-7.9563	-8.06777
BLOCK04/SES046/SA046S22	SES147	-2.00978	-10.0775	-8.06777
BLOCK04/SES046/SA046S22	SES172	-0.149472	-8.21724	-8.06777
BLOCK04/SES046/SA046S25	SES083	-0.557785	-7.86864	-7.31086
BLOCK04/SES046/SA046S25	SES127	-1.24367	-8.55452	-7.31086
BLOCK04/SES046/SA046S25	SES144	-0.406111	-7.71697	-7.31086
BLOCK04/SES046/SA046S25	SES148	-1.48273	-8.79359	-7.31086
BLOCK04/SES046/SA046S28	SES007	-0.933937	-8.36764	-7.4337
BLOCK04/SES046/SA046S28	SES105	-1.25866	-8.69236	-7.4337
BLOCK04/SES046/SA046S28	SES147	-1.24655	-8.68025	-7.4337
BLOCK04/SES046/SA046S28	SES148	-1.78221	-9.21591	-7.4337
BLOCK04/SES049/SA049S16	SES104	-1.00289	-9.98557	-8.98268
BLOCK04/SES049/SA049S16	SES106	-1.8699	-10.8526	-8.98268
BLOCK04/SES049/SA049S16	SES120	-1.71986	-10.7025	-8.98268
BLOCK04/SES049/SA049S16	SES206	-2.04903	-11.0317	-8.98268
BLOCK04/SES049/SA049S18	SES099	-0.306327	-8.82642	-8.52009
BLOCK04/SES049/SA049S18	SES104	-1.44068	-9.96078	-8.52009
BLOCK04/SES049/SA049S18	SES125	-1.60803	-10.1281	-8.52009
BLOCK04/SES049/SA049S18	SES206	-2.12954	-10.6496	-8.52009
BLOCK04/SES049/SA049S25	SES087	-1.78711	-11.0015	-9.21444
BLOCK04/SES049/SA049S25	SES104	-0.893294	-10.1077	-9.21444
BLOCK04/SES049/SA049S25	SES125	-1.24395	-10.4584	-9.21444
BLOCK04/SES049/SA049S25	SES206	-1.45231	-10.6667	-9.21444
BLOCK04/SES049/SA049S27	SES099	-0.684658	-8.47478	-7.79012
BLOCK04/SES049/SA049S27	SES104	-0.209874	-7.99999	-7.79012
BLOCK04/SES049/SA049S27	SES125	-1.47127	-9.26139	-7.79012
BLOCK04/SES049/SA049S27	SES206	-1.62692	-9.41704	-7.79012
BLOCK04/SES049/SA049S29	SES099	-0.359321	-7.97455	-7.61523
BLOCK04/SES049/SA049S29	SES104	-0.105011	-7.72024	-7.61523
BLOCK04/SES049/SA049S29	SES125	-0.50648	-8.12171	-7.61523
BLOCK04/SES049/SA049S29	SES206	-1.59884	-9.21407	-7.61523
BLOCK06/SES063/SA063S09	SES068	-2.11169	-11.1615	-9.04977
BLOCK06/SES063/SA063S09	SES083	-0.588592	-9.63836	-9.04977
BLOCK06/SES063/SA063S09	SES177	-0.94847	-9.99824	-9.04977
BLOCK06/SES063/SA063S09	SES187	-0.920652	-9.97042	-9.04977
BLOCK06/SES063/SA063S10	SES068	-1.65257	-10.2224	-8.56981
BLOCK06/SES063/SA063S10	SES083	-1.16711	-9.73692	-8.56981
BLOCK06/SES063/SA063S10	SES172	-0.925207	-9.49502	-8.56981
BLOCK06/SES063/SA063S10	SES187	-0.967519	-9.53733	-8.56981
BLOCK06/SES063/SA063S20	SES068	-2.43405	-10.939	-8.50493
BLOCK06/SES063/SA063S20	SES083	-1.35096	-9.85589	-8.50493
BLOCK06/SES063/SA063S20	SES172	-1.04019	-9.54512	-8.50493
BLOCK06/SES063/SA063S20	SES187	-1.10855	-9.61349	-8.50493
BLOCK06/SES063/SA063S24	SES029	-1.994	-11.2862	-9.29223
BLOCK06/SES063/SA063S24	SES083	-0.623281	-9.91551	-9.29223
BLOCK06/SES063/SA063S24	SES177	-0.711329	-10.0036	-9.29223
BLOCK06/SES063/SA063S24	SES189	0.213946	-9.07828	-9.29223
BLOCK06/SES063/SA063S27	SES083	-0.471066	-8.81064	-8.33957
BLOCK06/SES063/SA063S27	SES172	-1.73967	-10.0792	-8.33957
BLOCK06/SES063/SA063S27	SES187	-0.990272	-9.32984	-8.33957
BLOCK06/SES063/SA063S27	SES292	-1.26676	-9.60633	-8.33957
BLOCK06/SES067/SA067S12	SES083	-0.995146	-7.98304	-6.98789
BLOCK06/SES067/SA067S12	SES172	-1.53199	-8.51988	-6.98789
BLOCK06/SES067/SA067S12	SES202	-0.904454	-7.89235	-6.98789
BLOCK06/SES067/SA067S12	SES292	-1.35446	-8.34235	-6.98789
BLOCK06/SES067/SA067S14	SES085	-1.4069	-7.31778	-5.91088
BLOCK06/SES067/SA067S14	SES177	-1.64467	-7.55555	-5.91088
BLOCK06/SES067/SA067S14	SES183	0.0781579	-5.83272	-5.91088
BLOCK06/SES067/SA067S14	SES202	-0.666493	-6.57737	-5.91088
BLOCK06/SES067/SA067S21	SES144	-1.15437	-8.79246	-7.63808
BLOCK06/SES067/SA067S21	SES177	-1.36905	-9.00713	-7.63808
BLOCK06/SES067/SA067S21	SES183	-1.4821	-9.12018	-7.63808
BLOCK06/SES067/SA067S21	SES189	-1.08932	-8.7274	-7.63808
BLOCK06/SES067/SA067S25	SES085	-2.07221	-8.884	-6.81179
BLOCK06/SES067/SA067S25	SES177	-1.04456	-7.85635	-6.81179
BLOCK06/SES067/SA067S25	SES183	-0.793671	-7.60546	-6.81179
BLOCK06/SES067/SA067S25	SES202	-1.73314	-8.54493	-6.81179
BLOCK06/SES067/SA067S29	SES085	-2.89304	-10.8684	-7.97538
BLOCK06/SES067/SA067S29	SES177	-1.70868	-9.68406	-7.97538
BLOCK06/SES067/SA067S29	SES183	-1.13584	-9.11122	-7.97538
BLOCK06/SES067/SA067S29	SES202	-0.525568	-8.50094	-7.97538
BLOCK06/SES069/SA069S12	SES029	-1.56367	-8.77611	-7.21244
BLOCK06/SES069/SA069S12	SES082	-0.851647	-8.06409	-7.21244
BLOCK06/SES069/SA069S12	SES087	-1.23567	-8.44811	-7.21244
BLOCK06/SES069/SA069S12	SES206	-0.573613	-7.78606	-7.21244
BLOCK06/SES069/SA069S13	SES029	-1.96264	-9.12437	-7.16173
BLOCK06/SES069/SA069S13	SES087	-1.39126	-8.553	-7.16173
BLOCK06/SES069/SA069S13	SES206	-1.42872	-8.59046	-7.16173
BLOCK06/SES069/SA069S13	SES226	0.0390997	-7.12263	-7.16173
BLOCK06/SES069/SA069S23	SES029	-0.557442	-7.15701	-6.59957
BLOCK06/SES069/SA069S23	SES087	-0.396525	-6.9961	-6.59957
BLOCK06/SES069/SA069S23	SES206	-1.14869	-7.74827	-6.59957
BLOCK06/SES069/SA069S23	SES226	-0.240193	-6.83976	-6.59957
BLOCK06/SES069/SA069S25	SES087	-0.969955	-8.10367	-7.13371
BLOCK06/SES069/SA069S25	SES206	-1.77691	-8.91062	-7.13371
BLOCK06/SES069/SA069S25	SES226	-0.322107	-7.45582	-7.13371
BLOCK06/SES069/SA069S25	SES270	-1.32801	-8.46172	-7.13371
BLOCK06/SES069/SA069S27	SES087	-1.62073	-9.32477	-7.70404
BLOCK06/SES069/SA069S27	SES206	-0.942006	-8.64605	-7.70404
BLOCK06/SES069/SA069S27	SES226	-0.0630608	-7.7671	-7.70404
BLOCK06/SES069/SA069S27	SES270	-0.814324	-8.51837	-7.70404
BLOCK08/SES081/SA081S11	SES060	-1.41533	-9.18278	-7.76745
BLOCK08/SES081/SA081S11	SES062	-0.749864	-8.51731	-7.76745
BLOCK08/SES081/SA081S11	SES117	-2.17774	-9.94519	-7.76745
BLOCK08/SES081/SA081S11	SES162	-1.67545	-9.4429	-7.76745
BLOCK08/SES081/SA081S13	SES016	-0.471605	-7.26886	-6.79726
BLOCK08/SES081/SA081S13	SES060	-0.169051	-6.96631	-6.79726
BLOCK08/SES081/SA081S13	SES068	-0.393048	-7.19031	-6.79726
BLOCK08/SES081/SA081S13	SES129	-2.04582	-8.84308	-6.79726
BLOCK08/SES081/SA081S24	SES060	-0.32943	-7.71385	-7.38442
BLOCK08/SES081/SA081S24	SES068	-0.701199	-8.08562	-7.38442
BLOCK08/SES081/SA081S24	SES117	-1.75581	-9.14023	-7.38442
BLOCK08/SES081/SA081S24	SES275	-0.904741	-8.28916	-7.38442
BLOCK08/SES081/SA081S27	SES007	-0.128049	-8.17489	-8.04684
BLOCK08/SES081/SA081S27	SES060	-0.57309	-8.61993	-8.04684
BLOCK08/SES081/SA081S27	SES117	-1.11011	-9.15695	-8.04684
BLOCK08/SES081/SA081S27	SES275	-0.972919	-9.01976	-8.04684
BLOCK08/SES081/SA081S29	SES007	-0.402593	-8.84426	-8.44166
BLOCK08/SES081/SA081S29	SES060	-0.447315	-8.88898	-8.44166
BLOCK08/SES081/SA081S29	SES117	-1.0325	-9.47416	-8.44166
BLOCK08/SES081/SA081S29	SES275	-1.24641	-9.68808	-8.44166
BLOCK08/SES086/SA086S11	SES029	-2.49582	-11.6816	-9.18577
BLOCK08/SES086/SA086S11	SES082	-1.83704	-11.0228	-9.18577
BLOCK08/SES086/SA086S11	SES087	-0.388992	-9.57477	-9.18577
BLOCK08/SES086/SA086S11	SES206	-1.59773	-10.7835	-9.18577
BLOCK08/SES086/SA086S12	SES029	-1.72404	-10.1903	-8.46625
BLOCK08/SES086/SA086S12	SES082	-1.57479	-10.041	-8.46625
BLOCK08/SES086/SA086S12	SES087	0.311646	-8.1546	-8.46625
BLOCK08/SES086/SA086S12	SES206	-0.739623	-9.20587	-8.46625
BLOCK08/SES086/SA086S20	SES029	-1.93748	-9.883	-7.94552
BLOCK08/SES086/SA086S20	SES082	-1.32208	-9.2676	-7.94552
BLOCK08/SES086/SA086S20	SES087	-0.098031	-8.04355	-7.94552
BLOCK08/SES086/SA086S20	SES206	-0.612633	-8.55815	-7.94552
BLOCK08/SES086/SA086S24	SES087	-0.10041	-9.0619	-8.9615
BLOCK08/SES086/SA086S24	SES104	-1.19397	-10.1555	-8.9615
BLOCK08/SES086/SA086S24	SES120	-0.988261	-9.94976	-8.9615
BLOCK08/SES086/SA086S24	SES206	-0.248734	-9.21023	-8.9615
BLOCK08/SES086/SA086S28	SES029	-2.11364	-9.77793	-7.66429
BLOCK08/SES086/SA086S28	SES082	-1.34891	-9.0132	-7.66429
BLOCK08/SES086/SA086S28	SES087	-0.046711	-7.711	-7.66429
BLOCK08/SES086/SA086S28	SES206	-0.46277	-8.12706	-7.66429
BLOCK08/SES089/SA089S13	SES087	-0.734799	-9.43029	-8.69549
BLOCK08/SES089/SA089S13	SES206	-1.40348	-10.099	-8.69549
BLOCK08/SES089/SA089S13	SES226	-0.908912	-9.6044	-8.69549
BLOCK08/SES089/SA089S13	SES270	-1.57091	-10.2664	-8.69549
BLOCK08/SES089/SA089S14	SES062	-1.83641	-9.78754	-7.95113
BLOCK08/SES089/SA089S14	SES087	-0.513587	-8.46472	-7.95113
BLOCK08/SES089/SA089S14	SES206	-1.79088	-9.74201	-7.95113
BLOCK08/SES089/SA089S14	SES226	-1.72042	-9.67155	-7.95113
BLOCK08/SES089/SA089S23	SES087	-0.815495	-10.5858	-9.77028
BLOCK08/SES089/SA089S23	SES206	-1.84516	-11.6154	-9.77028
BLOCK08/SES089/SA089S23	SES226	-1.7359	-11.5062	-9.77028
BLOCK08/SES089/SA089S23	SES270	-3.49082	-13.2611	-9.77028
BLOCK08/SES089/SA089S25	SES062	-0.866092	-9.55552	-8.68943
BLOCK08/SES089/SA089S25	SES087	-0.222751	-8.91218	-8.68943
BLOCK08/SES089/SA089S25	SES206	-1.59548	-10.2849	-8.68943
BLOCK08/SES089/SA089S25	SES226	-0.908886	-9.59831	-8.68943
BLOCK08/SES089/SA089S28	SES062	-0.502827	-9.0933	-8.59047
BLOCK08/SES089/SA089S28	SES087	0.281075	-8.3094	-8.59047
BLOCK08/SES089/SA089S28	SES206	-1.02471	-9.61518	-8.59047
BLOCK08/SES089/SA089S28	SES226	-0.343966	-8.93444	-8.59047
BLOCK09/SES097/SA097S11	SES099	-0.293393	-9.21952	-8.92613
BLOCK09/SES097/SA097S11	SES125	-1.70205	-10.6282	-8.92613
BLOCK09/SES097/SA097S11	SES206	-1.49731	-10.4234	-8.92613
BLOCK09/SES097/SA097S11	SES226	0.719068	-8.20706	-8.92613
BLOCK09/SES097/SA097S14	SES062	-2.31533	-10.3608	-8.04544
BLOCK09/SES097/SA097S14	SES099	-1.00091	-9.04635	-8.04544
BLOCK09/SES097/SA097S14	SES104	-0.873497	-8.91894	-8.04544
BLOCK09/SES097/SA097S14	SES206	-1.55248	-9.59792	-8.04544
BLOCK09/SES097/SA097S22	SES099	-0.0133657	-8.62418	-8.61082
BLOCK09/SES097/SA097S22	SES206	-1.61726	-10.2281	-8.61082
BLOCK09/SES097/SA097S22	SES226	-0.958428	-9.56924	-8.61082
BLOCK09/SES097/SA097S22	SES270	-0.8505	-9.46132	-8.61082
BLOCK09/SES097/SA097S26	SES099	0.316305	-8.57099	-8.8873
BLOCK09/SES097/SA097S26	SES120	-1.4832	-10.3705	-8.8873
BLOCK09/SES097/SA097S26	SES206	-1.97835	-10.8657	-8.8873
BLOCK09/SES097/SA097S26	SES226	-0.160153	-9.04745	-8.8873
BLOCK09/SES097/SA097S28	SES099	-0.152346	-7.96389	-7.81154
BLOCK09/SES097/SA097S28	SES120	-0.954381	-8.76592	-7.81154
BLOCK09/SES097/SA097S28	SES206	-1.63013	-9.44167	-7.81154
BLOCK09/SES097/SA097S28	SES226	-0.719181	-8.53072	-7.81154
BLOCK09/SES098/SA098S11	SES127	-1.14367	-8.23055	-7.08687
BLOCK09/SES098/SA098S11	SES144	-0.630919	-7.71779	-7.08687
BLOCK09/SES098/SA098S11	SES147	-0.74304	-7.82991	-7.08687
BLOCK09/SES098/SA098S11	SES148	-2.0504	-9.13727	-7.08687
BLOCK09/SES098/SA098S12	SES127	-2.22904	-10.7097	-8.48064
BLOCK09/SES098/SA098S12	SES144	-1.62393	-10.1046	-8.48064
BLOCK09/SES098/SA098S12	SES147	-1.74509	-10.2257	-8.48064
BLOCK09/SES098/SA098S12	SES189	-1.49684	-9.97748	-8.48064
BLOCK09/SES098/SA098S20	SES127	-3.34115	-11.3969	-8.05574
BLOCK09/SES098/SA098S20	SES147	-1.8993	-9.95504	-8.05574
BLOCK09/SES098/SA098S20	SES148	-4.64853	-12.7043	-8.05574
BLOCK09/SES098/SA098S20	SES292	-1.02515	-9.08088	-8.05574
BLOCK09/SES098/SA098S23	SES127	-1.96307	-9.64367	-7.6806
BLOCK09/SES098/SA098S23	SES147	-1.92003	-9.60064	-7.6806
BLOCK09/SES098/SA098S23	SES187	-0.950454	-8.63106	-7.6806
BLOCK09/SES098/SA098S23	SES292	-1.05007	-8.73068	-7.6806
BLOCK09/SES098/SA098S27	SES127	-2.70495	-10.4142	-7.70921
BLOCK09/SES098/SA098S27	SES147	-2.02542	-9.73464	-7.70921
BLOCK09/SES098/SA098S27	SES148	-3.40263	-11.1118	-7.70921
BLOCK09/SES098/SA098S27	SES292	-0.848138	-8.55735	-7.70921
BLOCK10/SES102/SA102S13	SES101	-0.616879	-9.36206	-8.74518
BLOCK10/SES102/SA102S13	SES105	-1.82758	-10.5728	-8.74518
BLOCK10/SES102/SA102S13	SES120	-2.81598	-11.5612	-8.74518
BLOCK10/SES102/SA102S13	SES158	-2.48312	-11.2283	-8.74518
BLOCK10/SES102/SA102S14	SES007	0.0609927	-6.10255	-6.16354
BLOCK10/SES102/SA102S14	SES101	-0.752797	-6.91634	-6.16354
BLOCK10/SES102/SA102S14	SES105	-0.793465	-6.95701	-6.16354
BLOCK10/SES102/SA102S14	SES147	-2.2761	-8.43964	-6.16354
BLOCK10/SES102/SA102S22	SES007	-1.31288	-8.44299	-7.13011
BLOCK10/SES102/SA102S22	SES101	-0.738525	-7.86864	-7.13011
BLOCK10/SES102/SA102S22	SES105	-0.85719	-7.9873	-7.13011
BLOCK10/SES102/SA102S22	SES158	-2.5178	-9.64791	-7.13011
BLOCK10/SES102/SA102S25	SES007	-0.361579	-7.46321	-7.10163
BLOCK10/SES102/SA102S25	SES101	-0.311982	-7.41362	-7.10163
BLOCK10/SES102/SA102S25	SES105	-1.05594	-8.15757	-7.10163
BLOCK10/SES102/SA102S25	SES147	-2.23969	-9.34132	-7.10163
BLOCK10/SES102/SA102S27	SES007	-0.625603	-7.96703	-7.34143
BLOCK10/SES102/SA102S27	SES101	-0.0421891	-7.38362	-7.34143
BLOCK10/SES102/SA102S27	SES105	-1.73238	-9.07381	-7.34143
BLOCK10/SES102/SA102S27	SES147	-2.44936	-9.79079	-7.34143
BLOCK10/SES103/SA103S14	SES105	-2.16986	-10.6141	-8.44421
BLOCK10/SES103/SA103S14	SES106	-1.73525	-10.1795	-8.44421
BLOCK10/SES103/SA103S14	SES120	-2.34569	-10.7899	-8.44421
BLOCK10/SES103/SA103S14	SES206	-1.90678	-10.351	-8.44421
BLOCK10/SES103/SA103S15	SES099	-2.47085	-12.1281	-9.6572
BLOCK10/SES103/SA103S15	SES101	-3.62368	-13.2809	-9.6572
BLOCK10/SES103/SA103S15	SES104	-1.182	-10.8392	-9.6572
BLOCK10/SES103/SA103S15	SES125	-1.67625	-11.3334	-9.6572
BLOCK10/SES103/SA103S24	SES104	-1.18693	-9.69462	-8.50769
BLOCK10/SES103/SA103S24	SES125	-2.70436	-11.212	-8.50769
BLOCK10/SES103/SA103S24	SES148	-2.5247	-11.0324	-8.50769
BLOCK10/SES103/SA103S24	SES158	-1.60755	-10.1152	-8.50769
BLOCK10/SES103/SA103S26	SES104	-1.05305	-9.26416	-8.21111
BLOCK10/SES103/SA103S26	SES106	-1.86692	-10.078	-8.21111
BLOCK10/SES103/SA103S26	SES125	-1.39253	-9.60364	-8.21111
BLOCK10/SES103/SA103S26	SES148	-2.31345	-10.5246	-8.21111
BLOCK10/SES103/SA103S28	SES104	-0.495079	-9.1858	-8.69072
BLOCK10/SES103/SA103S28	SES106	-1.55842	-10.2491	-8.69072
BLOCK10/SES103/SA103S28	SES125	-2.18982	-10.8805	-8.69072
BLOCK10/SES103/SA103S28	SES206	-1.93909	-10.6298	-8.69072
BLOCK12/SES121/SA121S12	SES042	-1.46225	-9.94484	-8.48259
BLOCK12/SES121/SA121S12	SES087	-1.36138	-9.84397	-8.48259
BLOCK12/SES121/SA121S12	SES105	-0.565517	-9.04811	-8.48259
BLOCK12/SES121/SA121S12	SES206	-0.625853	-9.10845	-8.48259
BLOCK12/SES121/SA121S14	SES007	-2.78753	-13.0622	-10.2747
BLOCK12/SES121/SA121S14	SES105	-3.14264	-13.4173	-10.2747
BLOCK12/SES121/SA121S14	SES106	-1.29239	-11.5671	-10.2747
BLOCK12/SES121/SA121S14	SES206	-1.3568	-11.6315	-10.2747
BLOCK12/SES121/SA121S23	SES105	-2.63131	-12.4466	-9.81529
BLOCK12/SES121/SA121S23	SES106	-1.22848	-11.0438	-9.81529
BLOCK12/SES121/SA121S23	SES120	-1.92917	-11.7445	-9.81529
BLOCK12/SES121/SA121S23	SES206	-0.360588	-10.1759	-9.81529
BLOCK12/SES121/SA121S25	SES007	-2.15188	-12.4771	-10.3253
BLOCK12/SES121/SA121S25	SES105	-3.28472	-13.61	-10.3253
BLOCK12/SES121/SA121S25	SES106	-0.52439	-10.8497	-10.3253
BLOCK12/SES121/SA121S25	SES206	-1.20992	-11.5352	-10.3253
BLOCK12/SES121/SA121S27	SES087	0.204101	-9.71321	-9.91731
BLOCK12/SES121/SA121S27	SES105	-4.08261	-13.9999	-9.91731
BLOCK12/SES121/SA121S27	SES120	-0.379302	-10.2966	-9.91731
BLOCK12/SES121/SA121S27	SES206	-0.729673	-10.647	-9.91731
BLOCK12/SES124/SA124S16	SES042	0.139012	-6.70136	-6.84037
BLOCK12/SES124/SA124S16	SES082	-0.653864	-7.49424	-6.84037
BLOCK12/SES124/SA124S16	SES183	-1.32625	-8.16662	-6.84037
BLOCK12/SES124/SA124S16	SES206	-0.845629	-7.686	-6.84037
BLOCK12/SES124/SA124S17	SES105	-1.5678	-9.59452	-8.02672
BLOCK12/SES124/SA124S17	SES149	-1.07227	-9.09899	-8.02672
BLOCK12/SES124/SA124S17	SES158	-1.98213	-10.0089	-8.02672
BLOCK12/SES124/SA124S17	SES275	-1.18196	-9.20869	-8.02672
BLOCK12/SES124/SA124S23	SES105	-1.96082	-8.34122	-6.3804
BLOCK12/SES124/SA124S23	SES125	0.406696	-5.97371	-6.3804
BLOCK12/SES124/SA124S23	SES129	-1.87464	-8.25504	-6.3804
BLOCK12/SES124/SA124S23	SES158	-1.42595	-7.80635	-6.3804
BLOCK12/SES124/SA124S26	SES105	-1.96151	-9.69975	-7.73824
BLOCK12/SES124/SA124S26	SES125	-0.390169	-8.12841	-7.73824
BLOCK12/SES124/SA124S26	SES129	-1.89374	-9.63197	-7.73824
BLOCK12/SES124/SA124S26	SES158	-0.864656	-8.60289	-7.73824
BLOCK12/SES124/SA124S28	SES104	-0.449531	-7.27509	-6.82556
BLOCK12/SES124/SA124S28	SES106	-1.08006	-7.90562	-6.82556
BLOCK12/SES124/SA124S28	SES125	-0.102355	-6.92792	-6.82556
BLOCK12/SES124/SA124S28	SES275	-1.38857	-8.21413	-6.82556
BLOCK12/SES126/SA126S13	SES007	-0.71897	-8.44818	-7.72921
BLOCK12/SES126/SA126S13	SES162	-1.57361	-9.30282	-7.72921
BLOCK12/SES126/SA126S13	SES177	-0.931285	-8.6605	-7.72921
BLOCK12/SES126/SA126S13	SES180	-1.57006	-9.29928	-7.72921
BLOCK12/SES126/SA126S14	SES144	-0.703786	-7.84463	-7.14084
BLOCK12/SES126/SA126S14	SES148	-1.98381	-9.12466	-7.14084
BLOCK12/SES126/SA126S14	SES177	-0.848634	-7.98948	-7.14084
BLOCK12/SES126/SA126S14	SES180	-1.6103	-8.75114	-7.14084
BLOCK12/SES126/SA126S20	SES007	-1.10482	-7.47085	-6.36603
BLOCK12/SES126/SA126S20	SES162	-1.88018	-8.24622	-6.36603
BLOCK12/SES126/SA126S20	SES172	-1.6739	-8.03994	-6.36603
BLOCK12/SES126/SA126S20	SES180	-1.36038	-7.72642	-6.36603
BLOCK12/SES126/SA126S24	SES120	-0.185464	-7.23331	-7.04785
BLOCK12/SES126/SA126S24	SES162	-1.27038	-8.31822	-7.04785
BLOCK12/SES126/SA126S24	SES177	-0.39532	-7.44317	-7.04785
BLOCK12/SES126/SA126S24	SES180	-0.626401	-7.67425	-7.04785
BLOCK12/SES126/SA126S26	SES120	0.12153	-7.4908	-7.61233
BLOCK12/SES126/SA126S26	SES177	-0.756178	-8.3685	-7.61233
BLOCK12/SES126/SA126S26	SES180	-0.552084	-8.16441	-7.61233
BLOCK12/SES126/SA126S26	SES202	-0.941829	-8.55415	-7.61233
BLOCK12/SES128/SA128S10	SES087	-2.3657	-10.2052	-7.83947
BLOCK12/SES128/SA128S10	SES206	-0.980454	-8.81992	-7.83947
BLOCK12/SES128/SA128S10	SES226	-0.202311	-8.04178	-7.83947
BLOCK12/SES128/SA128S10	SES270	-0.457602	-8.29707	-7.83947
BLOCK12/SES128/SA128S12	SES120	-0.457579	-8.20982	-7.75225
BLOCK12/SES128/SA128S12	SES158	-0.702715	-8.45496	-7.75225
BLOCK12/SES128/SA128S12	SES206	-0.438884	-8.19113	-7.75225
BLOCK12/SES128/SA128S12	SES226	-1.58491	-9.33715	-7.75225
BLOCK12/SES128/SA128S21	SES106	-1.22024	-8.93383	-7.71359
BLOCK12/SES128/SA128S21	SES120	-0.934899	-8.64849	-7.71359
BLOCK12/SES128/SA128S21	SES206	-0.78205	-8.49564	-7.71359
BLOCK12/SES128/SA128S21	SES226	-0.0463433	-7.75993	-7.71359
BLOCK12/SES128/SA128S24	SES087	-1.31135	-9.63657	-8.32522
BLOCK12/SES128/SA128S24	SES120	-0.589841	-8.91506	-8.32522
BLOCK12/SES128/SA128S24	SES206	-0.347135	-8.67235	-8.32522
BLOCK12/SES128/SA128S24	SES226	-1.48482	-9.81004	-8.32522
BLOCK12/SES128/SA128S27	SES099	-0.160391	-7.22443	-7.06404
BLOCK12/SES128/SA128S27	SES120	-0.148862	-7.2129	-7.06404
BLOCK12/SES128/SA128S27	SES206	-0.989395	-8.05343	-7.06404
BLOCK12/SES128/SA128S27	SES226	-0.974271	-8.03831	-7.06404
BLOCK13/SES130/SA130S13	SES143	-0.408829	-9.23505	-8.82622
BLOCK13/SES130/SA130S13	SES144	0.342387	-8.48383	-8.82622
BLOCK13/SES130/SA130S13	SES146	-2.06786	-10.8941	-8.82622
BLOCK13/SES130/SA130S13	SES275	-2.53044	-11.3567	-8.82622
BLOCK13/SES130/SA130S15	SES143	-0.749483	-7.99126	-7.24178
BLOCK13/SES130/SA130S15	SES144	0.306194	-6.93558	-7.24178
BLOCK13/SES130/SA130S15	SES146	-0.655711	-7.89749	-7.24178
BLOCK13/SES130/SA130S15	SES275	-0.998677	-8.24045	-7.24178
BLOCK13/SES130/SA130S23	SES127	-0.854087	-8.84765	-7.99356
BLOCK13/SES130/SA130S23	SES144	-0.11575	-8.10931	-7.99356
BLOCK13/SES130/SA130S23	SES146	-1.0328	-9.02636	-7.99356
BLOCK13/SES130/SA130S23	SES162	-0.772506	-8.76607	-7.99356
BLOCK13/SES130/SA130S25	SES127	-0.782936	-7.31922	-6.53629
BLOCK13/SES130/SA130S25	SES144	-0.23774	-6.77403	-6.53629
BLOCK13/SES130/SA130S25	SES146	-0.996866	-7.53315	-6.53629
BLOCK13/SES130/SA130S25	SES275	-1.34324	-7.87952	-6.53629
BLOCK13/SES130/SA130S28	SES127	-0.259596	-8.30956	-8.04997
BLOCK13/SES130/SA130S28	SES144	-0.738925	-8.78889	-8.04997
BLOCK13/SES130/SA130S28	SES146	-0.24767	-8.29764	-8.04997
BLOCK13/SES130/SA130S28	SES275	-0.827902	-8.87787	-8.04997
BLOCK13/SES131/SA131S13	SES002	-1.34996	-9.95464	-8.60468
BLOCK13/SES131/SA131S13	SES007	-1.3839	-9.98858	-8.60468
BLOCK13/SES131/SA131S13	SES099	-0.206411	-8.81109	-8.60468
BLOCK13/SES131/SA131S13	SES105	-1.42433	-10.029	-8.60468
BLOCK13/SES131/SA131S14	SES104	-0.54471	-6.87938	-6.33467
BLOCK13/SES131/SA131S14	SES106	-2.31025	-8.64492	-6.33467
BLOCK13/SES131/SA131S14	SES125	-1.33341	-7.66808	-6.33467
BLOCK13/SES131/SA131S14	SES148	-0.14437	-6.47904	-6.33467
BLOCK13/SES131/SA131S20	SES104	-0.981505	-9.62074	-8.63923
BLOCK13/SES131/SA131S20	SES106	-1.97462	-10.6139	-8.63923
BLOCK13/SES131/SA131S20	SES125	-1.44222	-10.0815	-8.63923
BLOCK13/SES131/SA131S20	SES148	-1.93344	-10.5727	-8.63923
BLOCK13/SES131/SA131S22	SES099	-0.318105	-7.33596	-7.01785
BLOCK13/SES131/SA131S22	SES104	-0.758924	-7.77678	-7.01785
BLOCK13/SES131/SA131S22	SES125	-0.485746	-7.5036	-7.01785
BLOCK13/SES131/SA131S22	SES206	-0.852509	-7.87036	-7.01785
BLOCK13/SES131/SA131S29	SES087	-1.59944	-10.2271	-8.62769
BLOCK13/SES131/SA131S29	SES104	-1.91421	-10.5419	-8.62769
BLOCK13/SES131/SA131S29	SES125	-3.41722	-12.0449	-8.62769
BLOCK13/SES131/SA131S29	SES206	-2.05872	-10.6864	-8.62769
BLOCK13/SES132/SA132S11	SES083	-1.84988	-9.25896	-7.40908
BLOCK13/SES132/SA132S11	SES120	-0.214679	-7.62376	-7.40908
BLOCK13/SES132/SA132S11	SES127	-2.35193	-9.76101	-7.40908
BLOCK13/SES132/SA132S11	SES275	-1.52057	-8.92965	-7.40908
BLOCK13/SES132/SA132S12	SES083	-1.73446	-8.95005	-7.21559
BLOCK13/SES132/SA132S12	SES143	-2.21556	-9.43115	-7.21559
BLOCK13/SES132/SA132S12	SES144	-0.969527	-8.18512	-7.21559
BLOCK13/SES132/SA132S12	SES148	-1.27696	-8.49255	-7.21559
BLOCK13/SES132/SA132S22	SES062	-0.780108	-8.28421	-7.5041
BLOCK13/SES132/SA132S22	SES083	-2.14653	-9.65063	-7.5041
BLOCK13/SES132/SA132S22	SES127	-2.07544	-9.57953	-7.5041
BLOCK13/SES132/SA132S22	SES275	-1.0519	-8.55599	-7.5041
BLOCK13/SES132/SA132S24	SES007	-0.754705	-7.58769	-6.83298
BLOCK13/SES132/SA132S24	SES083	-2.0169	-8.84989	-6.83298
BLOCK13/SES132/SA132S24	SES127	-2.60026	-9.43324	-6.83298
BLOCK13/SES132/SA132S24	SES275	-1.23641	-8.0694	-6.83298
BLOCK13/SES132/SA132S27	SES083	-2.2661	-10.6875	-8.42139
BLOCK13/SES132/SA132S27	SES120	0.34955	-8.07184	-8.42139
BLOCK13/SES132/SA132S27	SES127	-4.34365	-12.765	-8.42139
BLOCK13/SES132/SA132S27	SES275	-1.76232	-10.1837	-8.42139
BLOCK14/SES141/SA141S09	SES143	-1.08779	-7.86214	-6.77436
BLOCK14/SES141/SA141S09	SES144	-0.503928	-7.27829	-6.77436
BLOCK14/SES141/SA141S09	SES162	-1.2571	-8.03146	-6.77436
BLOCK14/SES141/SA141S09	SES180	-0.850802	-7.62516	-6.77436
BLOCK14/SES141/SA141S15	SES127	-1.79974	-9.56222	-7.76248
BLOCK14/SES141/SA141S15	SES144	-0.99206	-8.75454	-7.76248
BLOCK14/SES141/SA141S15	SES162	-1.93407	-9.69654	-7.76248
BLOCK14/SES141/SA141S15	SES180	-1.11833	-8.88081	-7.76248
BLOCK14/SES141/SA141S24	SES127	-1.97459	-9.21175	-7.23716
BLOCK14/SES141/SA141S24	SES144	-1.33538	-8.57254	-7.23716
BLOCK14/SES141/SA141S24	SES162	-2.26394	-9.5011	-7.23716
BLOCK14/SES141/SA141S24	SES183	-1.59244	-8.8296	-7.23716
BLOCK14/SES141/SA141S26	SES142	-0.141586	-8.36064	-8.21906
BLOCK14/SES141/SA141S26	SES144	-1.17244	-9.3915	-8.21906
BLOCK14/SES141/SA141S26	SES172	-0.809013	-9.02807	-8.21906
BLOCK14/SES141/SA141S26	SES180	-1.05358	-9.27263	-8.21906
BLOCK14/SES141/SA141S29	SES127	-0.757095	-7.94363	-7.18654
BLOCK14/SES141/SA141S29	SES142	0.189045	-6.99749	-7.18654
BLOCK14/SES141/SA141S29	SES144	-0.310035	-7.49657	-7.18654
BLOCK14/SES141/SA141S29	SES180	-0.393119	-7.57965	-7.18654
BLOCK15/SES157/SA157S08	SES083	-0.877897	-8.02512	-7.14722
BLOCK15/SES157/SA157S08	SES127	-1.21715	-8.36437	-7.14722
BLOCK15/SES157/SA157S08	SES148	-0.377444	-7.52466	-7.14722
BLOCK15/SES157/SA157S08	SES292	-1.22397	-8.37119	-7.14722
BLOCK15/SES157/SA157S11	SES083	-1.25672	-9.07216	-7.81544
BLOCK15/SES157/SA157S11	SES127	-0.979092	-8.79453	-7.81544
BLOCK15/SES157/SA157S11	SES148	-1.73515	-9.55059	-7.81544
BLOCK15/SES157/SA157S11	SES292	-1.95731	-9.77275	-7.81544
BLOCK15/SES157/SA157S21	SES127	-0.023828	-6.94451	-6.92068
BLOCK15/SES157/SA157S21	SES148	-0.0651035	-6.98578	-6.92068
BLOCK15/SES157/SA157S21	SES158	-3.71694	-10.6376	-6.92068
BLOCK15/SES157/SA157S21	SES292	-1.32879	-8.24947	-6.92068
BLOCK15/SES157/SA157S24	SES127	-0.556896	-8.74822	-8.19132
BLOCK15/SES157/SA157S24	SES148	-0.654575	-8.8459	-8.19132
BLOCK15/SES157/SA157S24	SES183	-0.857326	-9.04865	-8.19132
BLOCK15/SES157/SA157S24	SES292	-1.46916	-9.66048	-8.19132
BLOCK15/SES157/SA157S26	SES007	-1.13954	-8.35612	-7.21658
BLOCK15/SES157/SA157S26	SES127	-0.609624	-7.82621	-7.21658
BLOCK15/SES157/SA157S26	SES147	-1.08634	-8.30292	-7.21658
BLOCK15/SES157/SA157S26	SES148	-1.22422	-8.4408	-7.21658
BLOCK16/SES161/SA161S10	SES007	-0.736587	-8.37273	-7.63614
BLOCK16/SES161/SA161S10	SES105	-0.950494	-8.58664	-7.63614
BLOCK16/SES161/SA161S10	SES158	-1.6286	-9.26474	-7.63614
BLOCK16/SES161/SA161S10	SES275	-0.611664	-8.24781	-7.63614
BLOCK16/SES161/SA161S12	SES007	-2.8114	-11.5998	-8.78844
BLOCK16/SES161/SA161S12	SES105	-2.46675	-11.2552	-8.78844
BLOCK16/SES161/SA161S12	SES158	-1.55804	-10.3465	-8.78844
BLOCK16/SES161/SA161S12	SES275	-3.22587	-12.0143	-8.78844
BLOCK16/SES161/SA161S20	SES007	-0.968275	-10.0628	-9.09452
BLOCK16/SES161/SA161S20	SES105	-2.2639	-11.3584	-9.09452
BLOCK16/SES161/SA161S20	SES158	-0.239573	-9.33409	-9.09452
BLOCK16/SES161/SA161S20	SES275	-2.05867	-11.1532	-9.09452
BLOCK16/SES161/SA161S23	SES007	-3.53124	-12.2844	-8.7532
BLOCK16/SES161/SA161S23	SES105	-1.56078	-10.314	-8.7532
BLOCK16/SES161/SA161S23	SES148	-2.55154	-11.3047	-8.7532
BLOCK16/SES161/SA161S23	SES158	-2.88217	-11.6354	-8.7532
BLOCK16/SES161/SA161S28	SES007	-1.60281	-9.72533	-8.12253
BLOCK16/SES161/SA161S28	SES105	-2.42914	-10.5517	-8.12253
BLOCK16/SES161/SA161S28	SES158	-0.552635	-8.67516	-8.12253
BLOCK16/SES161/SA161S28	SES206	-1.02291	-9.14544	-8.12253
BLOCK16/SES164/SA164S11	SES104	-1.49097	-9.41017	-7.9192
BLOCK16/SES164/SA164S11	SES125	-0.330859	-8.25006	-7.9192
BLOCK16/SES164/SA164S11	SES158	-1.53053	-9.44973	-7.9192
BLOCK16/SES164/SA164S11	SES206	-2.31081	-10.23	-7.9192
BLOCK16/SES164/SA164S13	SES099	-1.78339	-10.1922	-8.40878
BLOCK16/SES164/SA164S13	SES104	-0.606543	-9.01532	-8.40878
BLOCK16/SES164/SA164S13	SES125	-1.26021	-9.66899	-8.40878
BLOCK16/SES164/SA164S13	SES206	-1.69559	-10.1044	-8.40878
BLOCK16/SES164/SA164S24	SES002	0.0920358	-7.80118	-7.89322
BLOCK16/SES164/SA164S24	SES099	-0.902787	-8.796	-7.89322
BLOCK16/SES164/SA164S24	SES125	-0.943777	-8.83699	-7.89322
BLOCK16/SES164/SA164S24	SES226	0.665288	-7.22793	-7.89322
BLOCK16/SES164/SA164S27	SES087	-2.62725	-11.1609	-8.53369
BLOCK16/SES164/SA164S27	SES125	-0.82857	-9.36226	-8.53369
BLOCK16/SES164/SA164S27	SES206	-1.6022	-10.1359	-8.53369
BLOCK16/SES164/SA164S27	SES226	-0.194925	-8.72862	-8.53369
BLOCK16/SES164/SA164S29	SES002	-0.0333548	-8.27924	-8.24588
BLOCK16/SES164/SA164S29	SES019	-1.50451	-9.75039	-8.24588
BLOCK16/SES164/SA164S29	SES125	-0.66014	-8.90602	-8.24588
BLOCK16/SES164/SA164S29	SES226	-0.212715	-8.4586	-8.24588
BLOCK16/SES169/SA169S13	SES117	-1.38463	-9.08429	-7.69966
BLOCK16/SES169/SA169S13	SES144	-0.619251	-8.31891	-7.69966
BLOCK16/SES169/SA169S13	SES146	-0.579433	-8.27909	-7.69966
BLOCK16/SES169/SA169S13	SES162	-1.399	-9.09866	-7.69966
BLOCK16/SES169/SA169S14	SES144	-0.726091	-7.16929	-6.4432
BLOCK16/SES169/SA169S14	SES148	-0.452919	-6.89612	-6.4432
BLOCK16/SES169/SA169S14	SES177	-0.471475	-6.91467	-6.4432
BLOCK16/SES169/SA169S14	SES180	-0.669626	-7.11282	-6.4432
BLOCK16/SES169/SA169S24	SES117	-1.05902	-9.42039	-8.36137
BLOCK16/SES169/SA169S24	SES144	-0.783342	-9.14471	-8.36137
BLOCK16/SES169/SA169S24	SES146	-1.09979	-9.46115	-8.36137
BLOCK16/SES169/SA169S24	SES162	-1.17739	-9.53876	-8.36137
BLOCK16/SES169/SA169S27	SES127	-0.699673	-8.32067	-7.62099
BLOCK16/SES169/SA169S27	SES129	-0.639846	-8.26084	-7.62099
BLOCK16/SES169/SA169S27	SES144	-0.55301	-8.174	-7.62099
BLOCK16/SES169/SA169S27	SES146	-0.536624	-8.15762	-7.62099
BLOCK16/SES169/SA169S29	SES144	-0.0841413	-6.66405	-6.57991
BLOCK16/SES169/SA169S29	SES162	-0.427943	-7.00785	-6.57991
BLOCK16/SES169/SA169S29	SES177	-1.09958	-7.67949	-6.57991
BLOCK16/SES169/SA169S29	SES180	-1.13306	-7.71297	-6.57991
BLOCK17/SES171/SA171S12	SES083	-0.711443	-9.47673	-8.76528
BLOCK17/SES171/SA171S12	SES148	-2.6254	-11.3907	-8.76528
BLOCK17/SES171/SA171S12	SES172	-1.32531	-10.0906	-8.76528
BLOCK17/SES171/SA171S12	SES292	-2.4962	-11.2615	-8.76528
BLOCK17/SES171/SA171S15	SES148	-1.22034	-9.27186	-8.05152
BLOCK17/SES171/SA171S15	SES177	-0.987319	-9.03884	-8.05152
BLOCK17/SES171/SA171S15	SES180	-2.86826	-10.9198	-8.05152
BLOCK17/SES171/SA171S15	SES292	-1.58522	-9.63674	-8.05152
BLOCK17/SES171/SA171S22	SES007	-0.997332	-7.37885	-6.38152
BLOCK17/SES171/SA171S22	SES148	-0.496847	-6.87837	-6.38152
BLOCK17/SES171/SA171S22	SES177	-0.31391	-6.69543	-6.38152
BLOCK17/SES171/SA171S22	SES180	-1.84101	-8.22253	-6.38152
BLOCK17/SES171/SA171S25	SES101	-1.60407	-9.66585	-8.06179
BLOCK17/SES171/SA171S25	SES120	-3.68358	-11.7454	-8.06179
BLOCK17/SES171/SA171S25	SES177	-1.06387	-9.12566	-8.06179
BLOCK17/SES171/SA171S25	SES180	-2.05833	-10.1201	-8.06179
BLOCK17/SES171/SA171S27	SES177	-0.815542	-9.08958	-8.27404
BLOCK17/SES171/SA171S27	SES180	-2.83877	-11.1128	-8.27404
BLOCK17/SES171/SA171S27	SES189	-0.726274	-9.00031	-8.27404
BLOCK17/SES171/SA171S27	SES292	-2.91858	-11.1926	-8.27404
BLOCK17/SES173/SA173S13	SES162	-2.77298	-10.3181	-7.54515
BLOCK17/SES173/SA173S13	SES177	-1.07839	-8.62355	-7.54515
BLOCK17/SES173/SA173S13	SES180	-1.63482	-9.17997	-7.54515
BLOCK17/SES173/SA173S13	SES292	-0.0450974	-7.59025	-7.54515
BLOCK17/SES173/SA173S14	SES007	-0.983598	-8.29987	-7.31627
BLOCK17/SES173/SA173S14	SES162	-2.72201	-10.0383	-7.31627
BLOCK17/SES173/SA173S14	SES177	-1.61906	-8.93533	-7.31627
BLOCK17/SES173/SA173S14	SES180	-2.29424	-9.61051	-7.31627
BLOCK17/SES173/SA173S24	SES144	-1.69155	-9.58349	-7.89194
BLOCK17/SES173/SA173S24	SES162	-2.61621	-10.5081	-7.89194
BLOCK17/SES173/SA173S24	SES177	-0.698698	-8.59063	-7.89194
BLOCK17/SES173/SA173S24	SES180	-2.64394	-10.5359	-7.89194
BLOCK17/SES173/SA173S27	SES162	-4.47922	-11.9456	-7.46639
BLOCK17/SES173/SA173S27	SES177	-1.53069	-8.99709	-7.46639
BLOCK17/SES173/SA173S27	SES180	-1.72172	-9.18811	-7.46639
BLOCK17/SES173/SA173S27	SES292	-0.335295	-7.80169	-7.46639
BLOCK17/SES173/SA173S29	SES162	-1.93488	-9.98082	-8.04594
BLOCK17/SES173/SA173S29	SES175	-0.831801	-8.87774	-8.04594
BLOCK17/SES173/SA173S29	SES177	-0.851999	-8.89794	-8.04594
BLOCK17/SES173/SA173S29	SES292	-1.07578	-9.12172	-8.04594
BLOCK18/SES182/SA182S10	SES144	-1.35714	-8.32709	-6.96995
BLOCK18/SES182/SA182S10	SES177	-1.19069	-8.16064	-6.96995
BLOCK18/SES182/SA182S10	SES180	-2.42388	-9.39384	-6.96995
BLOCK18/SES182/SA182S10	SES275	-0.611738	-7.58169	-6.96995
BLOCK18/SES182/SA182S12	SES144	-0.848329	-7.68545	-6.83712
BLOCK18/SES182/SA182S12	SES177	-0.914813	-7.75193	-6.83712
BLOCK18/SES182/SA182S12	SES180	-2.32987	-9.16699	-6.83712
BLOCK18/SES182/SA182S12	SES275	-0.668598	-7.50572	-6.83712
BLOCK18/SES182/SA182S21	SES117	-1.70067	-10.0491	-8.34847
BLOCK18/SES182/SA182S21	SES144	-1.13749	-9.48596	-8.34847
BLOCK18/SES182/SA182S21	SES162	-1.64532	-9.99379	-8.34847
BLOCK18/SES182/SA182S21	SES180	-2.78532	-11.1338	-8.34847
BLOCK18/SES182/SA182S23	SES117	-1.92469	-10.1969	-8.27217
BLOCK18/SES182/SA182S23	SES144	-2.15522	-10.4274	-8.27217
BLOCK18/SES182/SA182S23	SES180	-4.2766	-12.5488	-8.27217
BLOCK18/SES182/SA182S23	SES275	-1.65253	-9.92471	-8.27217
BLOCK18/SES182/SA182S25	SES007	-0.134009	-8.02616	-7.89215
BLOCK18/SES182/SA182S25	SES162	-1.36312	-9.25527	-7.89215
BLOCK18/SES182/SA182S25	SES177	-0.526041	-8.41819	-7.89215
BLOCK18/SES182/SA182S25	SES180	-2.40539	-10.2975	-7.89215
BLOCK18/SES184/SA184S12	SES177	-1.58889	-8.80101	-7.21212
BLOCK18/SES184/SA184S12	SES180	-0.453335	-7.66546	-7.21212
BLOCK18/SES184/SA184S12	SES189	-1.81367	-9.02579	-7.21212
BLOCK18/SES184/SA184S12	SES292	-0.346015	-7.55814	-7.21212
BLOCK18/SES184/SA184S13	SES101	-0.965286	-8.54849	-7.5832
BLOCK18/SES184/SA184S13	SES177	-0.816041	-8.39925	-7.5832
BLOCK18/SES184/SA184S13	SES180	-0.895046	-8.47825	-7.5832
BLOCK18/SES184/SA184S13	SES292	-1.02639	-8.60959	-7.5832
BLOCK18/SES184/SA184S22	SES177	-1.26454	-9.04068	-7.77614
BLOCK18/SES184/SA184S22	SES180	-0.373041	-8.14918	-7.77614
BLOCK18/SES184/SA184S22	SES189	-1.24277	-9.01891	-7.77614
BLOCK18/SES184/SA184S22	SES292	-0.921813	-8.69796	-7.77614
BLOCK18/SES184/SA184S25	SES101	-0.811749	-8.24503	-7.43328
BLOCK18/SES184/SA184S25	SES177	-1.1111	-8.54438	-7.43328
BLOCK18/SES184/SA184S25	SES180	-0.36024	-7.79352	-7.43328
BLOCK18/SES184/SA184S25	SES292	-0.653398	-8.08668	-7.43328
BLOCK18/SES184/SA184S27	SES083	-0.887997	-8.37108	-7.48308
BLOCK18/SES184/SA184S27	SES177	-0.736927	-8.22001	-7.48308
BLOCK18/SES184/SA184S27	SES202	-0.812444	-8.29553	-7.48308
BLOCK18/SES184/SA184S27	SES292	-0.865244	-8.34833	-7.48308
BLOCK20/SES204/SA204S12	SES062	-0.930851	-7.86006	-6.9292
BLOCK20/SES204/SA204S12	SES083	-1.95439	-8.8836	-6.9292
BLOCK20/SES204/SA204S12	SES206	-0.82205	-7.75125	-6.9292
BLOCK20/SES204/SA204S12	SES226	-0.973845	-7.90305	-6.9292
BLOCK20/SES204/SA204S14	SES068	-0.620581	-6.80233	-6.18175
BLOCK20/SES204/SA204S14	SES087	-0.3143	-6.49605	-6.18175
BLOCK20/SES204/SA204S14	SES206	-1.31285	-7.4946	-6.18175
BLOCK20/SES204/SA204S14	SES226	-1.33111	-7.51286	-6.18175
BLOCK20/SES204/SA204S22	SES068	-0.813587	-7.7232	-6.90962
BLOCK20/SES204/SA204S22	SES082	-1.084	-7.99361	-6.90962
BLOCK20/SES204/SA204S22	SES083	-2.40301	-9.31263	-6.90962
BLOCK20/SES204/SA204S22	SES206	-0.665238	-7.57485	-6.90962
BLOCK20/SES204/SA204S25	SES062	-0.938585	-7.58758	-6.64899
BLOCK20/SES204/SA204S25	SES083	-2.32772	-8.97671	-6.64899
BLOCK20/SES204/SA204S25	SES206	-0.570317	-7.21931	-6.64899
BLOCK20/SES204/SA204S25	SES226	-1.01513	-7.66412	-6.64899
BLOCK20/SES204/SA204S27	SES068	-0.594044	-8.23552	-7.64148
BLOCK20/SES204/SA204S27	SES082	-1.66527	-9.30674	-7.64148
BLOCK20/SES204/SA204S27	SES087	-0.168596	-7.81007	-7.64148
BLOCK20/SES204/SA204S27	SES206	-1.53758	-9.17905	-7.64148
BLOCK20/SES207/SA207S10	SES127	-2.14695	-9.22642	-7.07947
BLOCK20/SES207/SA207S10	SES183	-1.46065	-8.54012	-7.07947
BLOCK20/SES207/SA207S10	SES189	-1.02089	-8.10036	-7.07947
BLOCK20/SES207/SA207S10	SES292	-1.57992	-8.65939	-7.07947
BLOCK20/SES207/SA207S11	SES127	-1.83994	-10.1219	-8.28199
BLOCK20/SES207/SA207S11	SES183	-1.6047	-9.88669	-8.28199
BLOCK20/SES207/SA207S11	SES187	-0.997937	-9.27993	-8.28199
BLOCK20/SES207/SA207S11	SES292	-0.380845	-8.66284	-8.28199
BLOCK20/SES207/SA207S25	SES068	-0.799534	-9.15816	-8.35863
BLOCK20/SES207/SA207S25	SES083	-1.78778	-10.1464	-8.35863
BLOCK20/SES207/SA207S25	SES127	-0.59014	-8.94877	-8.35863
BLOCK20/SES207/SA207S25	SES187	-0.755791	-9.11442	-8.35863
BLOCK20/SES207/SA207S27	SES127	-1.73075	-9.728	-7.99724
BLOCK20/SES207/SA207S27	SES183	-1.52274	-9.51999	-7.99724
BLOCK20/SES207/SA207S27	SES187	-0.989185	-8.98643	-7.99724
BLOCK20/SES207/SA207S27	SES292	-1.54134	-9.53858	-7.99724
BLOCK20/SES207/SA207S29	SES083	-2.38588	-10.0221	-7.63619
BLOCK20/SES207/SA207S29	SES085	-1.25903	-8.89522	-7.63619
BLOCK20/SES207/SA207S29	SES172	-0.715415	-8.3516	-7.63619
BLOCK20/SES207/SA207S29	SES189	-2.04503	-9.68122	-7.63619
BLOCK22/SES221/SA221S12	SES068	-0.239282	-6.91951	-6.68022
BLOCK22/SES221/SA221S12	SES143	-1.65223	-8.33245	-6.68022
BLOCK22/SES221/SA221S12	SES175	-0.483301	-7.16353	-6.68022
BLOCK22/SES221/SA221S12	SES202	-0.85241	-7.53263	-6.68022
BLOCK22/SES221/SA221S15	SES085	-0.152123	-7.2272	-7.07508
BLOCK22/SES221/SA221S15	SES143	-1.27734	-8.35242	-7.07508
BLOCK22/SES221/SA221S15	SES175	-0.520976	-7.59605	-7.07508
BLOCK22/SES221/SA221S15	SES187	-1.04158	-8.11665	-7.07508
BLOCK22/SES221/SA221S23	SES068	0.145241	-6.83433	-6.97957
BLOCK22/SES221/SA221S23	SES143	-1.27947	-8.25904	-6.97957
BLOCK22/SES221/SA221S23	SES175	-0.963096	-7.94267	-6.97957
BLOCK22/SES221/SA221S23	SES189	-1.42979	-8.40936	-6.97957
BLOCK22/SES221/SA221S27	SES085	0.418073	-7.17984	-7.59791
BLOCK22/SES221/SA221S27	SES143	-1.26665	-8.86456	-7.59791
BLOCK22/SES221/SA221S27	SES175	-1.01015	-8.60806	-7.59791
BLOCK22/SES221/SA221S27	SES189	-1.0563	-8.65421	-7.59791
BLOCK22/SES221/SA221S29	SES085	0.168533	-6.81149	-6.98002
BLOCK22/SES221/SA221S29	SES143	-0.929473	-7.90949	-6.98002
BLOCK22/SES221/SA221S29	SES175	-0.277115	-7.25713	-6.98002
BLOCK22/SES221/SA221S29	SES187	-1.11171	-8.09173	-6.98002
BLOCK22/SES223/SA223S11	SES143	-1.11932	-8.68105	-7.56173
BLOCK22/SES223/SA223S11	SES144	-1.81722	-9.37895	-7.56173
BLOCK22/SES223/SA223S11	SES175	-0.683468	-8.2452	-7.56173
BLOCK22/SES223/SA223S11	SES187	-1.31335	-8.87508	-7.56173
BLOCK22/SES223/SA223S13	SES068	-0.0144119	-7.51477	-7.50036
BLOCK22/SES223/SA223S13	SES143	-1.51574	-9.01611	-7.50036
BLOCK22/SES223/SA223S13	SES146	-1.18989	-8.69025	-7.50036
BLOCK22/SES223/SA223S13	SES202	-1.11498	-8.61534	-7.50036
BLOCK22/SES223/SA223S22	SES143	-0.381749	-7.74107	-7.35932
BLOCK22/SES223/SA223S22	SES144	-1.60342	-8.96275	-7.35932
BLOCK22/SES223/SA223S22	SES175	-0.348329	-7.70765	-7.35932
BLOCK22/SES223/SA223S22	SES187	-1.14862	-8.50794	-7.35932
BLOCK22/SES223/SA223S25	SES068	-0.707728	-8.06201	-7.35428
BLOCK22/SES223/SA223S25	SES143	-1.10292	-8.4572	-7.35428
BLOCK22/SES223/SA223S25	SES175	-0.605085	-7.95937	-7.35428
BLOCK22/SES223/SA223S25	SES187	-1.30324	-8.65752	-7.35428
BLOCK22/SES223/SA223S27	SES143	-0.476701	-8.53089	-8.05419
BLOCK22/SES223/SA223S27	SES146	-1.57272	-9.62691	-8.05419
BLOCK22/SES223/SA223S27	SES187	-1.17003	-9.22422	-8.05419
BLOCK22/SES223/SA223S27	SES292	-0.527689	-8.58188	-8.05419
BLOCK27/SES273/SA273S12	SES099	-0.216118	-7.55291	-7.33679
BLOCK27/SES273/SA273S12	SES104	0.0564408	-7.28035	-7.33679
BLOCK27/SES273/SA273S12	SES125	-0.474345	-7.81113	-7.33679
BLOCK27/SES273/SA273S12	SES206	-0.179325	-7.51611	-7.33679
BLOCK27/SES273/SA273S13	SES099	-1.07367	-7.86274	-6.78907
BLOCK27/SES273/SA273S13	SES104	-0.197241	-6.98631	-6.78907
BLOCK27/SES273/SA273S13	SES206	-1.24071	-8.02978	-6.78907
BLOCK27/SES273/SA273S13	SES292	-1.02525	-7.81431	-6.78907
BLOCK27/SES273/SA273S21	SES099	-0.75155	-8.42558	-7.67403
BLOCK27/SES273/SA273S21	SES148	-2.06767	-9.7417	-7.67403
BLOCK27/SES273/SA273S21	SES149	-1.97719	-9.65122	-7.67403
BLOCK27/SES273/SA273S21	SES177	-1.95049	-9.62452	-7.67403
BLOCK27/SES273/SA273S25	SES104	0.0674367	-7.96588	-8.03331
BLOCK27/SES273/SA273S25	SES125	-0.648321	-8.68163	-8.03331
BLOCK27/SES273/SA273S25	SES158	-0.022747	-8.05606	-8.03331
BLOCK27/SES273/SA273S25	SES206	-0.60805	-8.64136	-8.03331
BLOCK27/SES273/SA273S27	SES099	-0.645422	-6.97804	-6.33261
BLOCK27/SES273/SA273S27	SES104	-0.676857	-7.00947	-6.33261
BLOCK27/SES273/SA273S27	SES149	-1.30771	-7.64033	-6.33261
BLOCK27/SES273/SA273S27	SES275	-1.1884	-7.52101	-6.33261
BLOCK27/SES274/SA274S10	SES105	-1.84893	-8.42136	-6.57243
BLOCK27/SES274/SA274S10	SES125	-1.7247	-8.29713	-6.57243
BLOCK27/SES274/SA274S10	SES129	-0.00344086	-6.57587	-6.57243
BLOCK27/SES274/SA274S10	SES158	-4.08479	-10.6572	-6.57243
BLOCK27/SES274/SA274S11	SES105	-1.12064	-7.72227	-6.60163
BLOCK27/SES274/SA274S11	SES149	-0.546883	-7.14851	-6.60163
BLOCK27/SES274/SA274S11	SES158	-1.4683	-8.06993	-6.60163
BLOCK27/SES274/SA274S11	SES275	-0.181642	-6.78327	-6.60163
BLOCK27/SES274/SA274S21	SES105	-1.26496	-7.9763	-6.71134
BLOCK27/SES274/SA274S21	SES129	-0.210461	-6.9218	-6.71134
BLOCK27/SES274/SA274S21	SES149	-1.78151	-8.49285	-6.71134
BLOCK27/SES274/SA274S21	SES158	-3.57554	-10.2869	-6.71134
BLOCK27/SES274/SA274S24	SES105	-1.88297	-9.40639	-7.52342
BLOCK27/SES274/SA274S24	SES129	0.118728	-7.40469	-7.52342
BLOCK27/SES274/SA274S24	SES149	-2.43658	-9.96	-7.52342
BLOCK27/SES274/SA274S24	SES158	-4.67492	-12.1983	-7.52342
BLOCK27/SES274/SA274S29	SES105	-1.57617	-8.73851	-7.16234
BLOCK27/SES274/SA274S29	SES106	-1.61352	-8.77586	-7.16234
BLOCK27/SES274/SA274S29	SES120	-0.859518	-8.02186	-7.16234
BLOCK27/SES274/SA274S29	SES275	-0.624667	-7.78701	-7.16234
BLOCK27/SES276/SA276S16	SES148	-0.613787	-7.50756	-6.89377
BLOCK27/SES276/SA276S16	SES172	0.0193443	-6.87443	-6.89377
BLOCK27/SES276/SA276S16	SES180	-0.767664	-7.66143	-6.89377
BLOCK27/SES276/SA276S16	SES292	-0.638372	-7.53214	-6.89377
BLOCK27/SES276/SA276S17	SES101	-1.01888	-8.39838	-7.3795
BLOCK27/SES276/SA276S17	SES177	-1.73075	-9.11025	-7.3795
BLOCK27/SES276/SA276S17	SES180	-1.324	-8.7035	-7.3795
BLOCK27/SES276/SA276S17	SES292	-1.01234	-8.39184	-7.3795
BLOCK27/SES276/SA276S24	SES101	-0.62655	-7.17498	-6.54843
BLOCK27/SES276/SA276S24	SES177	-0.890811	-7.43924	-6.54843
BLOCK27/SES276/SA276S24	SES180	-1.07926	-7.62769	-6.54843
BLOCK27/SES276/SA276S24	SES292	-1.27715	-7.82558	-6.54843
BLOCK27/SES276/SA276S26	SES101	-0.734526	-7.43745	-6.70292
BLOCK27/SES276/SA276S26	SES177	-1.0211	-7.72403	-6.70292
BLOCK27/SES276/SA276S26	SES180	-0.745117	-7.44804	-6.70292
BLOCK27/SES276/SA276S26	SES292	-0.209707	-6.91263	-6.70292
BLOCK27/SES276/SA276S28	SES101	-0.553431	-7.41651	-6.86308
BLOCK27/SES276/SA276S28	SES177	-1.10325	-7.96633	-6.86308
BLOCK27/SES276/SA276S28	SES180	-0.314549	-7.17763	-6.86308
BLOCK27/SES276/SA276S28	SES292	-0.624096	-7.48718	-6.86308
BLOCK27/SES277/SA277S12	SES101	-0.31211	-8.68997	-8.37786
BLOCK27/SES277/SA277S12	SES177	-2.15834	-10.5362	-8.37786
BLOCK27/SES277/SA277S12	SES180	-1.91381	-10.2917	-8.37786
BLOCK27/SES277/SA277S12	SES292	-1.6615	-10.0394	-8.37786
BLOCK27/SES277/SA277S14	SES177	-1.04854	-9.5758	-8.52725
BLOCK27/SES277/SA277S14	SES180	-2.00151	-10.5288	-8.52725
BLOCK27/SES277/SA277S14	SES189	-0.277529	-8.80478	-8.52725
BLOCK27/SES277/SA277S14	SES292	-2.12484	-10.6521	-8.52725
BLOCK27/SES277/SA277S21	SES177	-0.638013	-9.10792	-8.46991
BLOCK27/SES277/SA277S21	SES180	-1.23879	-9.70869	-8.46991
BLOCK27/SES277/SA277S21	SES189	-0.47969	-8.9496	-8.46991
BLOCK27/SES277/SA277S21	SES292	-2.61934	-11.0892	-8.46991
BLOCK27/SES277/SA277S24	SES144	-0.81939	-9.54201	-8.72262
BLOCK27/SES277/SA277S24	SES177	-1.07623	-9.79885	-8.72262
BLOCK27/SES277/SA277S24	SES180	-2.6283	-11.3509	-8.72262
BLOCK27/SES277/SA277S24	SES189	-0.145019	-8.86764	-8.72262
BLOCK27/SES277/SA277S29	SES177	-0.578799	-6.96696	-6.38816
BLOCK27/SES277/SA277S29	SES180	-0.839401	-7.22756	-6.38816
BLOCK27/SES277/SA277S29	SES202	-0.232565	-6.62072	-6.38816
BLOCK27/SES277/SA277S29	SES292	-1.4038	-7.79196	-6.38816
BLOCK27/SES279/SA279S09	SES120	-1.12148	-7.6417	-6.52022
BLOCK27/SES279/SA279S09	SES146	-1.53054	-8.05076	-6.52022
BLOCK27/SES279/SA279S09	SES206	-0.827728	-7.34795	-6.52022
BLOCK27/SES279/SA279S09	SES226	-1.28263	-7.80285	-6.52022
BLOCK27/SES279/SA279S10	SES099	-1.46769	-8.58964	-7.12195
BLOCK27/SES279/SA279S10	SES206	-1.72107	-8.84302	-7.12195
BLOCK27/SES279/SA279S10	SES226	-2.11051	-9.23246	-7.12195
BLOCK27/SES279/SA279S10	SES292	-0.44898	-7.57093	-7.12195
BLOCK27/SES279/SA279S20	SES099	-1.79604	-9.26424	-7.4682
BLOCK27/SES279/SA279S20	SES206	-0.962377	-8.43058	-7.4682
BLOCK27/SES279/SA279S20	SES226	-2.02254	-9.49074	-7.4682
BLOCK27/SES279/SA279S20	SES292	-0.492332	-7.96053	-7.4682
BLOCK27/SES279/SA279S26	SES099	-0.677244	-8.73266	-8.05541
BLOCK27/SES279/SA279S26	SES206	-0.954142	-9.00955	-8.05541
BLOCK27/SES279/SA279S26	SES226	-1.21765	-9.27306	-8.05541
BLOCK27/SES279/SA279S26	SES292	0.110204	-7.94521	-8.05541
BLOCK27/SES279/SA279S28	SES099	-0.797696	-7.19631	-6.39862
BLOCK27/SES279/SA279S28	SES120	-1.0521	-7.45072	-6.39862
BLOCK27/SES279/SA279S28	SES177	-2.29182	-8.69044	-6.39862
BLOCK27/SES279/SA279S28	SES206	-1.09501	-7.49363	-6.39862
BLOCK29/SES290/SA290S12	SES162	-0.320969	-6.09268	-5.77171
BLOCK29/SES290/SA290S12	SES177	-0.406476	-6.17819	-5.77171
BLOCK29/SES290/SA290S12	SES180	-0.672683	-6.4444	-5.77171
BLOCK29/SES290/SA290S12	SES292	-0.856671	-6.62838	-5.77171
BLOCK29/SES290/SA290S13	SES007	-0.128257	-6.50363	-6.37538
BLOCK29/SES290/SA290S13	SES162	-1.55109	-7.92647	-6.37538
BLOCK29/SES290/SA290S13	SES177	-1.01491	-7.39029	-6.37538
BLOCK29/SES290/SA290S13	SES180	-0.4998	-6.87518	-6.37538
BLOCK29/SES290/SA290S22	SES177	-1.04192	-7.60852	-6.5666
BLOCK29/SES290/SA290S22	SES180	-0.83095	-7.39755	-6.5666
BLOCK29/SES290/SA290S22	SES202	-0.481648	-7.04824	-6.5666
BLOCK29/SES290/SA290S22	SES292	-0.597543	-7.16414	-6.5666
BLOCK29/SES290/SA290S25	SES162	-0.841624	-7.28585	-6.44423
BLOCK29/SES290/SA290S25	SES177	-0.852635	-7.29686	-6.44423
BLOCK29/SES290/SA290S25	SES180	-1.09836	-7.54259	-6.44423
BLOCK29/SES290/SA290S25	SES292	-0.629474	-7.0737	-6.44423
BLOCK29/SES290/SA290S29	SES177	-0.390883	-6.68771	-6.29682
BLOCK29/SES290/SA290S29	SES180	-0.00776434	-6.30459	-6.29682
BLOCK29/SES290/SA290S29	SES275	-0.499625	-6.79645	-6.29682
BLOCK29/SES290/SA290S29	SES292	-0.40963	-6.70645	-6.29682
BLOCK29/SES291/SA291S11	SES105	-1.65878	-9.52947	-7.87069
BLOCK29/SES291/SA291S11	SES125	-1.05951	-8.9302	-7.87069
BLOCK29/SES291/SA291S11	SES158	-0.602061	-8.47275	-7.87069
BLOCK29/SES291/SA291S11	SES275	-1.01736	-8.88805	-7.87069
BLOCK29/SES291/SA291S12	SES158	-0.0764623	-7.29341	-7.21695
BLOCK29/SES291/SA291S12	SES226	-1.37606	-8.59301	-7.21695
BLOCK29/SES291/SA291S12	SES270	-0.693228	-7.91018	-7.21695
BLOCK29/SES291/SA291S12	SES275	-2.1636	-9.38055	-7.21695
BLOCK29/SES291/SA291S22	SES082	-0.817769	-8.29895	-7.48118
BLOCK29/SES291/SA291S22	SES158	-0.490623	-7.97181	-7.48118
BLOCK29/SES291/SA291S22	SES259	-0.963698	-8.44488	-7.48118
BLOCK29/SES291/SA291S22	SES275	-1.48249	-8.96367	-7.48118
BLOCK29/SES291/SA291S24	SES104	0.0822463	-6.90694	-6.98918
BLOCK29/SES291/SA291S24	SES125	-0.427134	-7.41632	-6.98918
BLOCK29/SES291/SA291S24	SES158	-0.358886	-7.34807	-6.98918
BLOCK29/SES291/SA291S24	SES275	-1.49654	-8.48573	-6.98918
BLOCK29/SES291/SA291S27	SES158	-0.080986	-7.12581	-7.04482
BLOCK29/SES291/SA291S27	SES172	-2.17202	-9.21684	-7.04482
BLOCK29/SES291/SA291S27	SES275	-1.44733	-8.49215	-7.04482
BLOCK29/SES291/SA291S27	SES292	-0.429882	-7.4747	-7.04482
