BLOCK00/SES002/SA002S12	SES002	0.993172	-42.9748	-43.968
BLOCK00/SES002/SA002S13	SES002	0.835358	-43.2033	-44.0386
BLOCK00/SES002/SA002S23	SES002	1.05781	-43.015	-44.0728
BLOCK00/SES002/SA002S26	SES002	0.74696	-43.2483	-43.9953
BLOCK00/SES002/SA002S28	SES002	0.736744	-42.7997	-43.5364
BLOCK00/SES007/SA007S14	SES007	0.435463	-43.529	-43.9644
BLOCK00/SES007/SA007S15	SES007	0.409023	-43.6725	-44.0815
BLOCK00/SES007/SA007S24	SES007	0.495094	-43.5149	-44.01
BLOCK00/SES007/SA007S27	SES007	0.619827	-43.9067	-44.5265
BLOCK00/SES007/SA007S29	SES007	0.3923	-42.4512	-42.8435
BLOCK00/SES008/SA008S11	SES008	0.485073	-43.6355	-44.1205
BLOCK00/SES008/SA008S12	SES008	0.44556	-43.281	-43.7265
BLOCK00/SES008/SA008S19	SES008	0.516582	-42.7526	-43.2692
BLOCK00/SES008/SA008S22	SES008	0.381264	-43.6186	-43.9999
BLOCK00/SES008/SA008S29	SES008	0.486748	-43.1413	-43.6281
BLOCK01/SES014/SA014S10	SES014	0.761707	-42.8675	-43.6292
BLOCK01/SES014/SA014S12	SES014	1.13171	-42.3023	-43.434
BLOCK01/SES014/SA014S24	SES014	0.754028	-42.6123	-43.3663
BLOCK01/SES014/SA014S26	SES014	1.17331	-41.8325	-43.0058
BLOCK01/SES014/SA014S28	SES014	0.893375	-42.8018	-43.6951
BLOCK01/SES016/SA016S12	SES016	0.387737	-44.2256	-44.6134
BLOCK01/SES016/SA016S13	SES016	0.460052	-44.0328	-44.4928
BLOCK01/SES016/SA016S22	SES016	0.455357	-44.2671	-44.7224
BLOCK01/SES016/SA016S25	SES016	0.280327	-43.6262	-43.9065
BLOCK01/SES016/SA016S27	SES016	0.347382	-43.7481	-44.0955
BLOCK01/SES019/SA019S13	SES019	1.06163	-44.9425	-46.0041
BLOCK01/SES019/SA019S14	SES019	0.93502	-44.339	-45.274
BLOCK01/SES019/SA019S22	SES019	0.63047	-44.1885	-44.8189
BLOCK01/SES019/SA019S25	SES019	0.801613	-44.53	-45.3316
BLOCK01/SES019/SA019S29	SES019	1.24226	-45.2995	-46.5417
BLOCK02/SES029/SA029S11	SES029	0.28886	-44.0756	-44.3645
BLOCK02/SES029/SA029S12	SES029	0.189678	-43.7209	-43.9106
BLOCK02/SES029/SA029S20	SES029	0.311123	-45.1368	-45.4479
BLOCK02/SES029/SA029S25	SES029	0.384483	-43.78	-44.1645
BLOCK02/SES029/SA029S28	SES029	0.410419	-44.4091	-44.8195
BLOCK04/SES042/SA042S12	SES042	1.48312	-42.9065	-44.3896
BLOCK04/SES042/SA042S15	SES042	1.30917	-42.786	-44.0952
BLOCK04/SES042/SA042S22	SES042	1.46257	-42.4003	-43.8628
BLOCK04/SES042/SA042S25	SES042	1.68624	-42.9069	-44.5931
BLOCK04/SES042/SA042S27	SES042	1.38407	-42.2647	-43.6488
BLOCK04/SES048/SA048S11	SES048	0.546181	-42.853	-43.3992
BLOCK04/SES048/SA048S12	SES048	0.618217	-42.3902	-43.0084
BLOCK04/SES048/SA048S20	SES048	0.671169	-42.5467	-43.2178
BLOCK04/SES048/SA048S23	SES048	0.596134	-43.5612	-44.1574
BLOCK04/SES048/SA048S27	SES048	0.479351	-42.0372	-42.5165
BLOCK06/SES060/SA060S11	SES060	0.385929	-43.346	-43.732
BLOCK06/SES060/SA060S12	SES060	0.590527	-43.7089	-44.2994
BLOCK06/SES060/SA060S22	SES060	0.272663	-43.1431	-43.4158
BLOCK06/SES060/SA060S24	SES060	0.160145	-42.9842	-43.1443
BLOCK06/SES060/SA060S28	SES060	0.189613	-42.5107	-42.7003
BLOCK06/SES062/SA062S10	SES062	0.478127	-42.7062	-43.1843
BLOCK06/SES062/SA062S11	SES062	0.397961	-42.9663	-43.3643
BLOCK06/SES062/SA062S21	SES062	0.637558	-42.2552	-42.8927
BLOCK06/SES062/SA062S26	SES062	0.500713	-42.5029	-43.0036
BLOCK06/SES062/SA062S29	SES062	0.524261	-42.4123	-42.9366
BLOCK06/SES068/SA068S14	SES068	0.547729	-43.1622	-43.71
BLOCK06/SES068/SA068S15	SES068	0.572636	-42.0665	-42.6392
BLOCK06/SES068/SA068S23	SES068	0.489052	-43.8889	-44.378
BLOCK06/SES068/SA068S27	SES068	0.536251	-43.8844	-44.4207
BLOCK06/SES068/SA068S29	SES068	0.531765	-42.916	-43.4477
BLOCK08/SES082/SA082S12	SES082	1.08583	-43.1646	-44.2504
BLOCK08/SES082/SA082S14	SES082	0.874165	-43.2841	-44.1583
BLOCK08/SES082/SA082S21	SES082	1.01929	-43.3972	-44.4165
BLOCK08/SES082/SA082S24	SES082	0.764458	-43.4756	-44.2401
BLOCK08/SES082/SA082S28	SES082	0.80217	-43.5471	-44.3492
BLOCK08/SES083/SA083S14	SES083	0.570335	-43.219	-43.7893
BLOCK08/SES083/SA083S15	SES083	0.529552	-42.9259	-43.4554
BLOCK08/SES083/SA083S24	SES083	0.479988	-43.4283	-43.9083
BLOCK08/SES083/SA083S26	SES083	0.441845	-42.7666	-43.2085
BLOCK08/SES083/SA083S29	SES083	0.461906	-43.1274	-43.5893
BLOCK08/SES085/SA085S10	SES085	0.620735	-43.9002	-44.521
BLOCK08/SES085/SA085S13	SES085	0.798454	-43.1342	-43.9327
BLOCK08/SES085/SA085S22	SES085	0.580048	-44.1514	-44.7314
BLOCK08/SES085/SA085S26	SES085	1.1053	-43.4279	-44.5332
BLOCK08/SES085/SA085S28	SES085	0.4562	-43.133	-43.5892
BLOCK08/SES087/SA087S15	SES087	1.07071	-42.5289	-43.5996
BLOCK08/SES087/SA087S16	SES087	0.993458	-43.3036	-44.2971
BLOCK08/SES087/SA087S24	SES087	0.98922	-42.9625	-43.9517
BLOCK08/SES087/SA087S26	SES087	0.977825	-42.5195	-43.4973
BLOCK08/SES087/SA087S29	SES087	1.23125	-42.7727	-44.0039
BLOCK09/SES099/SA099S15	SES099	0.753395	-43.5172	-44.2706
BLOCK09/SES099/SA099S16	SES099	0.895218	-44.0114	-44.9066
BLOCK09/SES099/SA099S24	SES099	0.803257	-43.0421	-43.8453
BLOCK09/SES099/SA099S26	SES099	0.932434	-43.4726	-44.4051
BLOCK09/SES099/SA099S29	SES099	0.783092	-43.3206	-44.1037
BLOCK10/SES101/SA101S11	SES101	0.455212	-43.3457	-43.8009
BLOCK10/SES101/SA101S13	SES101	0.376583	-43.3699	-43.7465
BLOCK10/SES101/SA101S22	SES101	0.479954	-43.6095	-44.0894
BLOCK10/SES101/SA101S24	SES101	0.479321	-42.9925	-43.4718
BLOCK10/SES101/SA101S28	SES101	0.535599	-43.5171	-44.0527
BLOCK10/SES104/SA104S11	SES104	0.846806	-42.0819	-42.9287
BLOCK10/SES104/SA104S12	SES104	1.11432	-42.5359	-43.6503
BLOCK10/SES104/SA104S21	SES104	1.21722	-42.9717	-44.1889
BLOCK10/SES104/SA104S24	SES104	0.9902	-43.0791	-44.0693
BLOCK10/SES104/SA104S28	SES104	1.04155	-42.6777	-43.7192
BLOCK10/SES105/SA105S12	SES105	0.328568	-43.5627	-43.8912
BLOCK10/SES105/SA105S13	SES105	0.405396	-43.1285	-43.5339
BLOCK10/SES105/SA105S22	SES105	0.305504	-43.7875	-44.093
BLOCK10/SES105/SA105S26	SES105	0.373356	-43.5481	-43.9215
BLOCK10/SES105/SA105S29	SES105	0.200687	-43.6722	-43.8729
BLOCK10/SES106/SA106S09	SES106	0.720085	-43.7051	-44.4252
BLOCK10/SES106/SA106S11	SES106	0.999031	-42.7327	-43.7318
BLOCK10/SES106/SA106S22	SES106	0.687836	-43.8889	-44.5768
BLOCK10/SES106/SA106S27	SES106	0.784775	-42.8759	-43.6606
BLOCK10/SES106/SA106S29	SES106	1.07695	-42.1558	-43.2327
BLOCK11/SES117/SA117S12	SES117	0.411373	-43.2199	-43.6313
BLOCK11/SES117/SA117S13	SES117	0.651684	-42.9679	-43.6196
BLOCK11/SES117/SA117S23	SES117	0.92355	-43.7605	-44.684
BLOCK11/SES117/SA117S25	SES117	0.513695	-43.8213	-44.3349
BLOCK11/SES117/SA117S28	SES117	0.389648	-44.2809	-44.6705
BLOCK12/SES120/SA120S08	SES120	0.436619	-44.1006	-44.5372
BLOCK12/SES120/SA120S11	SES120	0.380589	-44.735	-45.1156
BLOCK12/SES120/SA120S22	SES120	0.333321	-43.8797	-44.213
BLOCK12/SES120/SA120S24	SES120	0.231045	-43.308	-43.5391
BLOCK12/SES120/SA120S28	SES120	0.403652	-44.2933	-44.6969
BLOCK12/SES125/SA125S13	SES125	1.01589	-42.5461	-43.562
BLOCK12/SES125/SA125S14	SES125	0.854004	-42.6409	-43.4949
BLOCK12/SES125/SA125S25	SES125	1.16327	-42.8187	-43.9819
BLOCK12/SES125/SA125S27	SES125	1.19139	-42.1576	-43.3489
BLOCK12/SES125/SA125S29	SES125	1.01134	-42.7577	-43.7691
BLOCK12/SES127/SA127S11	SES127	0.677048	-42.6476	-43.3247
BLOCK12/SES127/SA127S12	SES127	0.264427	-42.9161	-43.1805
BLOCK12/SES127/SA127S23	SES127	0.506474	-42.8974	-43.4039
BLOCK12/SES127/SA127S25	SES127	-0.299122	-44.4147	-44.1155
BLOCK12/SES127/SA127S27	SES127	0.519997	-43.0059	-43.5259
BLOCK12/SES129/SA129S11	SES129	0.706738	-41.3609	-42.0677
BLOCK12/SES129/SA129S12	SES129	0.708447	-41.4723	-42.1808
BLOCK12/SES129/SA129S22	SES129	0.777893	-40.9266	-41.7045
BLOCK12/SES129/SA129S27	SES129	0.815239	-41.1319	-41.9471
BLOCK12/SES129/SA129S29	SES129	0.683987	-41.6275	-42.3115
BLOCK14/SES142/SA142S11	SES142	1.52972	-44.0465	-45.5762
BLOCK14/SES142/SA142S12	SES142	1.48597	-43.8534	-45.3393
BLOCK14/SES142/SA142S24	SES142	2.42454	-43.87	-46.2946
BLOCK14/SES142/SA142S27	SES142	1.40771	-43.2859	-44.6937
BLOCK14/SES142/SA142S29	SES142	1.65621	-42.5692	-44.2254
BLOCK14/SES143/SA143S12	SES143	0.74514	-42.9438	-43.689
BLOCK14/SES143/SA143S13	SES143	0.50132	-43.315	-43.8164
BLOCK14/SES143/SA143S23	SES143	1.08512	-43.3958	-44.4809
BLOCK14/SES143/SA143S25	SES143	1.13116	-43.6135	-44.7446
BLOCK14/SES143/SA143S28	SES143	1.03196	-42.3801	-43.4121
BLOCK14/SES144/SA144S09	SES144	0.372398	-42.2996	-42.672
BLOCK14/SES144/SA144S11	SES144	0.207962	-43.6929	-43.9008
BLOCK14/SES144/SA144S21	SES144	0.397247	-42.9467	-43.344
BLOCK14/SES144/SA144S25	SES144	0.669586	-42.5472	-43.2168
BLOCK14/SES144/SA144S29	SES144	0.596615	-43.5873	-44.184
BLOCK14/SES146/SA146S14	SES146	0.0563469	-43.6502	-43.7065
BLOCK14/SES146/SA146S15	SES146	0.18367	-43.0193	-43.203
BLOCK14/SES146/SA146S24	SES146	0.105595	-43.1985	-43.3041
BLOCK14/SES146/SA146S26	SES146	0.117855	-43.5788	-43.6967
BLOCK14/SES146/SA146S29	SES146	0.0630493	-43.5179	-43.5809
BLOCK14/SES147/SA147S11	SES147	0.18576	-43.5153	-43.7011
BLOCK14/SES147/SA147S13	SES147	0.14278	-43.327	-43.4697
BLOCK14/SES147/SA147S23	SES147	0.199978	-43.7527	-43.9526
BLOCK14/SES147/SA147S26	SES147	0.171265	-43.6154	-43.7866
BLOCK14/SES147/SA147S28	SES147	0.134079	-43.9202	-44.0543
BLOCK14/SES148/SA148S10	SES148	0.318245	-42.496	-42.8142
BLOCK14/SES148/SA148S12	SES148	0.25568	-43.2835	-43.5392
BLOCK14/SES148/SA148S22	SES148	0.352432	-42.3087	-42.6611
BLOCK14/SES148/SA148S26	SES148	0.357395	-42.8372	-43.1946
BLOCK14/SES148/SA148S29	SES148	0.257221	-43.1357	-43.3929
BLOCK14/SES149/SA149S13	SES149	0.617126	-43.5148	-44.1319
BLOCK14/SES149/SA149S14	SES149	0.648479	-42.7359	-43.3844
BLOCK14/SES149/SA149S24	SES149	0.613522	-43.0471	-43.6606
BLOCK14/SES149/SA149S26	SES149	0.553986	-42.7975	-43.3515
BLOCK14/SES149/SA149S28	SES149	0.816917	-42.8162	-43.6331
BLOCK15/SES158/SA158S13	SES158	0.852932	-43.5906	-44.4436
BLOCK15/SES158/SA158S14	SES158	0.856243	-43.3697	-44.226
BLOCK15/SES158/SA158S23	SES158	0.826084	-43.5609	-44.387
BLOCK15/SES158/SA158S26	SES158	1.07623	-43.9995	-45.0757
BLOCK15/SES158/SA158S28	SES158	0.719021	-43.1174	-43.8365
BLOCK16/SES162/SA162S10	SES162	0.251694	-42.3408	-42.5925
BLOCK16/SES162/SA162S11	SES162	0.630955	-43.444	-44.075
BLOCK16/SES162/SA162S21	SES162	0.829155	-43.6717	-44.5008
BLOCK16/SES162/SA162S24	SES162	0.703041	-43.7457	-44.4488
BLOCK16/SES162/SA162S27	SES162	0.555676	-43.421	-43.9767
BLOCK16/SES167/SA167S14	SES167	1.60413	-41.352	-42.9561
BLOCK16/SES167/SA167S15	SES167	1.63898	-42.4216	-44.0606
BLOCK16/SES167/SA167S21	SES167	1.27054	-41.8181	-43.0887
BLOCK16/SES167/SA167S25	SES167	1.63571	-41.3234	-42.9591
BLOCK16/SES167/SA167S29	SES167	1.82807	-41.1323	-42.9604
BLOCK17/SES172/SA172S12	SES172	0.630798	-42.8689	-43.4997
BLOCK17/SES172/SA172S13	SES172	0.864197	-43.0989	-43.9631
BLOCK17/SES172/SA172S23	SES172	0.759403	-42.4871	-43.2465
BLOCK17/SES172/SA172S27	SES172	0.398014	-43.2096	-43.6076
BLOCK17/SES172/SA172S29	SES172	0.554817	-43.2135	-43.7683
BLOCK17/SES175/SA175S11	SES175	1.83675	-42.9065	-44.7433
BLOCK17/SES175/SA175S13	SES175	0.629028	-43.8988	-44.5278
BLOCK17/SES175/SA175S23	SES175	1.68697	-43.1707	-44.8577
BLOCK17/SES175/SA175S25	SES175	1.39238	-43.8652	-45.2576
BLOCK17/SES175/SA175S28	SES175	1.76815	-43.0389	-44.807
BLOCK17/SES177/SA177S15	SES177	0.716507	-43.0348	-43.7513
BLOCK17/SES177/SA177S17	SES177	0.818314	-42.9321	-43.7504
BLOCK17/SES177/SA177S23	SES177	1.08286	-42.7569	-43.8397
BLOCK17/SES177/SA177S26	SES177	0.694382	-42.9389	-43.6333
BLOCK17/SES177/SA177S28	SES177	1.00441	-42.8323	-43.8367
BLOCK18/SES180/SA180S13	SES180	0.959103	-42.8983	-43.8574
BLOCK18/SES180/SA180S15	SES180	0.705692	-43.085	-43.7907
BLOCK18/SES180/SA180S24	SES180	0.576221	-42.2866	-42.8628
BLOCK18/SES180/SA180S26	SES180	0.318577	-42.8653	-43.1838
BLOCK18/SES180/SA180S29	SES180	1.2313	-42.4401	-43.6714
BLOCK18/SES183/SA183S13	SES183	0.268059	-43.6014	-43.8694
BLOCK18/SES183/SA183S14	SES183	0.20607	-43.3579	-43.5639
BLOCK18/SES183/SA183S24	SES183	0.292641	-43.6887	-43.9813
BLOCK18/SES183/SA183S27	SES183	0.315964	-43.0311	-43.347
BLOCK18/SES183/SA183S29	SES183	0.210167	-43.4655	-43.6757
BLOCK18/SES187/SA187S13	SES187	1.55746	-43.8345	-45.3919
BLOCK18/SES187/SA187S14	SES187	0.993351	-43.4268	-44.4202
BLOCK18/SES187/SA187S24	SES187	1.88712	-43.7363	-45.6235
BLOCK18/SES187/SA187S27	SES187	0.989651	-43.4958	-44.4854
BLOCK18/SES187/SA187S29	SES187	1.49565	-43.4378	-44.9334
BLOCK18/SES189/SA189S10	SES189	1.81948	-45.3364	-47.1559
BLOCK18/SES189/SA189S13	SES189	2.43188	-46.2599	-48.6918
BLOCK18/SES189/SA189S24	SES189	1.85446	-46.2588	-48.1132
BLOCK18/SES189/SA189S26	SES189	1.45589	-45.3067	-46.7626
BLOCK18/SES189/SA189S29	SES189	1.79892	-45.8243	-47.6232
BLOCK20/SES202/SA202S12	SES202	1.67469	-43.1995	-44.8742
BLOCK20/SES202/SA202S14	SES202	2.19975	-42.6679	-44.8677
BLOCK20/SES202/SA202S24	SES202	2.08218	-43.1039	-45.1861
BLOCK20/SES202/SA202S27	SES202	2.07704	-42.5689	-44.6459
BLOCK20/SES202/SA202S29	SES202	2.75436	-42.0354	-44.7897
BLOCK20/SES206/SA206S15	SES206	0.876789	-43.1399	-44.0167
BLOCK20/SES206/SA206S17	SES206	0.657776	-43.2538	-43.9116
BLOCK20/SES206/SA206S24	SES206	1.06268	-42.9914	-44.0541
BLOCK20/SES206/SA206S27	SES206	1.02538	-43.5468	-44.5722
BLOCK20/SES206/SA206S29	SES206	0.917686	-42.5896	-43.5072
BLOCK22/SES226/SA226S12	SES226	0.873089	-42.3755	-43.2486
BLOCK22/SES226/SA226S13	SES226	0.851112	-43.652	-44.5031
BLOCK22/SES226/SA226S20	SES226	0.751087	-43.4965	-44.2476
BLOCK22/SES226/SA226S23	SES226	0.811768	-43.0302	-43.8419
BLOCK22/SES226/SA226S28	SES226	0.874207	-42.5056	-43.3798
BLOCK25/SES259/SA259S13	SES259	0.437462	-42.6655	-43.103
BLOCK25/SES259/SA259S14	SES259	0.469978	-42.7711	-43.2411
BLOCK25/SES259/SA259S22	SES259	0.536167	-42.1778	-42.714
BLOCK25/SES259/SA259S24	SES259	0.57011	-42.0295	-42.5996
BLOCK25/SES259/SA259S28	SES259	0.529621	-42.0341	-42.5638
BLOCK27/SES270/SA270S14	SES270	0.472271	-43.6621	-44.1344
BLOCK27/SES270/SA270S16	SES270	0.528587	-43.5364	-44.065
BLOCK27/SES270/SA270S22	SES270	0.645462	-43.2759	-43.9213
BLOCK27/SES270/SA270S26	SES270	0.443211	-43.7354	-44.1786
BLOCK27/SES270/SA270S28	SES270	0.680069	-43.5548	-44.2348
BLOCK27/SES275/SA275S17	SES275	0.2822	-43.4461	-43.7283
BLOCK27/SES275/SA275S18	SES275	0.289726	-43.4638	-43.7535
BLOCK27/SES275/SA275S24	SES275	0.201885	-43.6167	-43.8185
BLOCK27/SES275/SA275S26	SES275	0.256683	-42.9067	-43.1633
BLOCK27/SES275/SA275S28	SES275	0.37793	-42.6424	-43.0203
BLOCK29/SES292/SA292S10	SES292	0.393768	-42.9591	-43.3529
BLOCK29/SES292/SA292S12	SES292	0.383968	-44.2121	-44.5961
BLOCK29/SES292/SA292S22	SES292	0.324497	-42.8359	-43.1604
BLOCK29/SES292/SA292S24	SES292	0.269119	-43.091	-43.3601
BLOCK29/SES292/SA292S27	SES292	0.231842	-43.0569	-43.2887
BLOCK00/SES001/SA001S14	SES062	0.569225	-42.0669	-42.6361
BLOCK00/SES001/SA001S14	SES082	0.703106	-41.933	-42.6361
BLOCK00/SES001/SA001S14	SES106	0.584431	-42.0517	-42.6361
BLOCK00/SES001/SA001S14	SES206	0.563911	-42.0722	-42.6361
BLOCK00/SES001/SA001S15	SES062	0.633045	-41.6131	-42.2462
BLOCK00/SES001/SA001S15	SES104	0.778652	-41.4675	-42.2462
BLOCK00/SES001/SA001S15	SES106	0.488888	-41.7573	-42.2462
BLOCK00/SES001/SA001S15	SES206	0.499424	-41.7467	-42.2462
BLOCK00/SES001/SA001S24	SES062	0.430767	-43.2573	-43.6881
BLOCK00/SES001/SA001S24	SES082	0.544701	-43.1434	-43.6881
BLOCK00/SES001/SA001S24	SES087	0.509457	-43.1786	-43.6881
BLOCK00/SES001/SA001S24	SES206	0.534012	-43.1541	-43.6881
BLOCK00/SES001/SA001S27	SES062	0.477829	-42.8666	-43.3444
BLOCK00/SES001/SA001S27	SES082	0.491882	-42.8525	-43.3444
BLOCK00/SES001/SA001S27	SES087	0.435249	-42.9092	-43.3444
BLOCK00/SES001/SA001S27	SES206	0.536003	-42.8084	-43.3444
BLOCK00/SES001/SA001S29	SES062	0.420933	-42.9553	-43.3762
BLOCK00/SES001/SA001S29	SES082	0.530296	-42.8459	-43.3762
BLOCK00/SES001/SA001S29	SES158	0.550968	-42.8253	-43.3762
BLOCK00/SES001/SA001S29	SES206	0.503036	-42.8732	-43.3762
BLOCK00/SES003/SA003S11	SES002	0.896633	-42.9273	-43.8239
BLOCK00/SES003/SA003S11	SES019	0.660152	-43.1638	-43.8239
BLOCK00/SES003/SA003S11	SES082	0.936604	-42.8873	-43.8239
BLOCK00/SES003/SA003S11	SES125	0.856773	-42.9671	-43.8239
BLOCK00/SES003/SA003S15	SES016	-0.459827	-44.302	-43.8422
BLOCK00/SES003/SA003S15	SES019	0.702419	-43.1397	-43.8422
BLOCK00/SES003/SA003S15	SES062	0.439037	-43.4031	-43.8422
BLOCK00/SES003/SA003S15	SES206	0.840584	-43.0016	-43.8422
BLOCK00/SES003/SA003S22	SES002	0.868008	-42.6488	-43.5168
BLOCK00/SES003/SA003S22	SES062	0.448734	-43.0681	-43.5168
BLOCK00/SES003/SA003S22	SES082	0.913788	-42.603	-43.5168
BLOCK00/SES003/SA003S22	SES087	0.809586	-42.7072	-43.5168
BLOCK00/SES003/SA003S25	SES062	0.508095	-42.9888	-43.4969
BLOCK00/SES003/SA003S25	SES082	0.953186	-42.5437	-43.4969
BLOCK00/SES003/SA003S25	SES087	0.829967	-42.6669	-43.4969
BLOCK00/SES003/SA003S25	SES206	0.940598	-42.5563	-43.4969
BLOCK00/SES003/SA003S29	SES002	0.930763	-43.0105	-43.9413
BLOCK00/SES003/SA003S29	SES062	0.501606	-43.4397	-43.9413
BLOCK00/SES003/SA003S29	SES082	0.981441	-42.9598	-43.9413
BLOCK00/SES003/SA003S29	SES087	0.904232	-43.037	-43.9413
BLOCK00/SES004/SA004S12	SES083	0.585285	-44.0694	-44.6547
BLOCK00/SES004/SA004S12	SES148	0.340969	-44.3137	-44.6547
BLOCK00/SES004/SA004S12	SES172	0.653107	-44.0016	-44.6547
BLOCK00/SES004/SA004S12	SES292	0.425156	-44.2295	-44.6547
BLOCK00/SES004/SA004S17	SES083	0.503078	-43.8408	-44.3439
BLOCK00/SES004/SA004S17	SES162	0.375843	-43.9681	-44.3439
BLOCK00/SES004/SA004S17	SES172	0.467945	-43.876	-44.3439
BLOCK00/SES004/SA004S17	SES292	0.309124	-44.0348	-44.3439
BLOCK00/SES004/SA004S24	SES083	0.518993	-43.8495	-44.3685
BLOCK00/SES004/SA004S24	SES148	0.279575	-44.0889	-44.3685
BLOCK00/SES004/SA004S24	SES172	0.512455	-43.856	-44.3685
BLOCK00/SES004/SA004S24	SES292	0.362991	-44.0055	-44.3685
BLOCK00/SES004/SA004S26	SES083	0.494308	-43.2682	-43.7625
BLOCK00/SES004/SA004S26	SES127	0.222252	-43.5403	-43.7625
BLOCK00/SES004/SA004S26	SES148	0.295273	-43.4673	-43.7625
BLOCK00/SES004/SA004S26	SES292	0.366894	-43.3956	-43.7625
BLOCK00/SES004/SA004S28	SES083	0.706501	-43.5617	-44.2682
BLOCK00/SES004/SA004S28	SES127	0.343006	-43.9252	-44.2682
BLOCK00/SES004/SA004S28	SES187	0.901333	-43.3669	-44.2682
BLOCK00/SES004/SA004S28	SES292	0.523529	-43.7447	-44.2682
BLOCK00/SES006/SA006S10	SES014	0.561493	-44.6319	-45.1934
BLOCK00/SES006/SA006S10	SES158	0.825081	-44.3683	-45.1934
BLOCK00/SES006/SA006S10	SES226	0.414429	-44.779	-45.1934
BLOCK00/SES006/SA006S10	SES270	0.611919	-44.5815	-45.1934
BLOCK00/SES006/SA006S11	SES158	0.855335	-43.9967	-44.8521
BLOCK00/SES006/SA006S11	SES226	0.520027	-44.3321	-44.8521
BLOCK00/SES006/SA006S11	SES270	0.597271	-44.2548	-44.8521
BLOCK00/SES006/SA006S11	SES275	0.119686	-44.7324	-44.8521
BLOCK00/SES006/SA006S23	SES062	0.42099	-43.8853	-44.3063
BLOCK00/SES006/SA006S23	SES105	0.484116	-43.8221	-44.3063
BLOCK00/SES006/SA006S23	SES158	0.868229	-43.438	-44.3063
BLOCK00/SES006/SA006S23	SES275	0.248932	-44.0573	-44.3063
BLOCK00/SES006/SA006S26	SES104	1.01607	-43.4987	-44.5148
BLOCK00/SES006/SA006S26	SES158	1.00316	-43.5116	-44.5148
BLOCK00/SES006/SA006S26	SES270	0.751804	-43.763	-44.5148
BLOCK00/SES006/SA006S26	SES275	0.165409	-44.3494	-44.5148
BLOCK00/SES006/SA006S28	SES007	0.369968	-44.9878	-45.3578
BLOCK00/SES006/SA006S28	SES105	0.489529	-44.8683	-45.3578
BLOCK00/SES006/SA006S28	SES158	1.03809	-44.3197	-45.3578
BLOCK00/SES006/SA006S28	SES275	0.122036	-45.2358	-45.3578
BLOCK00/SES009/SA009S12	SES083	0.310703	-42.7418	-43.0525
BLOCK00/SES009/SA009S12	SES148	0.225941	-42.8266	-43.0525
BLOCK00/SES009/SA009S12	SES177	-0.101067	-43.1536	-43.0525
BLOCK00/SES009/SA009S12	SES292	0.229504	-42.823	-43.0525
BLOCK00/SES009/SA009S15	SES007	0.507061	-41.9824	-42.4895
BLOCK00/SES009/SA009S15	SES099	0.364635	-42.1248	-42.4895
BLOCK00/SES009/SA009S15	SES148	0.312778	-42.1767	-42.4895
BLOCK00/SES009/SA009S15	SES172	-0.0256615	-42.5151	-42.4895
BLOCK00/SES009/SA009S24	SES146	0.212566	-42.7256	-42.9381
BLOCK00/SES009/SA009S24	SES148	0.342442	-42.5957	-42.9381
BLOCK00/SES009/SA009S24	SES177	0.0768166	-42.8613	-42.9381
BLOCK00/SES009/SA009S24	SES292	0.357571	-42.5806	-42.9381
BLOCK00/SES009/SA009S26	SES083	0.267338	-43.5511	-43.8184
BLOCK00/SES009/SA009S26	SES101	0.132648	-43.6857	-43.8184
BLOCK00/SES009/SA009S26	SES120	0.313107	-43.5053	-43.8184
BLOCK00/SES009/SA009S26	SES177	-0.301941	-44.1203	-43.8184
BLOCK00/SES009/SA009S29	SES083	0.326294	-42.5696	-42.8959
BLOCK00/SES009/SA009S29	SES101	0.196613	-42.6992	-42.8959
BLOCK00/SES009/SA009S29	SES177	-0.0180702	-42.9139	-42.8959
BLOCK00/SES009/SA009S29	SES292	0.271664	-42.6242	-42.8959
BLOCK01/SES011/SA011S10	SES019	0.672527	-43.6978	-44.3703
BLOCK01/SES011/SA011S10	SES042	0.718327	-43.652	-44.3703
BLOCK01/SES011/SA011S10	SES082	0.683819	-43.6865	-44.3703
BLOCK01/SES011/SA011S10	SES206	0.726376	-43.6439	-44.3703
BLOCK01/SES011/SA011S11	SES019	0.550407	-43.4631	-44.0135
BLOCK01/SES011/SA011S11	SES042	0.530029	-43.4834	-44.0135
BLOCK01/SES011/SA011S11	SES082	0.480759	-43.5327	-44.0135
BLOCK01/SES011/SA011S11	SES206	0.654884	-43.3586	-44.0135
BLOCK01/SES011/SA011S22	SES019	0.433716	-43.1315	-43.5652
BLOCK01/SES011/SA011S22	SES042	0.576435	-42.9888	-43.5652
BLOCK01/SES011/SA011S22	SES082	0.628643	-42.9366	-43.5652
BLOCK01/SES011/SA011S22	SES206	0.649284	-42.9159	-43.5652
BLOCK01/SES011/SA011S24	SES019	0.566162	-43.11	-43.6762
BLOCK01/SES011/SA011S24	SES042	0.742756	-42.9334	-43.6762
BLOCK01/SES011/SA011S24	SES104	0.913528	-42.7627	-43.6762
BLOCK01/SES011/SA011S24	SES206	0.796417	-42.8798	-43.6762
BLOCK01/SES011/SA011S27	SES082	0.674862	-43.0207	-43.6955
BLOCK01/SES011/SA011S27	SES087	0.642513	-43.053	-43.6955
BLOCK01/SES011/SA011S27	SES125	0.848671	-42.8469	-43.6955
BLOCK01/SES011/SA011S27	SES206	0.729851	-42.9657	-43.6955
BLOCK01/SES012/SA012S11	SES007	0.317371	-42.9104	-43.2278
BLOCK01/SES012/SA012S11	SES082	0.788574	-42.4392	-43.2278
BLOCK01/SES012/SA012S11	SES083	0.319645	-42.9082	-43.2278
BLOCK01/SES012/SA012S11	SES206	0.720291	-42.5075	-43.2278
BLOCK01/SES012/SA012S14	SES082	0.815819	-42.7313	-43.5471
BLOCK01/SES012/SA012S14	SES087	0.722916	-42.8242	-43.5471
BLOCK01/SES012/SA012S14	SES206	0.668732	-42.8784	-43.5471
BLOCK01/SES012/SA012S14	SES292	-0.14954	-43.6967	-43.5471
BLOCK01/SES012/SA012S24	SES082	0.63826	-43.2768	-43.915
BLOCK01/SES012/SA012S24	SES087	0.505672	-43.4094	-43.915
BLOCK01/SES012/SA012S24	SES120	0.0617104	-43.8533	-43.915
BLOCK01/SES012/SA012S24	SES206	0.499035	-43.416	-43.915
BLOCK01/SES012/SA012S26	SES019	0.528748	-43.1257	-43.6545
BLOCK01/SES012/SA012S26	SES082	0.812607	-42.8419	-43.6545
BLOCK01/SES012/SA012S26	SES206	0.802528	-42.852	-43.6545
BLOCK01/SES012/SA012S26	SES292	-0.193329	-43.8478	-43.6545
BLOCK01/SES012/SA012S29	SES062	0.524277	-43.3676	-43.8919
BLOCK01/SES012/SA012S29	SES082	0.647625	-43.2443	-43.8919
BLOCK01/SES012/SA012S29	SES083	0.274078	-43.6178	-43.8919
BLOCK01/SES012/SA012S29	SES206	0.565693	-43.3262	-43.8919
BLOCK01/SES013/SA013S16	SES062	0.356228	-43.5723	-43.9285
BLOCK01/SES013/SA013S16	SES106	0.687626	-43.2409	-43.9285
BLOCK01/SES013/SA013S16	SES206	0.718567	-43.2099	-43.9285
BLOCK01/SES013/SA013S16	SES226	0.72884	-43.1997	-43.9285
BLOCK01/SES013/SA013S17	SES062	0.583054	-42.8757	-43.4587
BLOCK01/SES013/SA013S17	SES106	0.816521	-42.6422	-43.4587
BLOCK01/SES013/SA013S17	SES206	0.878784	-42.5799	-43.4587
BLOCK01/SES013/SA013S17	SES226	1.0179	-42.4408	-43.4587
BLOCK01/SES013/SA013S23	SES104	0.782051	-43.198	-43.98
BLOCK01/SES013/SA013S23	SES106	0.600182	-43.3798	-43.98
BLOCK01/SES013/SA013S23	SES206	0.664341	-43.3157	-43.98
BLOCK01/SES013/SA013S23	SES270	0.553364	-43.4266	-43.98
BLOCK01/SES013/SA013S25	SES042	0.732937	-42.8463	-43.5792
BLOCK01/SES013/SA013S25	SES104	0.930412	-42.6488	-43.5792
BLOCK01/SES013/SA013S25	SES106	0.722782	-42.8565	-43.5792
BLOCK01/SES013/SA013S25	SES206	0.736588	-42.8426	-43.5792
BLOCK01/SES013/SA013S29	SES062	0.431538	-43.144	-43.5755
BLOCK01/SES013/SA013S29	SES104	0.79089	-42.7846	-43.5755
BLOCK01/SES013/SA013S29	SES106	0.611794	-42.9637	-43.5755
BLOCK01/SES013/SA013S29	SES206	0.615154	-42.9604	-43.5755
BLOCK02/SES021/SA021S13	SES016	-0.157364	-43.128	-42.9706
BLOCK02/SES021/SA021S13	SES029	-0.364872	-43.3355	-42.9706
BLOCK02/SES021/SA021S13	SES087	0.573433	-42.3972	-42.9706
BLOCK02/SES021/SA021S13	SES206	0.521557	-42.4491	-42.9706
BLOCK02/SES021/SA021S15	SES087	0.64674	-42.3151	-42.9619
BLOCK02/SES021/SA021S15	SES125	0.816357	-42.1455	-42.9619
BLOCK02/SES021/SA021S15	SES206	0.557255	-42.4046	-42.9619
BLOCK02/SES021/SA021S15	SES226	0.685143	-42.2767	-42.9619
BLOCK02/SES021/SA021S23	SES062	0.43729	-43.4114	-43.8487
BLOCK02/SES021/SA021S23	SES087	0.660873	-43.1878	-43.8487
BLOCK02/SES021/SA021S23	SES206	0.640766	-43.2079	-43.8487
BLOCK02/SES021/SA021S23	SES226	0.620346	-43.2283	-43.8487
BLOCK02/SES021/SA021S27	SES002	0.773335	-42.7872	-43.5605
BLOCK02/SES021/SA021S27	SES016	-0.073658	-43.6342	-43.5605
BLOCK02/SES021/SA021S27	SES019	0.497295	-43.0632	-43.5605
BLOCK02/SES021/SA021S27	SES062	0.463078	-43.0974	-43.5605
BLOCK02/SES021/SA021S29	SES087	0.755779	-42.6622	-43.418
BLOCK02/SES021/SA021S29	SES125	0.924747	-42.4932	-43.418
BLOCK02/SES021/SA021S29	SES206	0.755741	-42.6622	-43.418
BLOCK02/SES021/SA021S29	SES226	0.760136	-42.6578	-43.418
BLOCK04/SES043/SA043S09	SES083	0.396557	-43.7825	-44.1791
BLOCK04/SES043/SA043S09	SES101	0.292351	-43.8867	-44.1791
BLOCK04/SES043/SA043S09	SES144	0.393227	-43.7858	-44.1791
BLOCK04/SES043/SA043S09	SES172	0.315392	-43.8637	-44.1791
BLOCK04/SES043/SA043S11	SES083	0.408497	-42.4715	-42.88
BLOCK04/SES043/SA043S11	SES101	0.214073	-42.6659	-42.88
BLOCK04/SES043/SA043S11	SES144	0.218819	-42.6612	-42.88
BLOCK04/SES043/SA043S11	SES172	0.110214	-42.7698	-42.88
BLOCK04/SES043/SA043S23	SES083	0.47311	-43.246	-43.7191
BLOCK04/SES043/SA043S23	SES144	0.468052	-43.251	-43.7191
BLOCK04/SES043/SA043S23	SES177	0.420467	-43.2986	-43.7191
BLOCK04/SES043/SA043S23	SES275	0.15844	-43.5606	-43.7191
BLOCK04/SES043/SA043S26	SES083	0.423473	-42.4866	-42.9101
BLOCK04/SES043/SA043S26	SES101	0.331333	-42.5788	-42.9101
BLOCK04/SES043/SA043S26	SES144	0.429073	-42.481	-42.9101
BLOCK04/SES043/SA043S26	SES177	0.371593	-42.5385	-42.9101
BLOCK04/SES043/SA043S28	SES016	0.169544	-43.1598	-43.3293
BLOCK04/SES043/SA043S28	SES083	0.420197	-42.9091	-43.3293
BLOCK04/SES043/SA043S28	SES101	0.278313	-43.051	-43.3293
BLOCK04/SES043/SA043S28	SES144	0.143909	-43.1854	-43.3293
BLOCK04/SES044/SA044S10	SES127	0.167915	-44.8288	-44.9967
BLOCK04/SES044/SA044S10	SES144	0.814083	-44.1826	-44.9967
BLOCK04/SES044/SA044S10	SES147	0.330051	-44.6666	-44.9967
BLOCK04/SES044/SA044S10	SES148	0.412685	-44.584	-44.9967
BLOCK04/SES044/SA044S11	SES101	0.303116	-43.7706	-44.0737
BLOCK04/SES044/SA044S11	SES144	0.544182	-43.5295	-44.0737
BLOCK04/SES044/SA044S11	SES147	0.255428	-43.8183	-44.0737
BLOCK04/SES044/SA044S11	SES177	0.437908	-43.6358	-44.0737
BLOCK04/SES044/SA044S24	SES007	0.317562	-43.7437	-44.0613
BLOCK04/SES044/SA044S24	SES101	0.268494	-43.7928	-44.0613
BLOCK04/SES044/SA044S24	SES147	0.156765	-43.9045	-44.0613
BLOCK04/SES044/SA044S24	SES177	0.184589	-43.8767	-44.0613
BLOCK04/SES044/SA044S26	SES007	0.170033	-43.624	-43.794
BLOCK04/SES044/SA044S26	SES016	0.155849	-43.6381	-43.794
BLOCK04/SES044/SA044S26	SES101	0.19157	-43.6024	-43.794
BLOCK04/SES044/SA044S26	SES147	0.133728	-43.6603	-43.794
BLOCK04/SES044/SA044S29	SES007	0.257622	-43.2854	-43.543
BLOCK04/SES044/SA044S29	SES101	0.504433	-43.0386	-43.543
BLOCK04/SES044/SA044S29	SES147	0.333748	-43.2093	-43.543
BLOCK04/SES044/SA044S29	SES177	0.818512	-42.7245	-43.543
BLOCK04/SES046/SA046S13	SES101	0.606838	-44.0559	-44.6628
BLOCK04/SES046/SA046S13	SES144	0.745384	-43.9174	-44.6628
BLOCK04/SES046/SA046S13	SES147	0.387398	-44.2754	-44.6628
BLOCK04/SES046/SA046S13	SES177	0.895	-43.7678	-44.6628
BLOCK04/SES046/SA046S15	SES048	-0.221146	-43.6585	-43.4374
BLOCK04/SES046/SA046S15	SES083	0.453556	-42.9838	-43.4374
BLOCK04/SES046/SA046S15	SES120	0.252773	-43.1846	-43.4374
BLOCK04/SES046/SA046S15	SES148	0.199066	-43.2383	-43.4374
BLOCK04/SES046/SA046S22	SES101	0.691441	-43.1157	-43.8072
BLOCK04/SES046/SA046S22	SES144	0.707573	-43.0996	-43.8072
BLOCK04/SES046/SA046S22	SES147	0.386948	-43.4202	-43.8072
BLOCK04/SES046/SA046S22	SES172	0.795753	-43.0114	-43.8072
BLOCK04/SES046/SA046S25	SES083	0.573868	-42.6221	-43.196
BLOCK04/SES046/SA046S25	SES127	0.328194	-42.8678	-43.196
BLOCK04/SES046/SA046S25	SES144	0.54565	-42.6504	-43.196
BLOCK04/SES046/SA046S25	SES148	0.30521	-42.8908	-43.196
BLOCK04/SES046/SA046S28	SES007	0.226681	-43.8601	-44.0868
BLOCK04/SES046/SA046S28	SES105	0.0184593	-44.0683	-44.0868
BLOCK04/SES046/SA046S28	SES147	0.147396	-43.9394	-44.0868
BLOCK04/SES046/SA046S28	SES148	0.30262	-43.7841	-44.0868
BLOCK04/SES049/SA049S16	SES104	0.587807	-43.9396	-44.5274
BLOCK04/SES049/SA049S16	SES106	0.467003	-44.0604	-44.5274
BLOCK04/SES049/SA049S16	SES120	-0.00545502	-44.5329	-44.5274
BLOCK04/SES049/SA049S16	SES206	0.516098	-44.0113	-44.5274
BLOCK04/SES049/SA049S18	SES099	0.725475	-43.6252	-44.3507
BLOCK04/SES049/SA049S18	SES104	0.775631	-43.5751	-44.3507
BLOCK04/SES049/SA049S18	SES125	0.630615	-43.7201	-44.3507
BLOCK04/SES049/SA049S18	SES206	0.656704	-43.694	-44.3507
BLOCK04/SES049/SA049S25	SES087	0.836445	-43.6442	-44.4807
BLOCK04/SES049/SA049S25	SES104	0.909023	-43.5717	-44.4807
BLOCK04/SES049/SA049S25	SES125	0.779232	-43.7014	-44.4807
BLOCK04/SES049/SA049S25	SES206	0.812725	-43.668	-44.4807
BLOCK04/SES049/SA049S27	SES099	0.830273	-43.4221	-44.2524
BLOCK04/SES049/SA049S27	SES104	0.957119	-43.2953	-44.2524
BLOCK04/SES049/SA049S27	SES125	0.833076	-43.4193	-44.2524
BLOCK04/SES049/SA049S27	SES206	0.927456	-43.3249	-44.2524
BLOCK04/SES049/SA049S29	SES099	0.880405	-42.8812	-43.7616
BLOCK04/SES049/SA049S29	SES104	0.98019	-42.7814	-43.7616
BLOCK04/SES049/SA049S29	SES125	0.978405	-42.7832	-43.7616
BLOCK04/SES049/SA049S29	SES206	0.967979	-42.7936	-43.7616
BLOCK06/SES063/SA063S09	SES068	0.668221	-42.8906	-43.5588
BLOCK06/SES063/SA063S09	SES083	0.584988	-42.9739	-43.5588
BLOCK06/SES063/SA063S09	SES177	0.907513	-42.6513	-43.5588
BLOCK06/SES063/SA063S09	SES187	0.876202	-42.6826	-43.5588
BLOCK06/SES063/SA063S10	SES068	0.666336	-43.0798	-43.7462
BLOCK06/SES063/SA063S10	SES083	0.564178	-43.182	-43.7462
BLOCK06/SES063/SA063S10	SES172	0.879734	-42.8664	-43.7462
BLOCK06/SES063/SA063S10	SES187	0.942886	-42.8033	-43.7462
BLOCK06/SES063/SA063S20	SES068	0.834484	-43.2052	-44.0396
BLOCK06/SES063/SA063S20	SES083	0.794861	-43.2448	-44.0396
BLOCK06/SES063/SA063S20	SES172	1.31471	-42.7249	-44.0396
BLOCK06/SES063/SA063S20	SES187	1.73288	-42.3068	-44.0396
BLOCK06/SES063/SA063S24	SES029	0.288864	-42.5314	-42.8203
BLOCK06/SES063/SA063S24	SES083	0.714428	-42.1059	-42.8203
BLOCK06/SES063/SA063S24	SES177	1.10115	-41.7191	-42.8203
BLOCK06/SES063/SA063S24	SES189	-0.0580101	-42.8783	-42.8203
BLOCK06/SES063/SA063S27	SES083	0.567348	-42.7111	-43.2785
BLOCK06/SES063/SA063S27	SES172	0.841415	-42.437	-43.2785
BLOCK06/SES063/SA063S27	SES187	0.819855	-42.4586	-43.2785
BLOCK06/SES063/SA063S27	SES292	0.594669	-42.6838	-43.2785
BLOCK06/SES067/SA067S12	SES083	0.823082	-43.7283	-44.5514
BLOCK06/SES067/SA067S12	SES172	1.05013	-43.5012	-44.5514
BLOCK06/SES067/SA067S12	SES202	1.46706	-43.0843	-44.5514
BLOCK06/SES067/SA067S12	SES292	0.686317	-43.865	-44.5514
BLOCK06/SES067/SA067S14	SES085	0.552364	-44.0231	-44.5755
BLOCK06/SES067/SA067S14	SES177	0.642632	-43.9329	-44.5755
BLOCK06/SES067/SA067S14	SES183	0.392742	-44.1828	-44.5755
BLOCK06/SES067/SA067S14	SES202	0.614967	-43.9605	-44.5755
BLOCK06/SES067/SA067S21	SES144	1.11986	-44.0973	-45.2172
BLOCK06/SES067/SA067S21	SES177	1.18749	-44.0297	-45.2172
BLOCK06/SES067/SA067S21	SES183	0.519333	-44.6979	-45.2172
BLOCK06/SES067/SA067S21	SES189	0.825375	-44.3918	-45.2172
BLOCK06/SES067/SA067S25	SES085	0.947029	-43.2634	-44.2105
BLOCK06/SES067/SA067S25	SES177	1.19222	-43.0183	-44.2105
BLOCK06/SES067/SA067S25	SES183	0.534733	-43.6757	-44.2105
BLOCK06/SES067/SA067S25	SES202	1.19075	-43.0197	-44.2105
BLOCK06/SES067/SA067S29	SES085	1.24525	-43.6275	-44.8727
BLOCK06/SES067/SA067S29	SES177	1.83889	-43.0338	-44.8727
BLOCK06/SES067/SA067S29	SES183	0.628826	-44.2439	-44.8727
BLOCK06/SES067/SA067S29	SES202	2.12844	-42.7443	-44.8727
BLOCK06/SES069/SA069S12	SES029	-0.221687	-44.6326	-44.4109
BLOCK06/SES069/SA069S12	SES082	0.829018	-43.5819	-44.4109
BLOCK06/SES069/SA069S12	SES087	0.84552	-43.5654	-44.4109
BLOCK06/SES069/SA069S12	SES206	0.714634	-43.6962	-44.4109
BLOCK06/SES069/SA069S13	SES029	-0.143223	-44.3593	-44.2161
BLOCK06/SES069/SA069S13	SES087	0.604752	-43.6113	-44.2161
BLOCK06/SES069/SA069S13	SES206	0.537991	-43.6781	-44.2161
BLOCK06/SES069/SA069S13	SES226	0.566051	-43.65	-44.2161
BLOCK06/SES069/SA069S23	SES029	-0.230766	-43.636	-43.4053
BLOCK06/SES069/SA069S23	SES087	0.961269	-42.444	-43.4053
BLOCK06/SES069/SA069S23	SES206	0.805134	-42.6001	-43.4053
BLOCK06/SES069/SA069S23	SES226	0.954468	-42.4508	-43.4053
BLOCK06/SES069/SA069S25	SES087	0.766533	-42.3165	-43.083
BLOCK06/SES069/SA069S25	SES206	0.60445	-42.4786	-43.083
BLOCK06/SES069/SA069S25	SES226	0.759254	-42.3238	-43.083
BLOCK06/SES069/SA069S25	SES270	0.630398	-42.4526	-43.083
BLOCK06/SES069/SA069S27	SES087	0.840488	-42.8035	-43.644
BLOCK06/SES069/SA069S27	SES206	0.719109	-42.9249	-43.644
BLOCK06/SES069/SA069S27	SES226	0.780441	-42.8636	-43.644
BLOCK06/SES069/SA069S27	SES270	0.619389	-43.0246	-43.644
BLOCK08/SES081/SA081S11	SES060	0.639248	-44.2941	-44.9334
BLOCK08/SES081/SA081S11	SES062	-0.180309	-45.1137	-44.9334
BLOCK08/SES081/SA081S11	SES117	0.744255	-44.1891	-44.9334
BLOCK08/SES081/SA081S11	SES162	0.94696	-43.9864	-44.9334
BLOCK08/SES081/SA081S13	SES016	0.455982	-43.1654	-43.6214
BLOCK08/SES081/SA081S13	SES060	0.490635	-43.1307	-43.6214
BLOCK08/SES081/SA081S13	SES068	0.540417	-43.081	-43.6214
BLOCK08/SES081/SA081S13	SES129	0.273399	-43.348	-43.6214
BLOCK08/SES081/SA081S24	SES060	0.523258	-43.642	-44.1652
BLOCK08/SES081/SA081S24	SES068	0.574444	-43.5908	-44.1652
BLOCK08/SES081/SA081S24	SES117	0.374783	-43.7905	-44.1652
BLOCK08/SES081/SA081S24	SES275	0.207737	-43.9575	-44.1652
BLOCK08/SES081/SA081S27	SES007	0.377148	-43.7586	-44.1357
BLOCK08/SES081/SA081S27	SES060	0.569897	-43.5658	-44.1357
BLOCK08/SES081/SA081S27	SES117	0.65266	-43.4831	-44.1357
BLOCK08/SES081/SA081S27	SES275	0.165813	-43.9699	-44.1357
BLOCK08/SES081/SA081S29	SES007	0.412846	-43.6213	-44.0342
BLOCK08/SES081/SA081S29	SES060	0.647331	-43.3868	-44.0342
BLOCK08/SES081/SA081S29	SES117	0.627815	-43.4064	-44.0342
BLOCK08/SES081/SA081S29	SES275	0.224861	-43.8093	-44.0342
BLOCK08/SES086/SA086S11	SES029	-0.161678	-44.6044	-44.4427
BLOCK08/SES086/SA086S11	SES082	0.618633	-43.8241	-44.4427
BLOCK08/SES086/SA086S11	SES087	0.466179	-43.9765	-44.4427
BLOCK08/SES086/SA086S11	SES206	0.443172	-43.9995	-44.4427
BLOCK08/SES086/SA086S12	SES029	-0.227196	-45.0703	-44.8431
BLOCK08/SES086/SA086S12	SES082	0.889229	-43.9539	-44.8431
BLOCK08/SES086/SA086S12	SES087	0.844666	-43.9984	-44.8431
BLOCK08/SES086/SA086S12	SES206	0.779224	-44.0639	-44.8431
BLOCK08/SES086/SA086S20	SES029	-0.383873	-44.3444	-43.9606
BLOCK08/SES086/SA086S20	SES082	0.851227	-43.1093	-43.9606
BLOCK08/SES086/SA086S20	SES087	0.822075	-43.1385	-43.9606
BLOCK08/SES086/SA086S20	SES206	0.70863	-43.2519	-43.9606
BLOCK08/SES086/SA086S24	SES087	0.851017	-44.2042	-45.0552
BLOCK08/SES086/SA086S24	SES104	0.901768	-44.1535	-45.0552
BLOCK08/SES086/SA086S24	SES120	0.144428	-44.9108	-45.0552
BLOCK08/SES086/SA086S24	SES206	0.8876	-44.1676	-45.0552
BLOCK08/SES086/SA086S28	SES029	-0.38419	-44.6322	-44.248
BLOCK08/SES086/SA086S28	SES082	0.907673	-43.3404	-44.248
BLOCK08/SES086/SA086S28	SES087	0.904148	-43.3439	-44.248
BLOCK08/SES086/SA086S28	SES206	0.796249	-43.4518	-44.248
BLOCK08/SES089/SA089S13	SES087	0.519985	-43.0777	-43.5977
BLOCK08/SES089/SA089S13	SES206	0.613235	-42.9844	-43.5977
BLOCK08/SES089/SA089S13	SES226	0.68457	-42.9131	-43.5977
BLOCK08/SES089/SA089S13	SES270	0.461742	-43.1359	-43.5977
BLOCK08/SES089/SA089S14	SES062	0.598339	-42.8239	-43.4222
BLOCK08/SES089/SA089S14	SES087	0.950367	-42.4719	-43.4222
BLOCK08/SES089/SA089S14	SES206	0.950203	-42.472	-43.4222
BLOCK08/SES089/SA089S14	SES226	1.08133	-42.3409	-43.4222
BLOCK08/SES089/SA089S23	SES087	0.608894	-43.0298	-43.6387
BLOCK08/SES089/SA089S23	SES206	0.717442	-42.9213	-43.6387
BLOCK08/SES089/SA089S23	SES226	0.686394	-42.9523	-43.6387
BLOCK08/SES089/SA089S23	SES270	0.44276	-43.1959	-43.6387
BLOCK08/SES089/SA089S25	SES062	0.539993	-42.7143	-43.2543
BLOCK08/SES089/SA089S25	SES087	0.824993	-42.4293	-43.2543
BLOCK08/SES089/SA089S25	SES206	0.798882	-42.4554	-43.2543
BLOCK08/SES089/SA089S25	SES226	1.01399	-42.2403	-43.2543
BLOCK08/SES089/SA089S28	SES062	0.491051	-42.5661	-43.0572
BLOCK08/SES089/SA089S28	SES087	0.655434	-42.4017	-43.0572
BLOCK08/SES089/SA089S28	SES206	0.677799	-42.3794	-43.0572
BLOCK08/SES089/SA089S28	SES226	0.828835	-42.2283	-43.0572
BLOCK09/SES097/SA097S11	SES099	0.798237	-43.5542	-44.3524
BLOCK09/SES097/SA097S11	SES125	0.784992	-43.5674	-44.3524
BLOCK09/SES097/SA097S11	SES206	0.505718	-43.8467	-44.3524
BLOCK09/SES097/SA097S11	SES226	0.535198	-43.8172	-44.3524
BLOCK09/SES097/SA097S14	SES062	0.356396	-43.6306	-43.987
BLOCK09/SES097/SA097S14	SES099	0.675457	-43.3115	-43.987
BLOCK09/SES097/SA097S14	SES104	0.696857	-43.2901	-43.987
BLOCK09/SES097/SA097S14	SES206	0.576176	-43.4108	-43.987
BLOCK09/SES097/SA097S22	SES099	0.672714	-44.1852	-44.8579
BLOCK09/SES097/SA097S22	SES206	0.340504	-44.5174	-44.8579
BLOCK09/SES097/SA097S22	SES226	0.263767	-44.5941	-44.8579
BLOCK09/SES097/SA097S22	SES270	0.551418	-44.3064	-44.8579
BLOCK09/SES097/SA097S26	SES099	0.569168	-43.2066	-43.7758
BLOCK09/SES097/SA097S26	SES120	0.119102	-43.6567	-43.7758
BLOCK09/SES097/SA097S26	SES206	0.255093	-43.5207	-43.7758
BLOCK09/SES097/SA097S26	SES226	0.367146	-43.4086	-43.7758
BLOCK09/SES097/SA097S28	SES099	0.69136	-43.5257	-44.2171
BLOCK09/SES097/SA097S28	SES120	0.158043	-44.059	-44.2171
BLOCK09/SES097/SA097S28	SES206	0.548317	-43.6688	-44.2171
BLOCK09/SES097/SA097S28	SES226	0.599354	-43.6177	-44.2171
BLOCK09/SES098/SA098S11	SES127	0.336342	-45.3306	-45.6669
BLOCK09/SES098/SA098S11	SES144	0.792274	-44.8746	-45.6669
BLOCK09/SES098/SA098S11	SES147	0.422161	-45.2448	-45.6669
BLOCK09/SES098/SA098S11	SES148	0.429539	-45.2374	-45.6669
BLOCK09/SES098/SA098S12	SES127	0.611038	-46.5267	-47.1377
BLOCK09/SES098/SA098S12	SES144	1.23587	-45.9018	-47.1377
BLOCK09/SES098/SA098S12	SES147	0.584858	-46.5529	-47.1377
BLOCK09/SES098/SA098S12	SES189	1.41597	-45.7218	-47.1377
BLOCK09/SES098/SA098S20	SES127	0.637951	-45.6366	-46.2746
BLOCK09/SES098/SA098S20	SES147	0.516888	-45.7577	-46.2746
BLOCK09/SES098/SA098S20	SES148	0.472553	-45.802	-46.2746
BLOCK09/SES098/SA098S20	SES292	0.585941	-45.6886	-46.2746
BLOCK09/SES098/SA098S23	SES127	0.880737	-44.121	-45.0017
BLOCK09/SES098/SA098S23	SES147	0.495384	-44.5063	-45.0017
BLOCK09/SES098/SA098S23	SES187	1.23911	-43.7626	-45.0017
BLOCK09/SES098/SA098S23	SES292	0.595299	-44.4064	-45.0017
BLOCK09/SES098/SA098S27	SES127	0.521385	-45.6259	-46.1473
BLOCK09/SES098/SA098S27	SES147	0.575138	-45.5721	-46.1473
BLOCK09/SES098/SA098S27	SES148	0.445232	-45.702	-46.1473
BLOCK09/SES098/SA098S27	SES292	0.620945	-45.5263	-46.1473
BLOCK10/SES102/SA102S13	SES101	0.611893	-43.6291	-44.241
BLOCK10/SES102/SA102S13	SES105	-0.0755348	-44.3166	-44.241
BLOCK10/SES102/SA102S13	SES120	0.202572	-44.0385	-44.241
BLOCK10/SES102/SA102S13	SES158	-0.52853	-44.7696	-44.241
BLOCK10/SES102/SA102S14	SES007	0.360828	-44.0885	-44.4493
BLOCK10/SES102/SA102S14	SES101	0.391029	-44.0583	-44.4493
BLOCK10/SES102/SA102S14	SES105	0.15398	-44.2953	-44.4493
BLOCK10/SES102/SA102S14	SES147	0.0419273	-44.4074	-44.4493
BLOCK10/SES102/SA102S22	SES007	0.335957	-43.4841	-43.8201
BLOCK10/SES102/SA102S22	SES101	0.370106	-43.45	-43.8201
BLOCK10/SES102/SA102S22	SES105	0.218197	-43.6019	-43.8201
BLOCK10/SES102/SA102S22	SES158	0.0909576	-43.7291	-43.8201
BLOCK10/SES102/SA102S25	SES007	0.357002	-43.103	-43.46
BLOCK10/SES102/SA102S25	SES101	0.377476	-43.0825	-43.46
BLOCK10/SES102/SA102S25	SES105	0.159904	-43.3001	-43.46
BLOCK10/SES102/SA102S25	SES147	0.0564003	-43.4036	-43.46
BLOCK10/SES102/SA102S27	SES007	0.435356	-43.9418	-44.3772
BLOCK10/SES102/SA102S27	SES101	0.443367	-43.9338	-44.3772
BLOCK10/SES102/SA102S27	SES105	0.174927	-44.2023	-44.3772
BLOCK10/SES102/SA102S27	SES147	0.104774	-44.2724	-44.3772
BLOCK10/SES103/SA103S14	SES105	0.588284	-43.1614	-43.7497
BLOCK10/SES103/SA103S14	SES106	0.793201	-42.9565	-43.7497
BLOCK10/SES103/SA103S14	SES120	0.0290108	-43.7207	-43.7497
BLOCK10/SES103/SA103S14	SES206	0.820637	-42.9291	-43.7497
BLOCK10/SES103/SA103S15	SES099	0.816151	-43.6712	-44.4874
BLOCK10/SES103/SA103S15	SES101	0.267246	-44.2201	-44.4874
BLOCK10/SES103/SA103S15	SES104	0.893421	-43.594	-44.4874
BLOCK10/SES103/SA103S15	SES125	0.672779	-43.8146	-44.4874
BLOCK10/SES103/SA103S24	SES104	1.1003	-42.7063	-43.8066
BLOCK10/SES103/SA103S24	SES125	0.890327	-42.9163	-43.8066
BLOCK10/SES103/SA103S24	SES148	-0.213272	-44.0199	-43.8066
BLOCK10/SES103/SA103S24	SES158	0.822605	-42.984	-43.8066
BLOCK10/SES103/SA103S26	SES104	0.859486	-43.3793	-44.2388
BLOCK10/SES103/SA103S26	SES106	0.791885	-43.4469	-44.2388
BLOCK10/SES103/SA103S26	SES125	0.743065	-43.4957	-44.2388
BLOCK10/SES103/SA103S26	SES148	-0.271103	-44.5099	-44.2388
BLOCK10/SES103/SA103S28	SES104	0.73457	-44.0596	-44.7942
BLOCK10/SES103/SA103S28	SES106	0.599659	-44.1945	-44.7942
BLOCK10/SES103/SA103S28	SES125	0.605576	-44.1886	-44.7942
BLOCK10/SES103/SA103S28	SES206	0.631916	-44.1623	-44.7942
BLOCK12/SES121/SA121S12	SES042	1.07313	-43.5222	-44.5953
BLOCK12/SES121/SA121S12	SES087	0.93927	-43.6561	-44.5953
BLOCK12/SES121/SA121S12	SES105	0.651627	-43.9437	-44.5953
BLOCK12/SES121/SA121S12	SES206	0.993263	-43.6021	-44.5953
BLOCK12/SES121/SA121S14	SES007	0.409008	-44.4262	-44.8352
BLOCK12/SES121/SA121S14	SES105	0.571285	-44.2639	-44.8352
BLOCK12/SES121/SA121S14	SES106	0.709282	-44.1259	-44.8352
BLOCK12/SES121/SA121S14	SES206	0.829937	-44.0053	-44.8352
BLOCK12/SES121/SA121S23	SES105	0.654316	-45.0296	-45.6839
BLOCK12/SES121/SA121S23	SES106	0.906048	-44.7778	-45.6839
BLOCK12/SES121/SA121S23	SES120	0.0990372	-45.5849	-45.6839
BLOCK12/SES121/SA121S23	SES206	0.957813	-44.7261	-45.6839
BLOCK12/SES121/SA121S25	SES007	0.469318	-45.0563	-45.5256
BLOCK12/SES121/SA121S25	SES105	0.569317	-44.9563	-45.5256
BLOCK12/SES121/SA121S25	SES106	0.741173	-44.7845	-45.5256
BLOCK12/SES121/SA121S25	SES206	0.866158	-44.6595	-45.5256
BLOCK12/SES121/SA121S27	SES087	0.741516	-44.4854	-45.2269
BLOCK12/SES121/SA121S27	SES105	0.582245	-44.6447	-45.2269
BLOCK12/SES121/SA121S27	SES120	0.12986	-45.0971	-45.2269
BLOCK12/SES121/SA121S27	SES206	0.86293	-44.364	-45.2269
BLOCK12/SES124/SA124S16	SES042	0.812428	-42.8291	-43.6415
BLOCK12/SES124/SA124S16	SES082	0.893097	-42.7484	-43.6415
BLOCK12/SES124/SA124S16	SES183	-0.142025	-43.7836	-43.6415
BLOCK12/SES124/SA124S16	SES206	0.841434	-42.8001	-43.6415
BLOCK12/SES124/SA124S17	SES105	0.59132	-43.7395	-44.3308
BLOCK12/SES124/SA124S17	SES149	0.635536	-43.6952	-44.3308
BLOCK12/SES124/SA124S17	SES158	0.70713	-43.6237	-44.3308
BLOCK12/SES124/SA124S17	SES275	0.0958672	-44.2349	-44.3308
BLOCK12/SES124/SA124S23	SES105	0.625088	-42.5015	-43.1266
BLOCK12/SES124/SA124S23	SES125	1.01193	-42.1147	-43.1266
BLOCK12/SES124/SA124S23	SES129	0.295082	-42.8315	-43.1266
BLOCK12/SES124/SA124S23	SES158	0.723576	-42.403	-43.1266
BLOCK12/SES124/SA124S26	SES105	0.531044	-43.2642	-43.7953
BLOCK12/SES124/SA124S26	SES125	0.990604	-42.8047	-43.7953
BLOCK12/SES124/SA124S26	SES129	-0.0771408	-43.8724	-43.7953
BLOCK12/SES124/SA124S26	SES158	0.778442	-43.0168	-43.7953
BLOCK12/SES124/SA124S28	SES104	1.10906	-42.3915	-43.5006
BLOCK12/SES124/SA124S28	SES106	0.988609	-42.512	-43.5006
BLOCK12/SES124/SA124S28	SES125	1.1046	-42.396	-43.5006
BLOCK12/SES124/SA124S28	SES275	0.199829	-43.3007	-43.5006
BLOCK12/SES126/SA126S13	SES007	0.347717	-44.2852	-44.6329
BLOCK12/SES126/SA126S13	SES162	0.951183	-43.6817	-44.6329
BLOCK12/SES126/SA126S13	SES177	0.932529	-43.7004	-44.6329
BLOCK12/SES126/SA126S13	SES180	0.901237	-43.7317	-44.6329
BLOCK12/SES126/SA126S14	SES144	0.833202	-42.7028	-43.536
BLOCK12/SES126/SA126S14	SES148	0.499821	-43.0361	-43.536
BLOCK12/SES126/SA126S14	SES177	1.13794	-42.398	-43.536
BLOCK12/SES126/SA126S14	SES180	1.01188	-42.5241	-43.536
BLOCK12/SES126/SA126S20	SES007	0.381596	-44.1082	-44.4898
BLOCK12/SES126/SA126S20	SES162	0.530605	-43.9592	-44.4898
BLOCK12/SES126/SA126S20	SES172	0.552177	-43.9376	-44.4898
BLOCK12/SES126/SA126S20	SES180	0.0888481	-44.401	-44.4898
BLOCK12/SES126/SA126S24	SES120	0.583778	-43.603	-44.1867
BLOCK12/SES126/SA126S24	SES162	1.17985	-43.0069	-44.1867
BLOCK12/SES126/SA126S24	SES177	1.21768	-42.969	-44.1867
BLOCK12/SES126/SA126S24	SES180	1.12716	-43.0596	-44.1867
BLOCK12/SES126/SA126S26	SES120	0.537441	-43.7303	-44.2678
BLOCK12/SES126/SA126S26	SES177	0.856308	-43.4115	-44.2678
BLOCK12/SES126/SA126S26	SES180	0.682861	-43.5849	-44.2678
BLOCK12/SES126/SA126S26	SES202	0.508907	-43.7589	-44.2678
BLOCK12/SES128/SA128S10	SES087	0.364429	-42.7967	-43.1612
BLOCK12/SES128/SA128S10	SES206	0.445007	-42.7162	-43.1612
BLOCK12/SES128/SA128S10	SES226	0.509739	-42.6514	-43.1612
BLOCK12/SES128/SA128S10	SES270	0.409195	-42.752	-43.1612
BLOCK12/SES128/SA128S12	SES120	0.123497	-43.6076	-43.7311
BLOCK12/SES128/SA128S12	SES158	0.416889	-43.3142	-43.7311
BLOCK12/SES128/SA128S12	SES206	0.657185	-43.0739	-43.7311
BLOCK12/SES128/SA128S12	SES226	0.721088	-43.01	-43.7311
BLOCK12/SES128/SA128S21	SES106	0.159004	-44.3369	-44.4959
BLOCK12/SES128/SA128S21	SES120	0.120907	-44.375	-44.4959
BLOCK12/SES128/SA128S21	SES206	0.172871	-44.323	-44.4959
BLOCK12/SES128/SA128S21	SES226	0.152729	-44.3432	-44.4959
BLOCK12/SES128/SA128S24	SES087	0.270634	-43.1553	-43.426
BLOCK12/SES128/SA128S24	SES120	0.130123	-43.2958	-43.426
BLOCK12/SES128/SA128S24	SES206	0.459621	-42.9663	-43.426
BLOCK12/SES128/SA128S24	SES226	0.495003	-42.931	-43.426
BLOCK12/SES128/SA128S27	SES099	0.335125	-42.3739	-42.709
BLOCK12/SES128/SA128S27	SES120	0.0208282	-42.6882	-42.709
BLOCK12/SES128/SA128S27	SES206	0.289749	-42.4193	-42.709
BLOCK12/SES128/SA128S27	SES226	0.408825	-42.3002	-42.709
BLOCK13/SES130/SA130S13	SES143	0.241043	-44.6449	-44.886
BLOCK13/SES130/SA130S13	SES144	0.515564	-44.3704	-44.886
BLOCK13/SES130/SA130S13	SES146	0.115723	-44.7703	-44.886
BLOCK13/SES130/SA130S13	SES275	0.16201	-44.724	-44.886
BLOCK13/SES130/SA130S15	SES143	0.219364	-43.2536	-43.4729
BLOCK13/SES130/SA130S15	SES144	0.382774	-43.0902	-43.4729
BLOCK13/SES130/SA130S15	SES146	0.182922	-43.29	-43.4729
BLOCK13/SES130/SA130S15	SES275	0.341564	-43.1314	-43.4729
BLOCK13/SES130/SA130S23	SES127	-0.246807	-43.8487	-43.6019
BLOCK13/SES130/SA130S23	SES144	0.159782	-43.4421	-43.6019
BLOCK13/SES130/SA130S23	SES146	0.0840645	-43.5178	-43.6019
BLOCK13/SES130/SA130S23	SES162	-0.144341	-43.7462	-43.6019
BLOCK13/SES130/SA130S25	SES127	-0.254948	-43.3771	-43.1221
BLOCK13/SES130/SA130S25	SES144	0.130787	-42.9913	-43.1221
BLOCK13/SES130/SA130S25	SES146	0.11591	-43.0062	-43.1221
BLOCK13/SES130/SA130S25	SES275	0.292404	-42.8297	-43.1221
BLOCK13/SES130/SA130S28	SES127	0.00748444	-43.0303	-43.0378
BLOCK13/SES130/SA130S28	SES144	0.216541	-42.8212	-43.0378
BLOCK13/SES130/SA130S28	SES146	0.161556	-42.8762	-43.0378
BLOCK13/SES130/SA130S28	SES275	0.241009	-42.7968	-43.0378
BLOCK13/SES131/SA131S13	SES002	0.677742	-44.2408	-44.9186
BLOCK13/SES131/SA131S13	SES007	0.304134	-44.6145	-44.9186
BLOCK13/SES131/SA131S13	SES099	0.718887	-44.1997	-44.9186
BLOCK13/SES131/SA131S13	SES105	0.478657	-44.4399	-44.9186
BLOCK13/SES131/SA131S14	SES104	1.33324	-43.5666	-44.8999
BLOCK13/SES131/SA131S14	SES106	1.21474	-43.6851	-44.8999
BLOCK13/SES131/SA131S14	SES125	1.04592	-43.8539	-44.8999
BLOCK13/SES131/SA131S14	SES148	-0.427933	-45.3278	-44.8999
BLOCK13/SES131/SA131S20	SES104	0.743305	-43.8568	-44.6001
BLOCK13/SES131/SA131S20	SES106	0.693619	-43.9065	-44.6001
BLOCK13/SES131/SA131S20	SES125	0.485233	-44.1149	-44.6001
BLOCK13/SES131/SA131S20	SES148	-0.380966	-44.9811	-44.6001
BLOCK13/SES131/SA131S22	SES099	0.758232	-43.0077	-43.7659
BLOCK13/SES131/SA131S22	SES104	0.855267	-42.9107	-43.7659
BLOCK13/SES131/SA131S22	SES125	0.679207	-43.0867	-43.7659
BLOCK13/SES131/SA131S22	SES206	0.76025	-43.0057	-43.7659
BLOCK13/SES131/SA131S29	SES087	0.505238	-43.8552	-44.3605
BLOCK13/SES131/SA131S29	SES104	0.710155	-43.6503	-44.3605
BLOCK13/SES131/SA131S29	SES125	0.588444	-43.772	-44.3605
BLOCK13/SES131/SA131S29	SES206	0.602264	-43.7582	-44.3605
BLOCK13/SES132/SA132S11	SES083	0.465137	-42.235	-42.7001
BLOCK13/SES132/SA132S11	SES120	0.372643	-42.3275	-42.7001
BLOCK13/SES132/SA132S11	SES127	0.248428	-42.4517	-42.7001
BLOCK13/SES132/SA132S11	SES275	0.358829	-42.3413	-42.7001
BLOCK13/SES132/SA132S12	SES083	0.443462	-42.2872	-42.7307
BLOCK13/SES132/SA132S12	SES143	0.417587	-42.3131	-42.7307
BLOCK13/SES132/SA132S12	SES144	0.561165	-42.1695	-42.7307
BLOCK13/SES132/SA132S12	SES148	0.438145	-42.2925	-42.7307
BLOCK13/SES132/SA132S22	SES062	0.295403	-42.7585	-43.0539
BLOCK13/SES132/SA132S22	SES083	0.458389	-42.5955	-43.0539
BLOCK13/SES132/SA132S22	SES127	0.0850639	-42.9688	-43.0539
BLOCK13/SES132/SA132S22	SES275	0.347973	-42.7059	-43.0539
BLOCK13/SES132/SA132S24	SES007	0.292988	-43.014	-43.307
BLOCK13/SES132/SA132S24	SES083	0.483219	-42.8238	-43.307
BLOCK13/SES132/SA132S24	SES127	-0.00803757	-43.3151	-43.307
BLOCK13/SES132/SA132S24	SES275	0.293976	-43.013	-43.307
BLOCK13/SES132/SA132S27	SES083	0.382008	-43.6187	-44.0007
BLOCK13/SES132/SA132S27	SES120	0.490677	-43.5101	-44.0007
BLOCK13/SES132/SA132S27	SES127	-0.0904961	-44.0912	-44.0007
BLOCK13/SES132/SA132S27	SES275	0.284054	-43.7167	-44.0007
BLOCK14/SES141/SA141S09	SES143	1.08067	-43.0647	-44.1453
BLOCK14/SES141/SA141S09	SES144	0.900875	-43.2445	-44.1453
BLOCK14/SES141/SA141S09	SES162	1.08299	-43.0623	-44.1453
BLOCK14/SES141/SA141S09	SES180	1.01175	-43.1336	-44.1453
BLOCK14/SES141/SA141S15	SES127	1.24051	-42.1572	-43.3978
BLOCK14/SES141/SA141S15	SES144	1.06897	-42.3288	-43.3978
BLOCK14/SES141/SA141S15	SES162	1.27018	-42.1276	-43.3978
BLOCK14/SES141/SA141S15	SES180	1.29365	-42.1041	-43.3978
BLOCK14/SES141/SA141S24	SES127	1.11233	-42.3286	-43.441
BLOCK14/SES141/SA141S24	SES144	0.979027	-42.4619	-43.441
BLOCK14/SES141/SA141S24	SES162	1.11725	-42.3237	-43.441
BLOCK14/SES141/SA141S24	SES183	0.590797	-42.8502	-43.441
BLOCK14/SES141/SA141S26	SES142	1.89373	-42.4947	-44.3884
BLOCK14/SES141/SA141S26	SES144	1.33508	-43.0533	-44.3884
BLOCK14/SES141/SA141S26	SES172	1.33659	-43.0518	-44.3884
BLOCK14/SES141/SA141S26	SES180	1.5096	-42.8788	-44.3884
BLOCK14/SES141/SA141S29	SES127	1.0489	-42.569	-43.6179
BLOCK14/SES141/SA141S29	SES142	1.17534	-42.4426	-43.6179
BLOCK14/SES141/SA141S29	SES144	0.905575	-42.7123	-43.6179
BLOCK14/SES141/SA141S29	SES180	1.09743	-42.5205	-43.6179
BLOCK15/SES157/SA157S08	SES083	0.333618	-42.9891	-43.3228
BLOCK15/SES157/SA157S08	SES127	-0.298954	-43.6217	-43.3228
BLOCK15/SES157/SA157S08	SES148	0.224613	-43.0982	-43.3228
BLOCK15/SES157/SA157S08	SES292	0.187618	-43.1351	-43.3228
BLOCK15/SES157/SA157S11	SES083	0.404167	-43.4878	-43.892
BLOCK15/SES157/SA157S11	SES127	-0.420856	-44.3128	-43.892
BLOCK15/SES157/SA157S11	SES148	0.221668	-43.6703	-43.892
BLOCK15/SES157/SA157S11	SES292	0.174244	-43.7177	-43.892
BLOCK15/SES157/SA157S21	SES127	-0.636539	-43.8667	-43.2301
BLOCK15/SES157/SA157S21	SES148	0.094101	-43.136	-43.2301
BLOCK15/SES157/SA157S21	SES158	-0.151775	-43.3819	-43.2301
BLOCK15/SES157/SA157S21	SES292	0.112167	-43.118	-43.2301
BLOCK15/SES157/SA157S24	SES127	-0.184551	-42.9547	-42.7701
BLOCK15/SES157/SA157S24	SES148	0.3414	-42.4287	-42.7701
BLOCK15/SES157/SA157S24	SES183	0.236904	-42.5332	-42.7701
BLOCK15/SES157/SA157S24	SES292	0.279491	-42.4906	-42.7701
BLOCK15/SES157/SA157S26	SES007	0.17424	-42.5839	-42.7582
BLOCK15/SES157/SA157S26	SES127	-0.114517	-42.8727	-42.7582
BLOCK15/SES157/SA157S26	SES147	0.102558	-42.6556	-42.7582
BLOCK15/SES157/SA157S26	SES148	0.292561	-42.4656	-42.7582
BLOCK16/SES161/SA161S10	SES007	0.295059	-43.9146	-44.2096
BLOCK16/SES161/SA161S10	SES105	0.404713	-43.8049	-44.2096
BLOCK16/SES161/SA161S10	SES158	0.505768	-43.7039	-44.2096
BLOCK16/SES161/SA161S10	SES275	0.148247	-44.0614	-44.2096
BLOCK16/SES161/SA161S12	SES007	0.370262	-43.6555	-44.0258
BLOCK16/SES161/SA161S12	SES105	0.499981	-43.5258	-44.0258
BLOCK16/SES161/SA161S12	SES158	0.660313	-43.3655	-44.0258
BLOCK16/SES161/SA161S12	SES275	0.264473	-43.7613	-44.0258
BLOCK16/SES161/SA161S20	SES007	0.390205	-44.0157	-44.4059
BLOCK16/SES161/SA161S20	SES105	0.501991	-43.9039	-44.4059
BLOCK16/SES161/SA161S20	SES158	0.533161	-43.8727	-44.4059
BLOCK16/SES161/SA161S20	SES275	0.233688	-44.1722	-44.4059
BLOCK16/SES161/SA161S23	SES007	0.448685	-43.7167	-44.1653
BLOCK16/SES161/SA161S23	SES105	0.487476	-43.6779	-44.1653
BLOCK16/SES161/SA161S23	SES148	-0.0344887	-44.1998	-44.1653
BLOCK16/SES161/SA161S23	SES158	0.678299	-43.487	-44.1653
BLOCK16/SES161/SA161S28	SES007	0.221249	-43.8843	-44.1056
BLOCK16/SES161/SA161S28	SES105	0.378704	-43.7269	-44.1056
BLOCK16/SES161/SA161S28	SES158	0.44223	-43.6634	-44.1056
BLOCK16/SES161/SA161S28	SES206	0.467484	-43.6381	-44.1056
BLOCK16/SES164/SA164S11	SES104	0.700516	-42.7617	-43.4622
BLOCK16/SES164/SA164S11	SES125	0.519833	-42.9424	-43.4622
BLOCK16/SES164/SA164S11	SES158	0.498127	-42.9641	-43.4622
BLOCK16/SES164/SA164S11	SES206	0.454857	-43.0074	-43.4622
BLOCK16/SES164/SA164S13	SES099	0.486843	-43.8182	-44.305
BLOCK16/SES164/SA164S13	SES104	0.404732	-43.9003	-44.305
BLOCK16/SES164/SA164S13	SES125	0.269585	-44.0354	-44.305
BLOCK16/SES164/SA164S13	SES206	0.253613	-44.0514	-44.305
BLOCK16/SES164/SA164S24	SES002	0.372948	-43.4327	-43.8057
BLOCK16/SES164/SA164S24	SES099	0.436478	-43.3692	-43.8057
BLOCK16/SES164/SA164S24	SES125	0.417057	-43.3886	-43.8057
BLOCK16/SES164/SA164S24	SES226	0.449165	-43.3565	-43.8057
BLOCK16/SES164/SA164S27	SES087	0.299618	-43.5344	-43.834
BLOCK16/SES164/SA164S27	SES125	0.395885	-43.4381	-43.834
BLOCK16/SES164/SA164S27	SES206	0.332989	-43.501	-43.834
BLOCK16/SES164/SA164S27	SES226	0.431828	-43.4022	-43.834
BLOCK16/SES164/SA164S29	SES002	0.504265	-43.3469	-43.8511
BLOCK16/SES164/SA164S29	SES019	0.365955	-43.4852	-43.8511
BLOCK16/SES164/SA164S29	SES125	0.501587	-43.3495	-43.8511
BLOCK16/SES164/SA164S29	SES226	0.495853	-43.3553	-43.8511
BLOCK16/SES169/SA169S13	SES117	-0.0663414	-43.3691	-43.3028
BLOCK16/SES169/SA169S13	SES144	0.306332	-42.9964	-43.3028
BLOCK16/SES169/SA169S13	SES146	0.153858	-43.1489	-43.3028
BLOCK16/SES169/SA169S13	SES162	-0.0517464	-43.3545	-43.3028
BLOCK16/SES169/SA169S14	SES144	0.21262	-42.8775	-43.0901
BLOCK16/SES169/SA169S14	SES148	0.212727	-42.8774	-43.0901
BLOCK16/SES169/SA169S14	SES177	0.0554085	-43.0347	-43.0901
BLOCK16/SES169/SA169S14	SES180	-0.584301	-43.6744	-43.0901
BLOCK16/SES169/SA169S24	SES117	-0.00508499	-43.9016	-43.8966
BLOCK16/SES169/SA169S24	SES144	0.183746	-43.7128	-43.8966
BLOCK16/SES169/SA169S24	SES146	0.088459	-43.8081	-43.8966
BLOCK16/SES169/SA169S24	SES162	-0.0512352	-43.9478	-43.8966
BLOCK16/SES169/SA169S27	SES127	-0.153419	-42.7911	-42.6377
BLOCK16/SES169/SA169S27	SES129	0.558685	-42.079	-42.6377
BLOCK16/SES169/SA169S27	SES144	0.221588	-42.4161	-42.6377
BLOCK16/SES169/SA169S27	SES146	0.17181	-42.4659	-42.6377
BLOCK16/SES169/SA169S29	SES144	0.267353	-42.3022	-42.5695
BLOCK16/SES169/SA169S29	SES162	-0.192165	-42.7617	-42.5695
BLOCK16/SES169/SA169S29	SES177	0.0977097	-42.4718	-42.5695
BLOCK16/SES169/SA169S29	SES180	-0.405804	-42.9753	-42.5695
BLOCK17/SES171/SA171S12	SES083	0.52927	-43.1976	-43.7269
BLOCK17/SES171/SA171S12	SES148	0.392464	-43.3344	-43.7269
BLOCK17/SES171/SA171S12	SES172	0.528622	-43.1983	-43.7269
BLOCK17/SES171/SA171S12	SES292	0.446037	-43.2809	-43.7269
BLOCK17/SES171/SA171S15	SES148	0.396225	-45.0511	-45.4473
BLOCK17/SES171/SA171S15	SES177	0.839859	-44.6074	-45.4473
BLOCK17/SES171/SA171S15	SES180	0.144344	-45.303	-45.4473
BLOCK17/SES171/SA171S15	SES292	0.296391	-45.1509	-45.4473
BLOCK17/SES171/SA171S22	SES007	0.24926	-43.2063	-43.4556
BLOCK17/SES171/SA171S22	SES148	0.330204	-43.1254	-43.4556
BLOCK17/SES171/SA171S22	SES177	0.360363	-43.0952	-43.4556
BLOCK17/SES171/SA171S22	SES180	-0.0860939	-43.5417	-43.4556
BLOCK17/SES171/SA171S25	SES101	0.673904	-45.1245	-45.7984
BLOCK17/SES171/SA171S25	SES120	0.491966	-45.3064	-45.7984
BLOCK17/SES171/SA171S25	SES177	0.929646	-44.8687	-45.7984
BLOCK17/SES171/SA171S25	SES180	0.462429	-45.336	-45.7984
BLOCK17/SES171/SA171S27	SES177	0.587505	-43.9986	-44.5861
BLOCK17/SES171/SA171S27	SES180	0.139549	-44.4466	-44.5861
BLOCK17/SES171/SA171S27	SES189	0.337948	-44.2482	-44.5861
BLOCK17/SES171/SA171S27	SES292	0.420433	-44.1657	-44.5861
BLOCK17/SES173/SA173S13	SES162	1.6721	-44.413	-46.0851
BLOCK17/SES173/SA173S13	SES177	1.73855	-44.3465	-46.0851
BLOCK17/SES173/SA173S13	SES180	1.2439	-44.8412	-46.0851
BLOCK17/SES173/SA173S13	SES292	0.689541	-45.3955	-46.0851
BLOCK17/SES173/SA173S14	SES007	0.369385	-45.8808	-46.2502
BLOCK17/SES173/SA173S14	SES162	1.3555	-44.8947	-46.2502
BLOCK17/SES173/SA173S14	SES177	1.42282	-44.8274	-46.2502
BLOCK17/SES173/SA173S14	SES180	0.834373	-45.4158	-46.2502
BLOCK17/SES173/SA173S24	SES144	1.54462	-45.3898	-46.9344
BLOCK17/SES173/SA173S24	SES162	1.51217	-45.4223	-46.9344
BLOCK17/SES173/SA173S24	SES177	1.50104	-45.4334	-46.9344
BLOCK17/SES173/SA173S24	SES180	1.2162	-45.7182	-46.9344
BLOCK17/SES173/SA173S27	SES162	1.55625	-43.9633	-45.5195
BLOCK17/SES173/SA173S27	SES177	1.63993	-43.8796	-45.5195
BLOCK17/SES173/SA173S27	SES180	1.26558	-44.254	-45.5195
BLOCK17/SES173/SA173S27	SES292	0.70969	-44.8098	-45.5195
BLOCK17/SES173/SA173S29	SES162	1.55818	-45.3371	-46.8953
BLOCK17/SES173/SA173S29	SES175	1.72205	-45.1732	-46.8953
BLOCK17/SES173/SA173S29	SES177	1.55757	-45.3377	-46.8953
BLOCK17/SES173/SA173S29	SES292	0.670898	-46.2244	-46.8953
BLOCK18/SES182/SA182S10	SES144	0.710552	-42.5811	-43.2917
BLOCK18/SES182/SA182S10	SES177	0.679798	-42.6119	-43.2917
BLOCK18/SES182/SA182S10	SES180	0.17907	-43.1126	-43.2917
BLOCK18/SES182/SA182S10	SES275	0.320988	-42.9707	-43.2917
BLOCK18/SES182/SA182S12	SES144	0.622219	-42.3617	-42.984
BLOCK18/SES182/SA182S12	SES177	0.621513	-42.3624	-42.984
BLOCK18/SES182/SA182S12	SES180	0.261883	-42.7221	-42.984
BLOCK18/SES182/SA182S12	SES275	0.179703	-42.8043	-42.984
BLOCK18/SES182/SA182S21	SES117	0.83073	-43.5508	-44.3815
BLOCK18/SES182/SA182S21	SES144	0.836597	-43.5449	-44.3815
BLOCK18/SES182/SA182S21	SES162	0.955097	-43.4264	-44.3815
BLOCK18/SES182/SA182S21	SES180	0.87719	-43.5043	-44.3815
BLOCK18/SES182/SA182S23	SES117	0.407394	-43.2284	-43.6358
BLOCK18/SES182/SA182S23	SES144	0.546906	-43.0889	-43.6358
BLOCK18/SES182/SA182S23	SES180	0.395943	-43.2398	-43.6358
BLOCK18/SES182/SA182S23	SES275	0.344131	-43.2916	-43.6358
BLOCK18/SES182/SA182S25	SES007	0.470776	-44.0552	-44.526
BLOCK18/SES182/SA182S25	SES162	0.74213	-43.7839	-44.526
BLOCK18/SES182/SA182S25	SES177	0.838432	-43.6876	-44.526
BLOCK18/SES182/SA182S25	SES180	0.518024	-44.008	-44.526
BLOCK18/SES184/SA184S12	SES177	0.39904	-43.186	-43.5851
BLOCK18/SES184/SA184S12	SES180	0.170334	-43.4148	-43.5851
BLOCK18/SES184/SA184S12	SES189	0.0129509	-43.5721	-43.5851
BLOCK18/SES184/SA184S12	SES292	0.39764	-43.1874	-43.5851
BLOCK18/SES184/SA184S13	SES101	0.38731	-43.2673	-43.6547
BLOCK18/SES184/SA184S13	SES177	0.615185	-43.0395	-43.6547
BLOCK18/SES184/SA184S13	SES180	0.459812	-43.1948	-43.6547
BLOCK18/SES184/SA184S13	SES292	0.473686	-43.181	-43.6547
BLOCK18/SES184/SA184S22	SES177	0.634472	-43.1862	-43.8207
BLOCK18/SES184/SA184S22	SES180	0.367462	-43.4532	-43.8207
BLOCK18/SES184/SA184S22	SES189	0.0532608	-43.7674	-43.8207
BLOCK18/SES184/SA184S22	SES292	0.481636	-43.3391	-43.8207
BLOCK18/SES184/SA184S25	SES101	0.493267	-42.5425	-43.0357
BLOCK18/SES184/SA184S25	SES177	0.674736	-42.361	-43.0357
BLOCK18/SES184/SA184S25	SES180	0.426979	-42.6088	-43.0357
BLOCK18/SES184/SA184S25	SES292	0.497692	-42.5381	-43.0357
BLOCK18/SES184/SA184S27	SES083	0.457466	-43.0485	-43.506
BLOCK18/SES184/SA184S27	SES177	0.511917	-42.994	-43.506
BLOCK18/SES184/SA184S27	SES202	0.264328	-43.2416	-43.506
BLOCK18/SES184/SA184S27	SES292	0.367115	-43.1388	-43.506
BLOCK20/SES204/SA204S12	SES062	0.377335	-43.5875	-43.9648
BLOCK20/SES204/SA204S12	SES083	0.256481	-43.7084	-43.9648
BLOCK20/SES204/SA204S12	SES206	0.411167	-43.5537	-43.9648
BLOCK20/SES204/SA204S12	SES226	0.416977	-43.5479	-43.9648
BLOCK20/SES204/SA204S14	SES068	0.0477219	-43.2577	-43.3054
BLOCK20/SES204/SA204S14	SES087	0.494396	-42.811	-43.3054
BLOCK20/SES204/SA204S14	SES206	0.396114	-42.9093	-43.3054
BLOCK20/SES204/SA204S14	SES226	0.515568	-42.7899	-43.3054
BLOCK20/SES204/SA204S22	SES068	-0.0381546	-43.9709	-43.9327
BLOCK20/SES204/SA204S22	SES082	0.136726	-43.796	-43.9327
BLOCK20/SES204/SA204S22	SES083	0.174335	-43.7584	-43.9327
BLOCK20/SES204/SA204S22	SES206	0.0737381	-43.859	-43.9327
BLOCK20/SES204/SA204S25	SES062	0.248154	-43.6146	-43.8627
BLOCK20/SES204/SA204S25	SES083	0.136009	-43.7267	-43.8627
BLOCK20/SES204/SA204S25	SES206	0.231724	-43.631	-43.8627
BLOCK20/SES204/SA204S25	SES226	0.307625	-43.5551	-43.8627
BLOCK20/SES204/SA204S27	SES068	-0.052063	-43.9558	-43.9037
BLOCK20/SES204/SA204S27	SES082	0.555832	-43.3479	-43.9037
BLOCK20/SES204/SA204S27	SES087	0.487625	-43.4161	-43.9037
BLOCK20/SES204/SA204S27	SES206	0.458549	-43.4452	-43.9037
BLOCK20/SES207/SA207S10	SES127	0.183586	-44.0621	-44.2457
BLOCK20/SES207/SA207S10	SES183	0.364799	-43.8809	-44.2457
BLOCK20/SES207/SA207S10	SES189	0.20647	-44.0392	-44.2457
BLOCK20/SES207/SA207S10	SES292	0.37912	-43.8666	-44.2457
BLOCK20/SES207/SA207S11	SES127	-0.226051	-44.819	-44.593
BLOCK20/SES207/SA207S11	SES183	0.257038	-44.3359	-44.593
BLOCK20/SES207/SA207S11	SES187	0.414116	-44.1789	-44.593
BLOCK20/SES207/SA207S11	SES292	0.218639	-44.3743	-44.593
BLOCK20/SES207/SA207S25	SES068	0.600716	-43.5566	-44.1573
BLOCK20/SES207/SA207S25	SES083	0.626022	-43.5313	-44.1573
BLOCK20/SES207/SA207S25	SES127	0.549149	-43.6082	-44.1573
BLOCK20/SES207/SA207S25	SES187	0.965725	-43.1916	-44.1573
BLOCK20/SES207/SA207S27	SES127	0.162632	-44.3028	-44.4654
BLOCK20/SES207/SA207S27	SES183	0.355122	-44.1103	-44.4654
BLOCK20/SES207/SA207S27	SES187	0.682972	-43.7824	-44.4654
BLOCK20/SES207/SA207S27	SES292	0.331364	-44.134	-44.4654
BLOCK20/SES207/SA207S29	SES083	0.688953	-43.7637	-44.4527
BLOCK20/SES207/SA207S29	SES085	0.880661	-43.572	-44.4527
BLOCK20/SES207/SA207S29	SES172	0.878387	-43.5743	-44.4527
BLOCK20/SES207/SA207S29	SES189	0.423626	-44.029	-44.4527
BLOCK22/SES221/SA221S12	SES068	0.664089	-45.0629	-45.7269
BLOCK22/SES221/SA221S12	SES143	1.12289	-44.6041	-45.7269
BLOCK22/SES221/SA221S12	SES175	1.39848	-44.3285	-45.7269
BLOCK22/SES221/SA221S12	SES202	1.3656	-44.3613	-45.7269
BLOCK22/SES221/SA221S15	SES085	1.03346	-45.5516	-46.585
BLOCK22/SES221/SA221S15	SES143	1.01307	-45.572	-46.585
BLOCK22/SES221/SA221S15	SES175	1.38511	-45.1999	-46.585
BLOCK22/SES221/SA221S15	SES187	1.49204	-45.093	-46.585
BLOCK22/SES221/SA221S23	SES068	0.710926	-45.4462	-46.1571
BLOCK22/SES221/SA221S23	SES143	0.857555	-45.2995	-46.1571
BLOCK22/SES221/SA221S23	SES175	1.2432	-44.9139	-46.1571
BLOCK22/SES221/SA221S23	SES189	1.10231	-45.0548	-46.1571
BLOCK22/SES221/SA221S27	SES085	1.21327	-44.6683	-45.8816
BLOCK22/SES221/SA221S27	SES143	1.29221	-44.5894	-45.8816
BLOCK22/SES221/SA221S27	SES175	1.59668	-44.2849	-45.8816
BLOCK22/SES221/SA221S27	SES189	1.12623	-44.7554	-45.8816
BLOCK22/SES221/SA221S29	SES085	1.33746	-45.8773	-47.2148
BLOCK22/SES221/SA221S29	SES143	1.42233	-45.7925	-47.2148
BLOCK22/SES221/SA221S29	SES175	1.84507	-45.3697	-47.2148
BLOCK22/SES221/SA221S29	SES187	1.88361	-45.3312	-47.2148
BLOCK22/SES223/SA223S11	SES143	0.93243	-44.6973	-45.6297
BLOCK22/SES223/SA223S11	SES144	0.915596	-44.7141	-45.6297
BLOCK22/SES223/SA223S11	SES175	1.01243	-44.6173	-45.6297
BLOCK22/SES223/SA223S11	SES187	1.21688	-44.4129	-45.6297
BLOCK22/SES223/SA223S13	SES068	0.743973	-45.3744	-46.1184
BLOCK22/SES223/SA223S13	SES143	1.05291	-45.0655	-46.1184
BLOCK22/SES223/SA223S13	SES146	0.14909	-45.9693	-46.1184
BLOCK22/SES223/SA223S13	SES202	1.24952	-44.8689	-46.1184
BLOCK22/SES223/SA223S22	SES143	0.738182	-44.6421	-45.3803
BLOCK22/SES223/SA223S22	SES144	0.737648	-44.6427	-45.3803
BLOCK22/SES223/SA223S22	SES175	0.712944	-44.6674	-45.3803
BLOCK22/SES223/SA223S22	SES187	0.895264	-44.485	-45.3803
BLOCK22/SES223/SA223S25	SES068	0.901325	-44.9295	-45.8308
BLOCK22/SES223/SA223S25	SES143	1.01617	-44.8147	-45.8308
BLOCK22/SES223/SA223S25	SES175	0.932812	-44.898	-45.8308
BLOCK22/SES223/SA223S25	SES187	1.19186	-44.639	-45.8308
BLOCK22/SES223/SA223S27	SES143	1.22219	-44.4963	-45.7185
BLOCK22/SES223/SA223S27	SES146	0.229507	-45.4889	-45.7185
BLOCK22/SES223/SA223S27	SES187	1.47502	-44.2434	-45.7185
BLOCK22/SES223/SA223S27	SES292	0.560402	-45.1581	-45.7185
BLOCK27/SES273/SA273S12	SES099	0.879837	-42.657	-43.5368
BLOCK27/SES273/SA273S12	SES104	0.973644	-42.5632	-43.5368
BLOCK27/SES273/SA273S12	SES125	0.911659	-42.6251	-43.5368
BLOCK27/SES273/SA273S12	SES206	0.815819	-42.721	-43.5368
BLOCK27/SES273/SA273S13	SES099	0.910828	-42.3904	-43.3012
BLOCK27/SES273/SA273S13	SES104	1.03363	-42.2676	-43.3012
BLOCK27/SES273/SA273S13	SES206	0.871239	-42.43	-43.3012
BLOCK27/SES273/SA273S13	SES292	-0.0483322	-43.3495	-43.3012
BLOCK27/SES273/SA273S21	SES099	0.760529	-42.0183	-42.7788
BLOCK27/SES273/SA273S21	SES148	0.0793953	-42.6994	-42.7788
BLOCK27/SES273/SA273S21	SES149	0.727779	-42.0511	-42.7788
BLOCK27/SES273/SA273S21	SES177	-0.440136	-43.219	-42.7788
BLOCK27/SES273/SA273S25	SES104	0.998695	-42.6307	-43.6294
BLOCK27/SES273/SA273S25	SES125	1	-42.6294	-43.6294
BLOCK27/SES273/SA273S25	SES158	0.89529	-42.7341	-43.6294
BLOCK27/SES273/SA273S25	SES206	0.776173	-42.8532	-43.6294
BLOCK27/SES273/SA273S27	SES099	0.659779	-42.8199	-43.4797
BLOCK27/SES273/SA273S27	SES104	0.721432	-42.7583	-43.4797
BLOCK27/SES273/SA273S27	SES149	0.731457	-42.7483	-43.4797
BLOCK27/SES273/SA273S27	SES275	0.311569	-43.1681	-43.4797
BLOCK27/SES274/SA274S10	SES105	0.379143	-42.2378	-42.617
BLOCK27/SES274/SA274S10	SES125	0.766338	-41.8506	-42.617
BLOCK27/SES274/SA274S10	SES129	0.510952	-42.106	-42.617
BLOCK27/SES274/SA274S10	SES158	0.391628	-42.2253	-42.617
BLOCK27/SES274/SA274S11	SES105	0.456482	-42.053	-42.5094
BLOCK27/SES274/SA274S11	SES149	0.615856	-41.8936	-42.5094
BLOCK27/SES274/SA274S11	SES158	0.385807	-42.1236	-42.5094
BLOCK27/SES274/SA274S11	SES275	0.39777	-42.1117	-42.5094
BLOCK27/SES274/SA274S21	SES105	0.434399	-41.8254	-42.2598
BLOCK27/SES274/SA274S21	SES129	0.555023	-41.7047	-42.2598
BLOCK27/SES274/SA274S21	SES149	0.624062	-41.6357	-42.2598
BLOCK27/SES274/SA274S21	SES158	0.145538	-42.1142	-42.2598
BLOCK27/SES274/SA274S24	SES105	0.41864	-42.1303	-42.549
BLOCK27/SES274/SA274S24	SES129	0.510593	-42.0384	-42.549
BLOCK27/SES274/SA274S24	SES149	0.574184	-41.9748	-42.549
BLOCK27/SES274/SA274S24	SES158	0.312267	-42.2367	-42.549
BLOCK27/SES274/SA274S29	SES105	0.395489	-42.1986	-42.5941
BLOCK27/SES274/SA274S29	SES106	0.269154	-42.3249	-42.5941
BLOCK27/SES274/SA274S29	SES120	0.185341	-42.4088	-42.5941
BLOCK27/SES274/SA274S29	SES275	0.359623	-42.2345	-42.5941
BLOCK27/SES276/SA276S16	SES148	0.270557	-43.1361	-43.4067
BLOCK27/SES276/SA276S16	SES172	0.37413	-43.0326	-43.4067
BLOCK27/SES276/SA276S16	SES180	-0.0107956	-43.4175	-43.4067
BLOCK27/SES276/SA276S16	SES292	0.329304	-43.0774	-43.4067
BLOCK27/SES276/SA276S17	SES101	0.333233	-42.8214	-43.1547
BLOCK27/SES276/SA276S17	SES177	0.478397	-42.6763	-43.1547
BLOCK27/SES276/SA276S17	SES180	0.152378	-43.0023	-43.1547
BLOCK27/SES276/SA276S17	SES292	0.465248	-42.6894	-43.1547
BLOCK27/SES276/SA276S24	SES101	0.376034	-42.8509	-43.2269
BLOCK27/SES276/SA276S24	SES177	0.479183	-42.7477	-43.2269
BLOCK27/SES276/SA276S24	SES180	-0.0801468	-43.307	-43.2269
BLOCK27/SES276/SA276S24	SES292	0.41296	-42.8139	-43.2269
BLOCK27/SES276/SA276S26	SES101	0.401184	-43.5556	-43.9568
BLOCK27/SES276/SA276S26	SES177	0.607418	-43.3494	-43.9568
BLOCK27/SES276/SA276S26	SES180	0.240311	-43.7165	-43.9568
BLOCK27/SES276/SA276S26	SES292	0.45715	-43.4997	-43.9568
BLOCK27/SES276/SA276S28	SES101	0.365208	-43.399	-43.7642
BLOCK27/SES276/SA276S28	SES177	0.518173	-43.246	-43.7642
BLOCK27/SES276/SA276S28	SES180	0.228622	-43.5356	-43.7642
BLOCK27/SES276/SA276S28	SES292	0.465466	-43.2987	-43.7642
BLOCK27/SES277/SA277S12	SES101	0.613708	-43.2125	-43.8262
BLOCK27/SES277/SA277S12	SES177	0.71199	-43.1143	-43.8262
BLOCK27/SES277/SA277S12	SES180	0.221802	-43.6044	-43.8262
BLOCK27/SES277/SA277S12	SES292	0.489178	-43.3371	-43.8262
BLOCK27/SES277/SA277S14	SES177	0.92498	-43.7859	-44.7109
BLOCK27/SES277/SA277S14	SES180	0.402943	-44.308	-44.7109
BLOCK27/SES277/SA277S14	SES189	0.378658	-44.3322	-44.7109
BLOCK27/SES277/SA277S14	SES292	0.46114	-44.2498	-44.7109
BLOCK27/SES277/SA277S21	SES177	0.569908	-43.0746	-43.6445
BLOCK27/SES277/SA277S21	SES180	0.144764	-43.4997	-43.6445
BLOCK27/SES277/SA277S21	SES189	-0.0141258	-43.6586	-43.6445
BLOCK27/SES277/SA277S21	SES292	0.475231	-43.1693	-43.6445
BLOCK27/SES277/SA277S24	SES144	0.662537	-44.0701	-44.7326
BLOCK27/SES277/SA277S24	SES177	0.762493	-43.9701	-44.7326
BLOCK27/SES277/SA277S24	SES180	0.381599	-44.351	-44.7326
BLOCK27/SES277/SA277S24	SES189	0.295078	-44.4375	-44.7326
BLOCK27/SES277/SA277S29	SES177	0.712063	-43.2554	-43.9675
BLOCK27/SES277/SA277S29	SES180	0.248821	-43.7187	-43.9675
BLOCK27/SES277/SA277S29	SES202	0.522812	-43.4447	-43.9675
BLOCK27/SES277/SA277S29	SES292	0.438541	-43.5289	-43.9675
BLOCK27/SES279/SA279S09	SES120	0.226997	-42.9374	-43.1644
BLOCK27/SES279/SA279S09	SES146	0.100811	-43.0636	-43.1644
BLOCK27/SES279/SA279S09	SES206	0.359871	-42.8045	-43.1644
BLOCK27/SES279/SA279S09	SES226	0.481201	-42.6832	-43.1644
BLOCK27/SES279/SA279S10	SES099	0.53743	-42.1403	-42.6777
BLOCK27/SES279/SA279S10	SES206	0.492577	-42.1851	-42.6777
BLOCK27/SES279/SA279S10	SES226	0.672199	-42.0055	-42.6777
BLOCK27/SES279/SA279S10	SES292	0.0108337	-42.6669	-42.6777
BLOCK27/SES279/SA279S20	SES099	0.380424	-42.9465	-43.3269
BLOCK27/SES279/SA279S20	SES206	0.319736	-43.0072	-43.3269
BLOCK27/SES279/SA279S20	SES226	0.442795	-42.8841	-43.3269
BLOCK27/SES279/SA279S20	SES292	-0.254684	-43.5816	-43.3269
BLOCK27/SES279/SA279S26	SES099	0.722244	-42.7466	-43.4689
BLOCK27/SES279/SA279S26	SES206	0.784016	-42.6848	-43.4689
BLOCK27/SES279/SA279S26	SES226	0.787392	-42.6815	-43.4689
BLOCK27/SES279/SA279S26	SES292	-0.0879745	-43.5568	-43.4689
BLOCK27/SES279/SA279S28	SES099	0.430595	-42.3774	-42.808
BLOCK27/SES279/SA279S28	SES120	0.203976	-42.604	-42.808
BLOCK27/SES279/SA279S28	SES177	-0.313301	-43.1213	-42.808
BLOCK27/SES279/SA279S28	SES206	0.446033	-42.3619	-42.808
BLOCK29/SES290/SA290S12	SES162	0.716	-43.5399	-44.2559
BLOCK29/SES290/SA290S12	SES177	0.863281	-43.3926	-44.2559
BLOCK29/SES290/SA290S12	SES180	0.337414	-43.9185	-44.2559
BLOCK29/SES290/SA290S12	SES292	0.452984	-43.8029	-44.2559
BLOCK29/SES290/SA290S13	SES007	0.408623	-44.852	-45.2606
BLOCK29/SES290/SA290S13	SES162	1.00661	-44.254	-45.2606
BLOCK29/SES290/SA290S13	SES177	1.07	-44.1906	-45.2606
BLOCK29/SES290/SA290S13	SES180	0.819187	-44.4414	-45.2606
BLOCK29/SES290/SA290S22	SES177	0.989513	-43.1974	-44.1869
BLOCK29/SES290/SA290S22	SES180	0.74131	-43.4456	-44.1869
BLOCK29/SES290/SA290S22	SES202	0.877377	-43.3095	-44.1869
BLOCK29/SES290/SA290S22	SES292	0.618553	-43.5684	-44.1869
BLOCK29/SES290/SA290S25	SES162	0.791946	-43.0274	-43.8194
BLOCK29/SES290/SA290S25	SES177	0.967644	-42.8517	-43.8194
BLOCK29/SES290/SA290S25	SES180	0.56715	-43.2522	-43.8194
BLOCK29/SES290/SA290S25	SES292	0.52132	-43.298	-43.8194
BLOCK29/SES290/SA290S29	SES177	0.848358	-42.6677	-43.5161
BLOCK29/SES290/SA290S29	SES180	0.423717	-43.0924	-43.5161
BLOCK29/SES290/SA290S29	SES275	0.268581	-43.2475	-43.5161
BLOCK29/SES290/SA290S29	SES292	0.547325	-42.9688	-43.5161
BLOCK29/SES291/SA291S11	SES105	0.365147	-43.684	-44.0492
BLOCK29/SES291/SA291S11	SES125	0.528896	-43.5203	-44.0492
BLOCK29/SES291/SA291S11	SES158	0.550049	-43.4991	-44.0492
BLOCK29/SES291/SA291S11	SES275	0.1199	-43.9293	-44.0492
BLOCK29/SES291/SA291S12	SES158	0.585705	-43.0172	-43.6029
BLOCK29/SES291/SA291S12	SES226	0.644348	-42.9586	-43.6029
BLOCK29/SES291/SA291S12	SES270	0.636375	-42.9665	-43.6029
BLOCK29/SES291/SA291S12	SES275	0.232971	-43.3699	-43.6029
BLOCK29/SES291/SA291S22	SES082	0.6936	-42.829	-43.5226
BLOCK29/SES291/SA291S22	SES158	0.629341	-42.8932	-43.5226
BLOCK29/SES291/SA291S22	SES259	0.457962	-43.0646	-43.5226
BLOCK29/SES291/SA291S22	SES275	0.17635	-43.3462	-43.5226
BLOCK29/SES291/SA291S24	SES104	1.00453	-42.5663	-43.5708
BLOCK29/SES291/SA291S24	SES125	0.941547	-42.6293	-43.5708
BLOCK29/SES291/SA291S24	SES158	0.861179	-42.7096	-43.5708
BLOCK29/SES291/SA291S24	SES275	0.314178	-43.2566	-43.5708
BLOCK29/SES291/SA291S27	SES158	0.892879	-43.3719	-44.2648
BLOCK29/SES291/SA291S27	SES172	-0.583363	-44.8481	-44.2648
BLOCK29/SES291/SA291S27	SES275	0.200016	-44.0648	-44.2648
BLOCK29/SES291/SA291S27	SES292	-0.188793	-44.4536	-44.2648
