BLOCK00/SES002/SA002S12	SES002	0.989669	4.40137	3.4117
BLOCK00/SES002/SA002S13	SES002	1.8422	4.42379	2.5816
BLOCK00/SES002/SA002S23	SES002	1.11738	4.1053	2.98792
BLOCK00/SES002/SA002S26	SES002	1.55048	4.38734	2.83686
BLOCK00/SES002/SA002S28	SES002	0.897614	4.7423	3.84468
BLOCK00/SES007/SA007S14	SES007	1.26567	6.39256	5.12689
BLOCK00/SES007/SA007S15	SES007	0.580355	5.31242	4.73207
BLOCK00/SES007/SA007S24	SES007	0.709955	5.20227	4.49232
BLOCK00/SES007/SA007S27	SES007	0.627915	4.21579	3.58788
BLOCK00/SES007/SA007S29	SES007	0.0479741	5.26188	5.21391
BLOCK00/SES008/SA008S11	SES008	1.27284	5.46155	4.18871
BLOCK00/SES008/SA008S12	SES008	0.397485	4.46215	4.06467
BLOCK00/SES008/SA008S19	SES008	1.48965	6.52844	5.03879
BLOCK00/SES008/SA008S22	SES008	0.648505	4.35047	3.70196
BLOCK00/SES008/SA008S29	SES008	1.7055	6.13645	4.43095
BLOCK01/SES014/SA014S10	SES014	1.83995	5.61854	3.77858
BLOCK01/SES014/SA014S12	SES014	1.99922	6.98849	4.98927
BLOCK01/SES014/SA014S24	SES014	1.038	5.17492	4.13692
BLOCK01/SES014/SA014S26	SES014	1.71187	6.87053	5.15866
BLOCK01/SES014/SA014S28	SES014	2.7398	7.7116	4.9718
BLOCK01/SES016/SA016S12	SES016	1.46713	4.22775	2.76063
BLOCK01/SES016/SA016S13	SES016	1.29145	5.61391	4.32246
BLOCK01/SES016/SA016S22	SES016	1.3315	6.03945	4.70795
BLOCK01/SES016/SA016S25	SES016	1.53209	7.21572	5.68363
BLOCK01/SES016/SA016S27	SES016	1.85696	6.74177	4.88481
BLOCK01/SES019/SA019S13	SES019	3.032	4.8635	1.83149
BLOCK01/SES019/SA019S14	SES019	1.44489	3.9099	2.46501
BLOCK01/SES019/SA019S22	SES019	2.54084	4.43973	1.89888
BLOCK01/SES019/SA019S25	SES019	2.89972	4.67586	1.77614
BLOCK01/SES019/SA019S29	SES019	3.2653	4.82339	1.55809
BLOCK02/SES029/SA029S11	SES029	1.29768	6.69242	5.39474
BLOCK02/SES029/SA029S12	SES029	1.08252	6.14998	5.06746
BLOCK02/SES029/SA029S20	SES029	0.938116	6.16648	5.22836
BLOCK02/SES029/SA029S25	SES029	0.789855	5.76925	4.97939
BLOCK02/SES029/SA029S28	SES029	0.456612	5.47349	5.01688
BLOCK04/SES042/SA042S12	SES042	1.6017	5.966	4.3643
BLOCK04/SES042/SA042S15	SES042	1.66479	6.76765	5.10285
BLOCK04/SES042/SA042S22	SES042	2.08004	6.84321	4.76316
BLOCK04/SES042/SA042S25	SES042	0.84808	4.13946	3.29137
BLOCK04/SES042/SA042S27	SES042	1.04437	5.40058	4.35621
BLOCK04/SES048/SA048S11	SES048	1.06287	5.7889	4.72602
BLOCK04/SES048/SA048S12	SES048	0.458505	4.39606	3.93756
BLOCK04/SES048/SA048S20	SES048	0.233097	5.78455	5.55146
BLOCK04/SES048/SA048S23	SES048	0.477067	4.89111	4.41404
BLOCK04/SES048/SA048S27	SES048	0.523206	5.64549	5.12228
BLOCK06/SES060/SA060S11	SES060	1.67348	5.83577	4.1623
BLOCK06/SES060/SA060S12	SES060	0.634242	5.39373	4.75949
BLOCK06/SES060/SA060S22	SES060	-0.516841	4.00563	4.52247
BLOCK06/SES060/SA060S24	SES060	1.53112	6.65144	5.12032
BLOCK06/SES060/SA060S28	SES060	1.08511	6.72785	5.64273
BLOCK06/SES062/SA062S10	SES062	0.305551	5.20747	4.90192
BLOCK06/SES062/SA062S11	SES062	1.01939	5.78218	4.76278
BLOCK06/SES062/SA062S21	SES062	1.36065	7.66991	6.30926
BLOCK06/SES062/SA062S26	SES062	0.823002	6.3963	5.5733
BLOCK06/SES062/SA062S29	SES062	1.25652	6.7681	5.51158
BLOCK06/SES068/SA068S14	SES068	0.538201	5.04024	4.50204
BLOCK06/SES068/SA068S15	SES068	1.2652	6.02388	4.75867
BLOCK06/SES068/SA068S23	SES068	1.13126	5.50283	4.37157
BLOCK06/SES068/SA068S27	SES068	2.03932	6.15676	4.11744
BLOCK06/SES068/SA068S29	SES068	0.868854	5.674	4.80514
BLOCK08/SES082/SA082S12	SES082	0.200402	3.69123	3.49083
BLOCK08/SES082/SA082S14	SES082	-0.000540257	3.39395	3.39449
BLOCK08/SES082/SA082S21	SES082	0.584935	4.23564	3.65071
BLOCK08/SES082/SA082S24	SES082	0.0738792	4.22901	4.15513
BLOCK08/SES082/SA082S28	SES082	0.932503	4.54271	3.6102
BLOCK08/SES083/SA083S14	SES083	0.322873	5.40278	5.07991
BLOCK08/SES083/SA083S15	SES083	0.812441	5.59669	4.78425
BLOCK08/SES083/SA083S24	SES083	0.447857	5.15745	4.70959
BLOCK08/SES083/SA083S26	SES083	1.07383	4.95097	3.87715
BLOCK08/SES083/SA083S29	SES083	0.478911	5.38851	4.9096
BLOCK08/SES085/SA085S10	SES085	0.434644	5.88569	5.45105
BLOCK08/SES085/SA085S13	SES085	0.406169	5.33362	4.92745
BLOCK08/SES085/SA085S22	SES085	0.675544	5.33063	4.65508
BLOCK08/SES085/SA085S26	SES085	0.899343	5.80409	4.90475
BLOCK08/SES085/SA085S28	SES085	1.20202	6.3024	5.10038
BLOCK08/SES087/SA087S15	SES087	1.21719	5.78808	4.57089
BLOCK08/SES087/SA087S16	SES087	1.2176	4.54356	3.32597
BLOCK08/SES087/SA087S24	SES087	1.70915	5.88957	4.18042
BLOCK08/SES087/SA087S26	SES087	0.922923	6.14012	5.2172
BLOCK08/SES087/SA087S29	SES087	1.57421	5.94569	4.37147
BLOCK09/SES099/SA099S15	SES099	1.02012	4.23137	3.21125
BLOCK09/SES099/SA099S16	SES099	0.94575	4.4134	3.46765
BLOCK09/SES099/SA099S24	SES099	1.14998	5.18499	4.03501
BLOCK09/SES099/SA099S26	SES099	1.09286	5.14035	4.04749
BLOCK09/SES099/SA099S29	SES099	0.981372	4.86729	3.88591
BLOCK10/SES101/SA101S11	SES101	0.780994	5.43426	4.65327
BLOCK10/SES101/SA101S13	SES101	1.30089	6.37204	5.07116
BLOCK10/SES101/SA101S22	SES101	1.36098	4.63495	3.27397
BLOCK10/SES101/SA101S24	SES101	1.65345	5.66824	4.0148
BLOCK10/SES101/SA101S28	SES101	0.649548	5.30514	4.65559
BLOCK10/SES104/SA104S11	SES104	1.58422	6.26431	4.68009
BLOCK10/SES104/SA104S12	SES104	0.927275	5.61765	4.69038
BLOCK10/SES104/SA104S21	SES104	0.769493	4.62121	3.85171
BLOCK10/SES104/SA104S24	SES104	1.01486	4.68719	3.67233
BLOCK10/SES104/SA104S28	SES104	0.883924	5.21929	4.33537
BLOCK10/SES105/SA105S12	SES105	0.687557	3.9058	3.21824
BLOCK10/SES105/SA105S13	SES105	1.01348	4.53267	3.51919
BLOCK10/SES105/SA105S22	SES105	0.567183	3.2175	2.65032
BLOCK10/SES105/SA105S26	SES105	1.46283	4.95881	3.49598
BLOCK10/SES105/SA105S29	SES105	1.44149	5.47877	4.03728
BLOCK10/SES106/SA106S09	SES106	1.23086	3.78223	2.55137
BLOCK10/SES106/SA106S11	SES106	0.809917	4.71986	3.90994
BLOCK10/SES106/SA106S22	SES106	2.35156	4.07782	1.72626
BLOCK10/SES106/SA106S27	SES106	0.847732	4.63221	3.78448
BLOCK10/SES106/SA106S29	SES106	0.561883	4.94993	4.38805
BLOCK11/SES117/SA117S12	SES117	1.76216	5.06636	3.3042
BLOCK11/SES117/SA117S13	SES117	0.75996	5.42654	4.66658
BLOCK11/SES117/SA117S23	SES117	1.39546	4.42558	3.03012
BLOCK11/SES117/SA117S25	SES117	1.26899	3.87228	2.60328
BLOCK11/SES117/SA117S28	SES117	0.837208	4.17593	3.33872
BLOCK12/SES120/SA120S08	SES120	1.10533	4.09387	2.98854
BLOCK12/SES120/SA120S11	SES120	1.03863	3.18793	2.1493
BLOCK12/SES120/SA120S22	SES120	0.334762	5.00224	4.66748
BLOCK12/SES120/SA120S24	SES120	0.142317	3.72237	3.58006
BLOCK12/SES120/SA120S28	SES120	-0.863046	2.44429	3.30734
BLOCK12/SES125/SA125S13	SES125	1.55489	5.96503	4.41014
BLOCK12/SES125/SA125S14	SES125	0.806283	4.80842	4.00213
BLOCK12/SES125/SA125S25	SES125	1.4066	5.36455	3.95795
BLOCK12/SES125/SA125S27	SES125	1.42061	6.51258	5.09198
BLOCK12/SES125/SA125S29	SES125	1.27433	5.61876	4.34442
BLOCK12/SES127/SA127S11	SES127	0.554111	4.66682	4.1127
BLOCK12/SES127/SA127S12	SES127	-0.0395322	5.90665	5.94618
BLOCK12/SES127/SA127S23	SES127	0.567535	5.27804	4.71051
BLOCK12/SES127/SA127S25	SES127	0.249402	4.38215	4.13275
BLOCK12/SES127/SA127S27	SES127	1.0703	4.91628	3.84598
BLOCK12/SES129/SA129S11	SES129	1.81954	6.77985	4.9603
BLOCK12/SES129/SA129S12	SES129	1.14325	5.95356	4.81031
BLOCK12/SES129/SA129S22	SES129	1.73695	5.81289	4.07594
BLOCK12/SES129/SA129S27	SES129	1.39267	5.83844	4.44576
BLOCK12/SES129/SA129S29	SES129	1.26309	6.13795	4.87487
BLOCK14/SES142/SA142S11	SES142	1.25584	5.30397	4.04813
BLOCK14/SES142/SA142S12	SES142	1.12965	5.55764	4.42799
BLOCK14/SES142/SA142S24	SES142	1.18914	5.90201	4.71286
BLOCK14/SES142/SA142S27	SES142	1.10833	6.24067	5.13233
BLOCK14/SES142/SA142S29	SES142	1.56647	6.51365	4.94719
BLOCK14/SES143/SA143S12	SES143	0.733304	4.8729	4.13959
BLOCK14/SES143/SA143S13	SES143	0.715618	4.83248	4.11687
BLOCK14/SES143/SA143S23	SES143	1.16959	5.65724	4.48765
BLOCK14/SES143/SA143S25	SES143	1.40345	6.03346	4.63001
BLOCK14/SES143/SA143S28	SES143	0.759239	5.26775	4.50851
BLOCK14/SES144/SA144S09	SES144	0.907183	5.49566	4.58847
BLOCK14/SES144/SA144S11	SES144	0.563673	5.07394	4.51027
BLOCK14/SES144/SA144S21	SES144	-0.217567	3.75278	3.97035
BLOCK14/SES144/SA144S25	SES144	0.25198	4.87536	4.62338
BLOCK14/SES144/SA144S29	SES144	0.0145879	4.19899	4.18441
BLOCK14/SES146/SA146S14	SES146	0.54072	4.39752	3.8568
BLOCK14/SES146/SA146S15	SES146	0.0204144	4.29481	4.2744
BLOCK14/SES146/SA146S24	SES146	1.0425	4.35531	3.31281
BLOCK14/SES146/SA146S26	SES146	1.1743	5.0144	3.8401
BLOCK14/SES146/SA146S29	SES146	0.258954	3.75826	3.49931
BLOCK14/SES147/SA147S11	SES147	1.1767	5.43895	4.26225
BLOCK14/SES147/SA147S13	SES147	1.43545	6.37389	4.93843
BLOCK14/SES147/SA147S23	SES147	0.307418	4.658	4.35058
BLOCK14/SES147/SA147S26	SES147	0.869768	4.50512	3.63535
BLOCK14/SES147/SA147S28	SES147	0.790606	4.95025	4.15965
BLOCK14/SES148/SA148S10	SES148	0.797985	5.98749	5.18951
BLOCK14/SES148/SA148S12	SES148	0.351066	4.02113	3.67007
BLOCK14/SES148/SA148S22	SES148	1.0639	6.22274	5.15884
BLOCK14/SES148/SA148S26	SES148	0.341037	5.49192	5.15088
BLOCK14/SES148/SA148S29	SES148	0.217851	4.84692	4.62907
BLOCK14/SES149/SA149S13	SES149	-0.186873	3.4854	3.67228
BLOCK14/SES149/SA149S14	SES149	0.498474	5.35906	4.86059
BLOCK14/SES149/SA149S24	SES149	0.994078	5.68618	4.6921
BLOCK14/SES149/SA149S26	SES149	1.29174	6.59893	5.30719
BLOCK14/SES149/SA149S28	SES149	2.12575	6.82026	4.69451
BLOCK15/SES158/SA158S13	SES158	0.791094	4.18571	3.39462
BLOCK15/SES158/SA158S14	SES158	1.09916	4.16794	3.06878
BLOCK15/SES158/SA158S23	SES158	1.2024	5.11279	3.91039
BLOCK15/SES158/SA158S26	SES158	1.45981	3.90172	2.44191
BLOCK15/SES158/SA158S28	SES158	0.441914	4.12872	3.6868
BLOCK16/SES162/SA162S10	SES162	0.849969	4.84103	3.99106
BLOCK16/SES162/SA162S11	SES162	1.15468	5.82899	4.67432
BLOCK16/SES162/SA162S21	SES162	1.61324	5.62401	4.01077
BLOCK16/SES162/SA162S24	SES162	0.630547	4.905	4.27445
BLOCK16/SES162/SA162S27	SES162	1.46988	4.6282	3.15832
BLOCK16/SES167/SA167S14	SES167	0.919428	6.7492	5.82977
BLOCK16/SES167/SA167S15	SES167	1.31355	6.57588	5.26233
BLOCK16/SES167/SA167S21	SES167	1.31394	6.84619	5.53225
BLOCK16/SES167/SA167S25	SES167	2.18116	7.04812	4.86696
BLOCK16/SES167/SA167S29	SES167	2.21863	7.60463	5.38601
BLOCK17/SES172/SA172S12	SES172	1.45843	5.03511	3.57669
BLOCK17/SES172/SA172S13	SES172	1.53605	5.4506	3.91456
BLOCK17/SES172/SA172S23	SES172	1.27509	5.87295	4.59786
BLOCK17/SES172/SA172S27	SES172	0.988234	4.96029	3.97206
BLOCK17/SES172/SA172S29	SES172	1.79685	5.88771	4.09085
BLOCK17/SES175/SA175S11	SES175	0.242921	5.25721	5.01429
BLOCK17/SES175/SA175S13	SES175	0.650666	6.26921	5.61854
BLOCK17/SES175/SA175S23	SES175	0.810259	5.82624	5.01598
BLOCK17/SES175/SA175S25	SES175	1.00206	4.20968	3.20762
BLOCK17/SES175/SA175S28	SES175	0.310668	5.64933	5.33866
BLOCK17/SES177/SA177S15	SES177	0.680141	4.8544	4.17426
BLOCK17/SES177/SA177S17	SES177	0.724974	4.52033	3.79535
BLOCK17/SES177/SA177S23	SES177	-0.0983403	3.53539	3.63373
BLOCK17/SES177/SA177S26	SES177	1.12888	6.59071	5.46183
BLOCK17/SES177/SA177S28	SES177	0.738853	4.76418	4.02532
BLOCK18/SES180/SA180S13	SES180	-0.100588	4.24834	4.34893
BLOCK18/SES180/SA180S15	SES180	0.701859	4.67501	3.97316
BLOCK18/SES180/SA180S24	SES180	1.00382	5.95351	4.94969
BLOCK18/SES180/SA180S26	SES180	0.877293	5.12161	4.24432
BLOCK18/SES180/SA180S29	SES180	1.10907	5.58538	4.47631
BLOCK18/SES183/SA183S13	SES183	1.40586	4.9887	3.58284
BLOCK18/SES183/SA183S14	SES183	0.559621	4.22293	3.66331
BLOCK18/SES183/SA183S24	SES183	1.70038	4.34562	2.64523
BLOCK18/SES183/SA183S27	SES183	1.41683	4.74066	3.32383
BLOCK18/SES183/SA183S29	SES183	0.936546	4.61487	3.67833
BLOCK18/SES187/SA187S13	SES187	0.474346	4.196	3.72166
BLOCK18/SES187/SA187S14	SES187	0.307473	3.98002	3.67254
BLOCK18/SES187/SA187S24	SES187	1.16101	4.78421	3.62319
BLOCK18/SES187/SA187S27	SES187	1.20778	4.53787	3.33009
BLOCK18/SES187/SA187S29	SES187	1.0088	4.1924	3.1836
BLOCK18/SES189/SA189S10	SES189	1.21657	4.84835	3.63178
BLOCK18/SES189/SA189S13	SES189	0.969192	4.08324	3.11405
BLOCK18/SES189/SA189S24	SES189	0.67873	5.64758	4.96885
BLOCK18/SES189/SA189S26	SES189	0.94793	6.14361	5.19568
BLOCK18/SES189/SA189S29	SES189	1.33416	5.5758	4.24164
BLOCK20/SES202/SA202S12	SES202	1.11072	5.60458	4.49386
BLOCK20/SES202/SA202S14	SES202	1.82329	5.87235	4.04906
BLOCK20/SES202/SA202S24	SES202	0.935167	5.27573	4.34056
BLOCK20/SES202/SA202S27	SES202	1.19008	6.39453	5.20444
BLOCK20/SES202/SA202S29	SES202	1.65413	6.66328	5.00916
BLOCK20/SES206/SA206S15	SES206	-0.245971	4.48025	4.72622
BLOCK20/SES206/SA206S17	SES206	1.09673	5.23922	4.14248
BLOCK20/SES206/SA206S24	SES206	1.57354	6.51216	4.93862
BLOCK20/SES206/SA206S27	SES206	1.49972	4.97321	3.47349
BLOCK20/SES206/SA206S29	SES206	1.10164	6.1663	5.06467
BLOCK22/SES226/SA226S12	SES226	1.02671	4.51145	3.48474
BLOCK22/SES226/SA226S13	SES226	0.292773	3.59167	3.2989
BLOCK22/SES226/SA226S20	SES226	1.09676	4.41055	3.31379
BLOCK22/SES226/SA226S23	SES226	1.45788	5.53268	4.0748
BLOCK22/SES226/SA226S28	SES226	1.94727	6.14495	4.19768
BLOCK25/SES259/SA259S13	SES259	2.49203	6.20145	3.70942
BLOCK25/SES259/SA259S14	SES259	1.65643	5.37907	3.72265
BLOCK25/SES259/SA259S22	SES259	1.80811	5.9432	4.13509
BLOCK25/SES259/SA259S24	SES259	1.53387	5.64809	4.11422
BLOCK25/SES259/SA259S28	SES259	1.76875	5.77099	4.00224
BLOCK27/SES270/SA270S14	SES270	2.44379	3.67285	1.22905
BLOCK27/SES270/SA270S16	SES270	0.253742	3.70864	3.4549
BLOCK27/SES270/SA270S22	SES270	2.31494	4.71648	2.40154
BLOCK27/SES270/SA270S26	SES270	1.02184	3.24028	2.21843
BLOCK27/SES270/SA270S28	SES270	0.952566	3.81772	2.86515
BLOCK27/SES275/SA275S17	SES275	1.06899	5.71343	4.64443
BLOCK27/SES275/SA275S18	SES275	0.112743	4.90376	4.79102
BLOCK27/SES275/SA275S24	SES275	0.36948	4.01231	3.64283
BLOCK27/SES275/SA275S26	SES275	0.932973	5.52969	4.59672
BLOCK27/SES275/SA275S28	SES275	0.745289	4.93428	4.18899
BLOCK29/SES292/SA292S10	SES292	0.0084753	5.35637	5.34789
BLOCK29/SES292/SA292S12	SES292	0.109873	4.04108	3.9312
BLOCK29/SES292/SA292S22	SES292	0.541892	5.26568	4.72378
BLOCK29/SES292/SA292S24	SES292	0.217829	4.89703	4.6792
BLOCK29/SES292/SA292S27	SES292	-0.175315	4.53346	4.70878
BLOCK00/SES001/SA001S14	SES062	-1.9878	2.7509	4.7387
BLOCK00/SES001/SA001S14	SES082	-1.31205	3.42665	4.7387
BLOCK00/SES001/SA001S14	SES106	-1.56639	3.17231	4.7387
BLOCK00/SES001/SA001S14	SES206	-1.94541	2.79329	4.7387
BLOCK00/SES001/SA001S15	SES062	-1.31845	3.92951	5.24796
BLOCK00/SES001/SA001S15	SES104	-2.46679	2.78117	5.24796
BLOCK00/SES001/SA001S15	SES106	-2.04204	3.20592	5.24796
BLOCK00/SES001/SA001S15	SES206	-1.5796	3.66836	5.24796
BLOCK00/SES001/SA001S24	SES062	-2.88576	1.75214	4.6379
BLOCK00/SES001/SA001S24	SES082	-1.1554	3.4825	4.6379
BLOCK00/SES001/SA001S24	SES087	-1.95508	2.68282	4.6379
BLOCK00/SES001/SA001S24	SES206	-0.80527	3.83263	4.6379
BLOCK00/SES001/SA001S27	SES062	-1.30949	4.41554	5.72504
BLOCK00/SES001/SA001S27	SES082	-1.34423	4.3808	5.72504
BLOCK00/SES001/SA001S27	SES087	-0.820951	4.90408	5.72504
BLOCK00/SES001/SA001S27	SES206	-0.98126	4.74378	5.72504
BLOCK00/SES001/SA001S29	SES062	-2.20369	2.32856	4.53225
BLOCK00/SES001/SA001S29	SES082	-1.18478	3.34747	4.53225
BLOCK00/SES001/SA001S29	SES158	-0.796036	3.73621	4.53225
BLOCK00/SES001/SA001S29	SES206	-1.57062	2.96163	4.53225
BLOCK00/SES003/SA003S11	SES002	-0.70957	2.45736	3.16693
BLOCK00/SES003/SA003S11	SES019	-1.25919	1.90773	3.16693
BLOCK00/SES003/SA003S11	SES082	-0.703826	2.4631	3.16693
BLOCK00/SES003/SA003S11	SES125	-1.22589	1.94103	3.16693
BLOCK00/SES003/SA003S15	SES016	-1.59424	3.1457	4.73994
BLOCK00/SES003/SA003S15	SES019	-1.73356	3.00638	4.73994
BLOCK00/SES003/SA003S15	SES062	-0.0301938	4.70974	4.73994
BLOCK00/SES003/SA003S15	SES206	-1.52235	3.21758	4.73994
BLOCK00/SES003/SA003S22	SES002	-1.86883	2.31235	4.18118
BLOCK00/SES003/SA003S22	SES062	-0.996312	3.18487	4.18118
BLOCK00/SES003/SA003S22	SES082	-2.20459	1.97659	4.18118
BLOCK00/SES003/SA003S22	SES087	-1.62893	2.55225	4.18118
BLOCK00/SES003/SA003S25	SES062	-2.37354	1.5003	3.87385
BLOCK00/SES003/SA003S25	SES082	-1.63038	2.24347	3.87385
BLOCK00/SES003/SA003S25	SES087	-1.19643	2.67741	3.87385
BLOCK00/SES003/SA003S25	SES206	-1.06805	2.8058	3.87385
BLOCK00/SES003/SA003S29	SES002	-2.05187	1.55273	3.60461
BLOCK00/SES003/SA003S29	SES062	-1.60845	1.99616	3.60461
BLOCK00/SES003/SA003S29	SES082	-1.37583	2.22878	3.60461
BLOCK00/SES003/SA003S29	SES087	-2.21514	1.38947	3.60461
BLOCK00/SES004/SA004S12	SES083	-1.09871	3.53176	4.63047
BLOCK00/SES004/SA004S12	SES148	-1.5988	3.03167	4.63047
BLOCK00/SES004/SA004S12	SES172	0.311327	4.94179	4.63047
BLOCK00/SES004/SA004S12	SES292	-1.36942	3.26105	4.63047
BLOCK00/SES004/SA004S17	SES083	-0.93336	3.71995	4.65331
BLOCK00/SES004/SA004S17	SES162	-0.899383	3.75393	4.65331
BLOCK00/SES004/SA004S17	SES172	-0.41064	4.24267	4.65331
BLOCK00/SES004/SA004S17	SES292	-1.47247	3.18084	4.65331
BLOCK00/SES004/SA004S24	SES083	-1.27287	3.90263	5.1755
BLOCK00/SES004/SA004S24	SES148	-1.92652	3.24898	5.1755
BLOCK00/SES004/SA004S24	SES172	-0.22935	4.94615	5.1755
BLOCK00/SES004/SA004S24	SES292	-1.21949	3.95601	5.1755
BLOCK00/SES004/SA004S26	SES083	-1.23569	3.06706	4.30275
BLOCK00/SES004/SA004S26	SES127	-0.880605	3.42215	4.30275
BLOCK00/SES004/SA004S26	SES148	-2.59202	1.71073	4.30275
BLOCK00/SES004/SA004S26	SES292	-1.81401	2.48874	4.30275
BLOCK00/SES004/SA004S28	SES083	-1.0088	3.38577	4.39457
BLOCK00/SES004/SA004S28	SES127	-0.616642	3.77793	4.39457
BLOCK00/SES004/SA004S28	SES187	-0.166695	4.22787	4.39457
BLOCK00/SES004/SA004S28	SES292	-1.72321	2.67135	4.39457
BLOCK00/SES006/SA006S10	SES014	-2.24223	-0.265497	1.97673
BLOCK00/SES006/SA006S10	SES158	-1.55966	0.417075	1.97673
BLOCK00/SES006/SA006S10	SES226	-4.11236	-2.13562	1.97673
BLOCK00/SES006/SA006S10	SES270	0.163533	2.14027	1.97673
BLOCK00/SES006/SA006S11	SES158	-1.5362	0.632206	2.16841
BLOCK00/SES006/SA006S11	SES226	-2.30205	-0.133643	2.16841
BLOCK00/SES006/SA006S11	SES270	-0.439335	1.72907	2.16841
BLOCK00/SES006/SA006S11	SES275	-3.13934	-0.970937	2.16841
BLOCK00/SES006/SA006S23	SES062	-2.7431	0.171096	2.91419
BLOCK00/SES006/SA006S23	SES105	-3.3731	-0.458908	2.91419
BLOCK00/SES006/SA006S23	SES158	-1.19988	1.71431	2.91419
BLOCK00/SES006/SA006S23	SES275	-2.45788	0.456308	2.91419
BLOCK00/SES006/SA006S26	SES104	-3.02448	-0.059064	2.96542
BLOCK00/SES006/SA006S26	SES158	-1.65108	1.31434	2.96542
BLOCK00/SES006/SA006S26	SES270	-0.0297353	2.93568	2.96542
BLOCK00/SES006/SA006S26	SES275	-3.06345	-0.0980332	2.96542
BLOCK00/SES006/SA006S28	SES007	-2.88556	-1.03399	1.85157
BLOCK00/SES006/SA006S28	SES105	-2.72078	-0.86921	1.85157
BLOCK00/SES006/SA006S28	SES158	-2.823	-0.971428	1.85157
BLOCK00/SES006/SA006S28	SES275	-2.83303	-0.981461	1.85157
BLOCK00/SES009/SA009S12	SES083	-3.02326	1.58322	4.60649
BLOCK00/SES009/SA009S12	SES148	-1.71134	2.89514	4.60649
BLOCK00/SES009/SA009S12	SES177	-0.4835	4.12299	4.60649
BLOCK00/SES009/SA009S12	SES292	-1.37611	3.23038	4.60649
BLOCK00/SES009/SA009S15	SES007	0.382395	5.47949	5.0971
BLOCK00/SES009/SA009S15	SES099	-2.95767	2.13942	5.0971
BLOCK00/SES009/SA009S15	SES148	-1.30978	3.78732	5.0971
BLOCK00/SES009/SA009S15	SES172	-1.08813	4.00897	5.0971
BLOCK00/SES009/SA009S24	SES146	-0.483013	4.13032	4.61333
BLOCK00/SES009/SA009S24	SES148	-2.08355	2.52978	4.61333
BLOCK00/SES009/SA009S24	SES177	0.0867214	4.70006	4.61333
BLOCK00/SES009/SA009S24	SES292	-1.33462	3.27872	4.61333
BLOCK00/SES009/SA009S26	SES083	-2.34101	1.61719	3.9582
BLOCK00/SES009/SA009S26	SES101	-2.52512	1.43308	3.9582
BLOCK00/SES009/SA009S26	SES120	-0.947435	3.01077	3.9582
BLOCK00/SES009/SA009S26	SES177	-0.67095	3.28725	3.9582
BLOCK00/SES009/SA009S29	SES083	-1.56234	3.06871	4.63105
BLOCK00/SES009/SA009S29	SES101	-1.50039	3.13067	4.63105
BLOCK00/SES009/SA009S29	SES177	-0.13868	4.49237	4.63105
BLOCK00/SES009/SA009S29	SES292	-1.31129	3.31977	4.63105
BLOCK01/SES011/SA011S10	SES019	-1.64454	1.50711	3.15165
BLOCK01/SES011/SA011S10	SES042	0.571479	3.72313	3.15165
BLOCK01/SES011/SA011S10	SES082	-2.7554	0.396245	3.15165
BLOCK01/SES011/SA011S10	SES206	-1.01749	2.13416	3.15165
BLOCK01/SES011/SA011S11	SES019	-0.872072	1.94018	2.81225
BLOCK01/SES011/SA011S11	SES042	0.317253	3.1295	2.81225
BLOCK01/SES011/SA011S11	SES082	-1.58023	1.23202	2.81225
BLOCK01/SES011/SA011S11	SES206	-0.788988	2.02326	2.81225
BLOCK01/SES011/SA011S22	SES019	-0.806024	2.07049	2.87651
BLOCK01/SES011/SA011S22	SES042	0.670609	3.54712	2.87651
BLOCK01/SES011/SA011S22	SES082	-1.89124	0.985266	2.87651
BLOCK01/SES011/SA011S22	SES206	-1.30861	1.5679	2.87651
BLOCK01/SES011/SA011S24	SES019	-1.51404	2.35294	3.86698
BLOCK01/SES011/SA011S24	SES042	0.751544	4.61852	3.86698
BLOCK01/SES011/SA011S24	SES104	-1.64346	2.22352	3.86698
BLOCK01/SES011/SA011S24	SES206	-0.452834	3.41415	3.86698
BLOCK01/SES011/SA011S27	SES082	-0.0872109	3.73077	3.81798
BLOCK01/SES011/SA011S27	SES087	-1.26887	2.54911	3.81798
BLOCK01/SES011/SA011S27	SES125	-0.441294	3.37669	3.81798
BLOCK01/SES011/SA011S27	SES206	-0.202818	3.61516	3.81798
BLOCK01/SES012/SA012S11	SES007	-0.617822	4.56953	5.18735
BLOCK01/SES012/SA012S11	SES082	-1.45049	3.73686	5.18735
BLOCK01/SES012/SA012S11	SES083	-2.29272	2.89463	5.18735
BLOCK01/SES012/SA012S11	SES206	-2.0835	3.10385	5.18735
BLOCK01/SES012/SA012S14	SES082	-0.393016	4.06965	4.46267
BLOCK01/SES012/SA012S14	SES087	-1.78763	2.67503	4.46267
BLOCK01/SES012/SA012S14	SES206	-1.41872	3.04395	4.46267
BLOCK01/SES012/SA012S14	SES292	-1.39285	3.06981	4.46267
BLOCK01/SES012/SA012S24	SES082	-0.542927	2.78188	3.32481
BLOCK01/SES012/SA012S24	SES087	-1.72622	1.59858	3.32481
BLOCK01/SES012/SA012S24	SES120	-2.18147	1.14334	3.32481
BLOCK01/SES012/SA012S24	SES206	-1.05996	2.26484	3.32481
BLOCK01/SES012/SA012S26	SES019	-3.98405	0.316837	4.30089
BLOCK01/SES012/SA012S26	SES082	-2.55391	1.74698	4.30089
BLOCK01/SES012/SA012S26	SES206	-0.956814	3.34408	4.30089
BLOCK01/SES012/SA012S26	SES292	-1.36564	2.93525	4.30089
BLOCK01/SES012/SA012S29	SES062	-0.797846	3.15435	3.95219
BLOCK01/SES012/SA012S29	SES082	-0.553587	3.39861	3.95219
BLOCK01/SES012/SA012S29	SES083	-2.92319	1.029	3.95219
BLOCK01/SES012/SA012S29	SES206	-1.82695	2.12524	3.95219
BLOCK01/SES013/SA013S16	SES062	-2.88948	0.191216	3.08069
BLOCK01/SES013/SA013S16	SES106	-0.951979	2.12871	3.08069
BLOCK01/SES013/SA013S16	SES206	-1.10313	1.97756	3.08069
BLOCK01/SES013/SA013S16	SES226	-0.790088	2.2906	3.08069
BLOCK01/SES013/SA013S17	SES062	-2.13655	2.60497	4.74152
BLOCK01/SES013/SA013S17	SES106	-1.9872	2.75433	4.74152
BLOCK01/SES013/SA013S17	SES206	-0.642107	4.09942	4.74152
BLOCK01/SES013/SA013S17	SES226	-0.788894	3.95263	4.74152
BLOCK01/SES013/SA013S23	SES104	-1.90117	0.413343	2.31451
BLOCK01/SES013/SA013S23	SES106	-0.467849	1.84666	2.31451
BLOCK01/SES013/SA013S23	SES206	-1.55621	0.758304	2.31451
BLOCK01/SES013/SA013S23	SES270	0.259535	2.57404	2.31451
BLOCK01/SES013/SA013S25	SES042	-1.47661	1.87123	3.34783
BLOCK01/SES013/SA013S25	SES104	-1.7915	1.55633	3.34783
BLOCK01/SES013/SA013S25	SES106	-0.473494	2.87434	3.34783
BLOCK01/SES013/SA013S25	SES206	-0.961287	2.38655	3.34783
BLOCK01/SES013/SA013S29	SES062	-3.09696	0.15938	3.25634
BLOCK01/SES013/SA013S29	SES104	-1.65282	1.60352	3.25634
BLOCK01/SES013/SA013S29	SES106	-0.609984	2.64636	3.25634
BLOCK01/SES013/SA013S29	SES206	-2.02907	1.22727	3.25634
BLOCK02/SES021/SA021S13	SES016	-2.49795	2.26554	4.76349
BLOCK02/SES021/SA021S13	SES029	-1.07777	3.68572	4.76349
BLOCK02/SES021/SA021S13	SES087	-2.3576	2.40589	4.76349
BLOCK02/SES021/SA021S13	SES206	-2.23853	2.52496	4.76349
BLOCK02/SES021/SA021S15	SES087	-0.783586	4.33082	5.11441
BLOCK02/SES021/SA021S15	SES125	-1.41207	3.70234	5.11441
BLOCK02/SES021/SA021S15	SES206	-0.835429	4.27898	5.11441
BLOCK02/SES021/SA021S15	SES226	-1.85705	3.25736	5.11441
BLOCK02/SES021/SA021S23	SES062	-2.64053	1.12007	3.7606
BLOCK02/SES021/SA021S23	SES087	-1.38944	2.37116	3.7606
BLOCK02/SES021/SA021S23	SES206	-1.61682	2.14378	3.7606
BLOCK02/SES021/SA021S23	SES226	-1.4786	2.282	3.7606
BLOCK02/SES021/SA021S27	SES002	-1.37139	3.84729	5.21868
BLOCK02/SES021/SA021S27	SES016	-4.52463	0.694046	5.21868
BLOCK02/SES021/SA021S27	SES019	-1.39431	3.82437	5.21868
BLOCK02/SES021/SA021S27	SES062	-1.29904	3.91964	5.21868
BLOCK02/SES021/SA021S29	SES087	-1.79117	2.46295	4.25413
BLOCK02/SES021/SA021S29	SES125	-1.18547	3.06865	4.25413
BLOCK02/SES021/SA021S29	SES206	-1.01209	3.24203	4.25413
BLOCK02/SES021/SA021S29	SES226	-1.52183	2.73229	4.25413
BLOCK04/SES043/SA043S09	SES083	-0.504063	3.32352	3.82758
BLOCK04/SES043/SA043S09	SES101	-0.697177	3.13041	3.82758
BLOCK04/SES043/SA043S09	SES144	-0.329795	3.49779	3.82758
BLOCK04/SES043/SA043S09	SES172	-1.39485	2.43274	3.82758
BLOCK04/SES043/SA043S11	SES083	-0.455681	4.17547	4.63115
BLOCK04/SES043/SA043S11	SES101	-0.810389	3.82076	4.63115
BLOCK04/SES043/SA043S11	SES144	0.140775	4.77193	4.63115
BLOCK04/SES043/SA043S11	SES172	-0.746764	3.88439	4.63115
BLOCK04/SES043/SA043S23	SES083	-0.643501	3.62935	4.27285
BLOCK04/SES043/SA043S23	SES144	-0.145705	4.12715	4.27285
BLOCK04/SES043/SA043S23	SES177	-1.04505	3.2278	4.27285
BLOCK04/SES043/SA043S23	SES275	-1.0857	3.18716	4.27285
BLOCK04/SES043/SA043S26	SES083	-0.992091	3.10282	4.09492
BLOCK04/SES043/SA043S26	SES101	-0.656562	3.43835	4.09492
BLOCK04/SES043/SA043S26	SES144	0.389334	4.48425	4.09492
BLOCK04/SES043/SA043S26	SES177	-0.90361	3.1913	4.09492
BLOCK04/SES043/SA043S28	SES016	-2.13521	2.27952	4.41473
BLOCK04/SES043/SA043S28	SES083	-0.184737	4.22999	4.41473
BLOCK04/SES043/SA043S28	SES101	-0.72342	3.69131	4.41473
BLOCK04/SES043/SA043S28	SES144	-0.386626	4.0281	4.41473
BLOCK04/SES044/SA044S10	SES127	-0.996411	2.23323	3.22964
BLOCK04/SES044/SA044S10	SES144	-0.306144	2.92349	3.22964
BLOCK04/SES044/SA044S10	SES147	-3.24601	-0.0163694	3.22964
BLOCK04/SES044/SA044S10	SES148	-1.62828	1.60135	3.22964
BLOCK04/SES044/SA044S11	SES101	-0.59087	3.50922	4.10009
BLOCK04/SES044/SA044S11	SES144	0.226287	4.32637	4.10009
BLOCK04/SES044/SA044S11	SES147	-2.03724	2.06284	4.10009
BLOCK04/SES044/SA044S11	SES177	-1.316	2.78409	4.10009
BLOCK04/SES044/SA044S24	SES007	-2.08173	1.82247	3.9042
BLOCK04/SES044/SA044S24	SES101	-0.774677	3.12953	3.9042
BLOCK04/SES044/SA044S24	SES147	-1.61863	2.28557	3.9042
BLOCK04/SES044/SA044S24	SES177	-1.084	2.8202	3.9042
BLOCK04/SES044/SA044S26	SES007	-1.66654	2.14112	3.80766
BLOCK04/SES044/SA044S26	SES016	-1.1537	2.65396	3.80766
BLOCK04/SES044/SA044S26	SES101	-0.149244	3.65841	3.80766
BLOCK04/SES044/SA044S26	SES147	-1.17388	2.63378	3.80766
BLOCK04/SES044/SA044S29	SES007	-1.54716	3.01384	4.561
BLOCK04/SES044/SA044S29	SES101	0.468655	5.02965	4.561
BLOCK04/SES044/SA044S29	SES147	-1.7522	2.8088	4.561
BLOCK04/SES044/SA044S29	SES177	-1.32807	3.23293	4.561
BLOCK04/SES046/SA046S13	SES101	-0.630082	3.02987	3.65996
BLOCK04/SES046/SA046S13	SES144	-0.247993	3.41196	3.65996
BLOCK04/SES046/SA046S13	SES147	-1.84449	1.81547	3.65996
BLOCK04/SES046/SA046S13	SES177	-1.50883	2.15112	3.65996
BLOCK04/SES046/SA046S15	SES048	-0.663188	4.45974	5.12293
BLOCK04/SES046/SA046S15	SES083	-0.590737	4.53219	5.12293
BLOCK04/SES046/SA046S15	SES120	-3.39706	1.72587	5.12293
BLOCK04/SES046/SA046S15	SES148	-1.85364	3.26929	5.12293
BLOCK04/SES046/SA046S22	SES101	-0.073741	3.90879	3.98253
BLOCK04/SES046/SA046S22	SES144	-0.0944951	3.88803	3.98253
BLOCK04/SES046/SA046S22	SES147	-1.73284	2.24969	3.98253
BLOCK04/SES046/SA046S22	SES172	-0.160267	3.82226	3.98253
BLOCK04/SES046/SA046S25	SES083	-0.784614	3.1825	3.96711
BLOCK04/SES046/SA046S25	SES127	-1.39456	2.57256	3.96711
BLOCK04/SES046/SA046S25	SES144	-0.731197	3.23592	3.96711
BLOCK04/SES046/SA046S25	SES148	-1.12385	2.84326	3.96711
BLOCK04/SES046/SA046S28	SES007	-2.12162	2.42098	4.5426
BLOCK04/SES046/SA046S28	SES105	-1.4612	3.0814	4.5426
BLOCK04/SES046/SA046S28	SES147	-1.28532	3.25729	4.5426
BLOCK04/SES046/SA046S28	SES148	-0.796212	3.74639	4.5426
BLOCK04/SES049/SA049S16	SES104	-1.04237	1.95519	2.99756
BLOCK04/SES049/SA049S16	SES106	-1.85005	1.14752	2.99756
BLOCK04/SES049/SA049S16	SES120	-1.7347	1.26287	2.99756
BLOCK04/SES049/SA049S16	SES206	-1.77188	1.22568	2.99756
BLOCK04/SES049/SA049S18	SES099	-0.488144	2.09541	2.58355
BLOCK04/SES049/SA049S18	SES104	-1.83731	0.746245	2.58355
BLOCK04/SES049/SA049S18	SES125	-2.25525	0.328298	2.58355
BLOCK04/SES049/SA049S18	SES206	-1.52189	1.06166	2.58355
BLOCK04/SES049/SA049S25	SES087	-2.31187	0.733085	3.04495
BLOCK04/SES049/SA049S25	SES104	-1.08934	1.95561	3.04495
BLOCK04/SES049/SA049S25	SES125	-1.40449	1.64046	3.04495
BLOCK04/SES049/SA049S25	SES206	-0.825546	2.2194	3.04495
BLOCK04/SES049/SA049S27	SES099	-0.351992	2.7873	3.13929
BLOCK04/SES049/SA049S27	SES104	-0.0345559	3.10474	3.13929
BLOCK04/SES049/SA049S27	SES125	-2.28391	0.855379	3.13929
BLOCK04/SES049/SA049S27	SES206	-0.9507	2.18859	3.13929
BLOCK04/SES049/SA049S29	SES099	-0.73088	3.38636	4.11724
BLOCK04/SES049/SA049S29	SES104	-0.254286	3.86295	4.11724
BLOCK04/SES049/SA049S29	SES125	-1.17378	2.94346	4.11724
BLOCK04/SES049/SA049S29	SES206	-0.716112	3.40112	4.11724
BLOCK06/SES063/SA063S09	SES068	-1.13242	3.56139	4.69382
BLOCK06/SES063/SA063S09	SES083	-0.312881	4.38093	4.69382
BLOCK06/SES063/SA063S09	SES177	-1.20781	3.48601	4.69382
BLOCK06/SES063/SA063S09	SES187	-1.64796	3.04586	4.69382
BLOCK06/SES063/SA063S10	SES068	-1.30923	3.48608	4.79532
BLOCK06/SES063/SA063S10	SES083	-0.782569	4.01275	4.79532
BLOCK06/SES063/SA063S10	SES172	-0.811752	3.98356	4.79532
BLOCK06/SES063/SA063S10	SES187	-1.53604	3.25927	4.79532
BLOCK06/SES063/SA063S20	SES068	-1.67021	2.80569	4.4759
BLOCK06/SES063/SA063S20	SES083	-0.274797	4.2011	4.4759
BLOCK06/SES063/SA063S20	SES172	-0.204988	4.27091	4.4759
BLOCK06/SES063/SA063S20	SES187	-0.591233	3.88467	4.4759
BLOCK06/SES063/SA063S24	SES029	-2.58241	1.94123	4.52363
BLOCK06/SES063/SA063S24	SES083	-0.665711	3.85792	4.52363
BLOCK06/SES063/SA063S24	SES177	-0.494192	4.02944	4.52363
BLOCK06/SES063/SA063S24	SES189	0.158079	4.68171	4.52363
BLOCK06/SES063/SA063S27	SES083	0.0967116	4.52284	4.42613
BLOCK06/SES063/SA063S27	SES172	-1.06326	3.36287	4.42613
BLOCK06/SES063/SA063S27	SES187	-1.15002	3.27611	4.42613
BLOCK06/SES063/SA063S27	SES292	-1.15838	3.26775	4.42613
BLOCK06/SES067/SA067S12	SES083	-0.963714	4.64664	5.61035
BLOCK06/SES067/SA067S12	SES172	-1.47501	4.13535	5.61035
BLOCK06/SES067/SA067S12	SES202	-0.519425	5.09093	5.61035
BLOCK06/SES067/SA067S12	SES292	-2.04723	3.56312	5.61035
BLOCK06/SES067/SA067S14	SES085	-1.67767	4.19451	5.87218
BLOCK06/SES067/SA067S14	SES177	-0.891355	4.98083	5.87218
BLOCK06/SES067/SA067S14	SES183	0.108178	5.98036	5.87218
BLOCK06/SES067/SA067S14	SES202	-0.534889	5.33729	5.87218
BLOCK06/SES067/SA067S21	SES144	-0.526346	4.5674	5.09375
BLOCK06/SES067/SA067S21	SES177	-0.771791	4.32196	5.09375
BLOCK06/SES067/SA067S21	SES183	-0.744183	4.34957	5.09375
BLOCK06/SES067/SA067S21	SES189	-1.32175	3.772	5.09375
BLOCK06/SES067/SA067S25	SES085	-1.27671	3.45307	4.72978
BLOCK06/SES067/SA067S25	SES177	-1.1608	3.56898	4.72978
BLOCK06/SES067/SA067S25	SES183	-0.601642	4.12814	4.72978
BLOCK06/SES067/SA067S25	SES202	-1.86846	2.86132	4.72978
BLOCK06/SES067/SA067S29	SES085	-1.82264	3.02586	4.8485
BLOCK06/SES067/SA067S29	SES177	-0.862765	3.98574	4.8485
BLOCK06/SES067/SA067S29	SES183	-0.58816	4.26034	4.8485
BLOCK06/SES067/SA067S29	SES202	0.241798	5.0903	4.8485
BLOCK06/SES069/SA069S12	SES029	-2.92803	1.49397	4.422
BLOCK06/SES069/SA069S12	SES082	-0.637752	3.78425	4.422
BLOCK06/SES069/SA069S12	SES087	-1.68903	2.73297	4.422
BLOCK06/SES069/SA069S12	SES206	-1.20692	3.21508	4.422
BLOCK06/SES069/SA069S13	SES029	-3.39282	1.00214	4.39496
BLOCK06/SES069/SA069S13	SES087	-1.00563	3.38933	4.39496
BLOCK06/SES069/SA069S13	SES206	-0.98783	3.40713	4.39496
BLOCK06/SES069/SA069S13	SES226	-0.733263	3.6617	4.39496
BLOCK06/SES069/SA069S23	SES029	-1.79137	3.56843	5.3598
BLOCK06/SES069/SA069S23	SES087	-0.700396	4.6594	5.3598
BLOCK06/SES069/SA069S23	SES206	-1.10286	4.25694	5.3598
BLOCK06/SES069/SA069S23	SES226	0.0522323	5.41203	5.3598
BLOCK06/SES069/SA069S25	SES087	-1.41363	4.25922	5.67285
BLOCK06/SES069/SA069S25	SES206	-2.18621	3.48663	5.67285
BLOCK06/SES069/SA069S25	SES226	-0.814478	4.85837	5.67285
BLOCK06/SES069/SA069S25	SES270	-1.77383	3.89902	5.67285
BLOCK06/SES069/SA069S27	SES087	-2.01991	2.52988	4.54979
BLOCK06/SES069/SA069S27	SES206	-1.02266	3.52713	4.54979
BLOCK06/SES069/SA069S27	SES226	-0.121932	4.42786	4.54979
BLOCK06/SES069/SA069S27	SES270	-1.16044	3.38935	4.54979
BLOCK08/SES081/SA081S11	SES060	-1.31386	3.12426	4.43812
BLOCK08/SES081/SA081S11	SES062	-0.709405	3.72871	4.43812
BLOCK08/SES081/SA081S11	SES117	-2.94811	1.49001	4.43812
BLOCK08/SES081/SA081S11	SES162	-1.71242	2.7257	4.43812
BLOCK08/SES081/SA081S13	SES016	-0.634736	4.61813	5.25287
BLOCK08/SES081/SA081S13	SES060	0.115872	5.36874	5.25287
BLOCK08/SES081/SA081S13	SES068	-0.527971	4.7249	5.25287
BLOCK08/SES081/SA081S13	SES129	-1.33203	3.92084	5.25287
BLOCK08/SES081/SA081S24	SES060	-0.353407	4.46017	4.81358
BLOCK08/SES081/SA081S24	SES068	-0.813185	4.00039	4.81358
BLOCK08/SES081/SA081S24	SES117	-2.46719	2.34638	4.81358
BLOCK08/SES081/SA081S24	SES275	-1.31637	3.4972	4.81358
BLOCK08/SES081/SA081S27	SES007	-0.48298	3.80282	4.2858
BLOCK08/SES081/SA081S27	SES060	-0.668534	3.61727	4.2858
BLOCK08/SES081/SA081S27	SES117	-0.948809	3.33699	4.2858
BLOCK08/SES081/SA081S27	SES275	-0.995705	3.2901	4.2858
BLOCK08/SES081/SA081S29	SES007	-0.407641	4.01991	4.42755
BLOCK08/SES081/SA081S29	SES060	-1.00361	3.42394	4.42755
BLOCK08/SES081/SA081S29	SES117	-1.68461	2.74294	4.42755
BLOCK08/SES081/SA081S29	SES275	-1.22739	3.20016	4.42755
BLOCK08/SES086/SA086S11	SES029	-2.56196	0.268806	2.83077
BLOCK08/SES086/SA086S11	SES082	-1.61489	1.21587	2.83077
BLOCK08/SES086/SA086S11	SES087	-0.824814	2.00595	2.83077
BLOCK08/SES086/SA086S11	SES206	-1.37094	1.45982	2.83077
BLOCK08/SES086/SA086S12	SES029	-1.50563	2.58628	4.09191
BLOCK08/SES086/SA086S12	SES082	-1.61122	2.48069	4.09191
BLOCK08/SES086/SA086S12	SES087	-0.559816	3.53209	4.09191
BLOCK08/SES086/SA086S12	SES206	-1.05909	3.03282	4.09191
BLOCK08/SES086/SA086S20	SES029	-2.77443	2.1738	4.94823
BLOCK08/SES086/SA086S20	SES082	-1.93555	3.01268	4.94823
BLOCK08/SES086/SA086S20	SES087	0.307897	5.25613	4.94823
BLOCK08/SES086/SA086S20	SES206	-0.742583	4.20565	4.94823
BLOCK08/SES086/SA086S24	SES087	-0.863653	2.35536	3.21901
BLOCK08/SES086/SA086S24	SES104	-2.02283	1.19618	3.21901
BLOCK08/SES086/SA086S24	SES120	-1.98506	1.23395	3.21901
BLOCK08/SES086/SA086S24	SES206	-0.675251	2.54376	3.21901
BLOCK08/SES086/SA086S28	SES029	-2.89974	1.68585	4.58559
BLOCK08/SES086/SA086S28	SES082	-1.6631	2.92249	4.58559
BLOCK08/SES086/SA086S28	SES087	-0.876693	3.7089	4.58559
BLOCK08/SES086/SA086S28	SES206	-1.22106	3.36453	4.58559
BLOCK08/SES089/SA089S13	SES087	-1.44154	2.37502	3.81656
BLOCK08/SES089/SA089S13	SES206	-1.32238	2.49417	3.81656
BLOCK08/SES089/SA089S13	SES226	-1.25248	2.56408	3.81656
BLOCK08/SES089/SA089S13	SES270	-1.87985	1.93671	3.81656
BLOCK08/SES089/SA089S14	SES062	-1.70633	2.91093	4.61726
BLOCK08/SES089/SA089S14	SES087	-0.37361	4.24365	4.61726
BLOCK08/SES089/SA089S14	SES206	-1.45404	3.16322	4.61726
BLOCK08/SES089/SA089S14	SES226	-1.37564	3.24162	4.61726
BLOCK08/SES089/SA089S23	SES087	-0.912967	2.29799	3.21096
BLOCK08/SES089/SA089S23	SES206	-0.876187	2.33477	3.21096
BLOCK08/SES089/SA089S23	SES226	-1.61851	1.59245	3.21096
BLOCK08/SES089/SA089S23	SES270	-2.56384	0.647117	3.21096
BLOCK08/SES089/SA089S25	SES062	-1.73379	2.58483	4.31862
BLOCK08/SES089/SA089S25	SES087	-0.381217	3.9374	4.31862
BLOCK08/SES089/SA089S25	SES206	-2.32012	1.9985	4.31862
BLOCK08/SES089/SA089S25	SES226	-1.13457	3.18405	4.31862
BLOCK08/SES089/SA089S28	SES062	-1.03519	3.18164	4.21683
BLOCK08/SES089/SA089S28	SES087	-0.302418	3.91441	4.21683
BLOCK08/SES089/SA089S28	SES206	-0.902851	3.31398	4.21683
BLOCK08/SES089/SA089S28	SES226	-0.616379	3.60045	4.21683
BLOCK09/SES097/SA097S11	SES099	0.624166	3.79805	3.17388
BLOCK09/SES097/SA097S11	SES125	-1.56111	1.61277	3.17388
BLOCK09/SES097/SA097S11	SES206	-0.70851	2.46537	3.17388
BLOCK09/SES097/SA097S11	SES226	0.229539	3.40342	3.17388
BLOCK09/SES097/SA097S14	SES062	-1.64668	1.76031	3.407
BLOCK09/SES097/SA097S14	SES099	-0.341498	3.0655	3.407
BLOCK09/SES097/SA097S14	SES104	-1.18786	2.21914	3.407
BLOCK09/SES097/SA097S14	SES206	-1.34738	2.05962	3.407
BLOCK09/SES097/SA097S22	SES099	0.180503	3.28816	3.10766
BLOCK09/SES097/SA097S22	SES206	-1.05959	2.04807	3.10766
BLOCK09/SES097/SA097S22	SES226	-1.86185	1.24581	3.10766
BLOCK09/SES097/SA097S22	SES270	-0.184427	2.92323	3.10766
BLOCK09/SES097/SA097S26	SES099	0.156312	3.23192	3.07561
BLOCK09/SES097/SA097S26	SES120	-1.22058	1.85503	3.07561
BLOCK09/SES097/SA097S26	SES206	-1.82762	1.24799	3.07561
BLOCK09/SES097/SA097S26	SES226	-1.9241	1.1515	3.07561
BLOCK09/SES097/SA097S28	SES099	-0.566707	3.44417	4.01088
BLOCK09/SES097/SA097S28	SES120	-1.85197	2.15891	4.01088
BLOCK09/SES097/SA097S28	SES206	-1.78896	2.22192	4.01088
BLOCK09/SES097/SA097S28	SES226	-2.01758	1.9933	4.01088
BLOCK09/SES098/SA098S11	SES127	-1.05643	3.21396	4.27039
BLOCK09/SES098/SA098S11	SES144	-1.01953	3.25086	4.27039
BLOCK09/SES098/SA098S11	SES147	-0.670625	3.59977	4.27039
BLOCK09/SES098/SA098S11	SES148	-3.51655	0.753843	4.27039
BLOCK09/SES098/SA098S12	SES127	-1.89743	0.912546	2.80998
BLOCK09/SES098/SA098S12	SES144	-2.19526	0.614711	2.80998
BLOCK09/SES098/SA098S12	SES147	-1.35331	1.45667	2.80998
BLOCK09/SES098/SA098S12	SES189	-2.50131	0.308667	2.80998
BLOCK09/SES098/SA098S20	SES127	-2.46754	1.25905	3.72659
BLOCK09/SES098/SA098S20	SES147	-2.08734	1.63925	3.72659
BLOCK09/SES098/SA098S20	SES148	-2.59273	1.13386	3.72659
BLOCK09/SES098/SA098S20	SES292	-1.38467	2.34192	3.72659
BLOCK09/SES098/SA098S23	SES127	-1.63581	2.24381	3.87961
BLOCK09/SES098/SA098S23	SES147	-1.53164	2.34798	3.87961
BLOCK09/SES098/SA098S23	SES187	-1.56933	2.31028	3.87961
BLOCK09/SES098/SA098S23	SES292	-1.2388	2.64082	3.87961
BLOCK09/SES098/SA098S27	SES127	-2.3731	1.61935	3.99245
BLOCK09/SES098/SA098S27	SES147	-2.71954	1.27291	3.99245
BLOCK09/SES098/SA098S27	SES148	-3.67993	0.312521	3.99245
BLOCK09/SES098/SA098S27	SES292	-0.562932	3.42952	3.99245
BLOCK10/SES102/SA102S13	SES101	-0.45892	3.33749	3.79641
BLOCK10/SES102/SA102S13	SES105	-0.87141	2.925	3.79641
BLOCK10/SES102/SA102S13	SES120	-1.50856	2.28785	3.79641
BLOCK10/SES102/SA102S13	SES158	-2.18994	1.60647	3.79641
BLOCK10/SES102/SA102S14	SES007	-0.269236	5.09419	5.36343
BLOCK10/SES102/SA102S14	SES101	-0.609635	4.7538	5.36343
BLOCK10/SES102/SA102S14	SES105	-0.398792	4.96464	5.36343
BLOCK10/SES102/SA102S14	SES147	-2.63404	2.72939	5.36343
BLOCK10/SES102/SA102S22	SES007	-1.45519	3.1834	4.63858
BLOCK10/SES102/SA102S22	SES101	-0.60457	4.03401	4.63858
BLOCK10/SES102/SA102S22	SES105	-0.899957	3.73863	4.63858
BLOCK10/SES102/SA102S22	SES158	-2.49925	2.13933	4.63858
BLOCK10/SES102/SA102S25	SES007	-0.447854	4.09404	4.5419
BLOCK10/SES102/SA102S25	SES101	0.161401	4.7033	4.5419
BLOCK10/SES102/SA102S25	SES105	-0.927113	3.61478	4.5419
BLOCK10/SES102/SA102S25	SES147	-2.77613	1.76577	4.5419
BLOCK10/SES102/SA102S27	SES007	-1.07649	2.95361	4.0301
BLOCK10/SES102/SA102S27	SES101	0.129265	4.15936	4.0301
BLOCK10/SES102/SA102S27	SES105	-1.14268	2.88742	4.0301
BLOCK10/SES102/SA102S27	SES147	-2.36002	1.67008	4.0301
BLOCK10/SES103/SA103S14	SES105	-2.81755	-0.0226185	2.79493
BLOCK10/SES103/SA103S14	SES106	-1.33934	1.45559	2.79493
BLOCK10/SES103/SA103S14	SES120	-1.85943	0.935494	2.79493
BLOCK10/SES103/SA103S14	SES206	-2.51027	0.284657	2.79493
BLOCK10/SES103/SA103S15	SES099	-1.31941	0.745837	2.06525
BLOCK10/SES103/SA103S15	SES101	-3.87428	-1.80903	2.06525
BLOCK10/SES103/SA103S15	SES104	-1.45454	0.610714	2.06525
BLOCK10/SES103/SA103S15	SES125	-1.68514	0.380113	2.06525
BLOCK10/SES103/SA103S24	SES104	-2.25045	0.729026	2.97948
BLOCK10/SES103/SA103S24	SES125	-2.11803	0.861448	2.97948
BLOCK10/SES103/SA103S24	SES148	-2.78717	0.192307	2.97948
BLOCK10/SES103/SA103S24	SES158	-1.8282	1.15128	2.97948
BLOCK10/SES103/SA103S26	SES104	-1.43096	1.78182	3.21277
BLOCK10/SES103/SA103S26	SES106	-1.05006	2.16271	3.21277
BLOCK10/SES103/SA103S26	SES125	-1.97056	1.24222	3.21277
BLOCK10/SES103/SA103S26	SES148	-2.72846	0.484316	3.21277
BLOCK10/SES103/SA103S28	SES104	-1.28441	1.34104	2.62545
BLOCK10/SES103/SA103S28	SES106	-0.774723	1.85073	2.62545
BLOCK10/SES103/SA103S28	SES125	-1.40875	1.2167	2.62545
BLOCK10/SES103/SA103S28	SES206	-2.59999	0.0254612	2.62545
BLOCK12/SES121/SA121S12	SES042	-1.97726	0.364133	2.34139
BLOCK12/SES121/SA121S12	SES087	-1.62474	0.71665	2.34139
BLOCK12/SES121/SA121S12	SES105	-2.03531	0.306077	2.34139
BLOCK12/SES121/SA121S12	SES206	-1.05796	1.28343	2.34139
BLOCK12/SES121/SA121S14	SES007	-2.23388	-0.563043	1.67084
BLOCK12/SES121/SA121S14	SES105	-3.16056	-1.48972	1.67084
BLOCK12/SES121/SA121S14	SES106	-1.8323	-0.161459	1.67084
BLOCK12/SES121/SA121S14	SES206	-2.09469	-0.423855	1.67084
BLOCK12/SES121/SA121S23	SES105	-2.75382	-0.982214	1.77161
BLOCK12/SES121/SA121S23	SES106	-1.35329	0.418316	1.77161
BLOCK12/SES121/SA121S23	SES120	-2.49289	-0.721286	1.77161
BLOCK12/SES121/SA121S23	SES206	-0.892165	0.879441	1.77161
BLOCK12/SES121/SA121S25	SES007	-2.23791	-0.921857	1.31605
BLOCK12/SES121/SA121S25	SES105	-3.27631	-1.96026	1.31605
BLOCK12/SES121/SA121S25	SES106	-1.59481	-0.278759	1.31605
BLOCK12/SES121/SA121S25	SES206	-2.00317	-0.687117	1.31605
BLOCK12/SES121/SA121S27	SES087	-1.16824	1.42119	2.58943
BLOCK12/SES121/SA121S27	SES105	-4.77901	-2.18959	2.58943
BLOCK12/SES121/SA121S27	SES120	-1.09086	1.49857	2.58943
BLOCK12/SES121/SA121S27	SES206	-0.310886	2.27854	2.58943
BLOCK12/SES124/SA124S16	SES042	0.00370741	4.2735	4.26979
BLOCK12/SES124/SA124S16	SES082	-1.13546	3.13433	4.26979
BLOCK12/SES124/SA124S16	SES183	-2.91515	1.35464	4.26979
BLOCK12/SES124/SA124S16	SES206	-1.27644	2.99335	4.26979
BLOCK12/SES124/SA124S17	SES105	-2.11638	1.32527	3.44165
BLOCK12/SES124/SA124S17	SES149	-2.50679	0.934857	3.44165
BLOCK12/SES124/SA124S17	SES158	-3.33433	0.107315	3.44165
BLOCK12/SES124/SA124S17	SES275	-1.57913	1.86252	3.44165
BLOCK12/SES124/SA124S23	SES105	-2.69677	2.92024	5.61701
BLOCK12/SES124/SA124S23	SES125	0.0710015	5.68801	5.61701
BLOCK12/SES124/SA124S23	SES129	-3.13867	2.47834	5.61701
BLOCK12/SES124/SA124S23	SES158	-0.60172	5.01529	5.61701
BLOCK12/SES124/SA124S26	SES105	-2.8996	1.37746	4.27706
BLOCK12/SES124/SA124S26	SES125	-0.767581	3.50948	4.27706
BLOCK12/SES124/SA124S26	SES129	-2.86949	1.40757	4.27706
BLOCK12/SES124/SA124S26	SES158	-1.29368	2.98337	4.27706
BLOCK12/SES124/SA124S28	SES104	-0.524442	4.18059	4.70504
BLOCK12/SES124/SA124S28	SES106	-1.14598	3.55905	4.70504
BLOCK12/SES124/SA124S28	SES125	-0.434032	4.27101	4.70504
BLOCK12/SES124/SA124S28	SES275	-2.16127	2.54377	4.70504
BLOCK12/SES126/SA126S13	SES007	-0.875449	3.2617	4.13715
BLOCK12/SES126/SA126S13	SES162	-1.39452	2.74262	4.13715
BLOCK12/SES126/SA126S13	SES177	-0.552147	3.585	4.13715
BLOCK12/SES126/SA126S13	SES180	-1.17501	2.96213	4.13715
BLOCK12/SES126/SA126S14	SES144	-1.36192	4.00338	5.36529
BLOCK12/SES126/SA126S14	SES148	-2.09163	3.27367	5.36529
BLOCK12/SES126/SA126S14	SES177	-0.567659	4.79764	5.36529
BLOCK12/SES126/SA126S14	SES180	-2.4032	2.9621	5.36529
BLOCK12/SES126/SA126S20	SES007	-0.680747	4.40741	5.08816
BLOCK12/SES126/SA126S20	SES162	-1.54167	3.54649	5.08816
BLOCK12/SES126/SA126S20	SES172	-2.0895	2.99866	5.08816
BLOCK12/SES126/SA126S20	SES180	-2.29929	2.78887	5.08816
BLOCK12/SES126/SA126S24	SES120	-0.184293	4.82874	5.01303
BLOCK12/SES126/SA126S24	SES162	-1.32449	3.68854	5.01303
BLOCK12/SES126/SA126S24	SES177	-0.336435	4.6766	5.01303
BLOCK12/SES126/SA126S24	SES180	-1.22263	3.7904	5.01303
BLOCK12/SES126/SA126S26	SES120	-0.0303478	4.00122	4.03156
BLOCK12/SES126/SA126S26	SES177	-0.509637	3.52193	4.03156
BLOCK12/SES126/SA126S26	SES180	-1.44202	2.58955	4.03156
BLOCK12/SES126/SA126S26	SES202	-1.6906	2.34096	4.03156
BLOCK12/SES128/SA128S10	SES087	-2.40071	0.817935	3.21864
BLOCK12/SES128/SA128S10	SES206	-1.27904	1.9396	3.21864
BLOCK12/SES128/SA128S10	SES226	-0.797006	2.42164	3.21864
BLOCK12/SES128/SA128S10	SES270	-0.466946	2.7517	3.21864
BLOCK12/SES128/SA128S12	SES120	-1.8256	1.85902	3.68462
BLOCK12/SES128/SA128S12	SES158	-1.87527	1.80936	3.68462
BLOCK12/SES128/SA128S12	SES206	-0.885956	2.79867	3.68462
BLOCK12/SES128/SA128S12	SES226	-1.81155	1.87308	3.68462
BLOCK12/SES128/SA128S21	SES106	-1.3744	1.68561	3.06001
BLOCK12/SES128/SA128S21	SES120	-1.94342	1.11659	3.06001
BLOCK12/SES128/SA128S21	SES206	-1.05059	2.00943	3.06001
BLOCK12/SES128/SA128S21	SES226	-0.117429	2.94259	3.06001
BLOCK12/SES128/SA128S24	SES087	-1.48688	2.13473	3.62161
BLOCK12/SES128/SA128S24	SES120	-1.21387	2.40774	3.62161
BLOCK12/SES128/SA128S24	SES206	-0.667684	2.95393	3.62161
BLOCK12/SES128/SA128S24	SES226	-1.53721	2.0844	3.62161
BLOCK12/SES128/SA128S27	SES099	-0.168536	4.31577	4.48431
BLOCK12/SES128/SA128S27	SES120	-0.946347	3.53796	4.48431
BLOCK12/SES128/SA128S27	SES206	-0.501434	3.98288	4.48431
BLOCK12/SES128/SA128S27	SES226	-0.840698	3.64361	4.48431
BLOCK13/SES130/SA130S13	SES143	-0.14871	2.98306	3.13177
BLOCK13/SES130/SA130S13	SES144	-0.0591087	3.07266	3.13177
BLOCK13/SES130/SA130S13	SES146	-2.0602	1.07157	3.13177
BLOCK13/SES130/SA130S13	SES275	-2.3311	0.800664	3.13177
BLOCK13/SES130/SA130S15	SES143	-1.40181	3.49376	4.89557
BLOCK13/SES130/SA130S15	SES144	0.111784	5.00735	4.89557
BLOCK13/SES130/SA130S15	SES146	-0.91646	3.97911	4.89557
BLOCK13/SES130/SA130S15	SES275	-1.0242	3.87136	4.89557
BLOCK13/SES130/SA130S23	SES127	-1.49291	1.99158	3.48449
BLOCK13/SES130/SA130S23	SES144	-1.00058	2.48392	3.48449
BLOCK13/SES130/SA130S23	SES146	-1.24349	2.241	3.48449
BLOCK13/SES130/SA130S23	SES162	-0.127321	3.35717	3.48449
BLOCK13/SES130/SA130S25	SES127	-0.434815	3.60227	4.03709
BLOCK13/SES130/SA130S25	SES144	-0.179163	3.85792	4.03709
BLOCK13/SES130/SA130S25	SES146	-1.00391	3.03318	4.03709
BLOCK13/SES130/SA130S25	SES275	-0.895939	3.14115	4.03709
BLOCK13/SES130/SA130S28	SES127	-1.04626	2.8805	3.92676
BLOCK13/SES130/SA130S28	SES144	-0.577538	3.34922	3.92676
BLOCK13/SES130/SA130S28	SES146	-0.552714	3.37405	3.92676
BLOCK13/SES130/SA130S28	SES275	-0.521353	3.40541	3.92676
BLOCK13/SES131/SA131S13	SES002	-2.03378	-0.0907796	1.943
BLOCK13/SES131/SA131S13	SES007	-1.86397	0.0790344	1.943
BLOCK13/SES131/SA131S13	SES099	-1.02254	0.920464	1.943
BLOCK13/SES131/SA131S13	SES105	-2.09594	-0.152944	1.943
BLOCK13/SES131/SA131S14	SES104	-1.00478	3.32361	4.32839
BLOCK13/SES131/SA131S14	SES106	-1.47515	2.85324	4.32839
BLOCK13/SES131/SA131S14	SES125	-1.38646	2.94193	4.32839
BLOCK13/SES131/SA131S14	SES148	-0.8817	3.44669	4.32839
BLOCK13/SES131/SA131S20	SES104	-2.03327	0.460996	2.49426
BLOCK13/SES131/SA131S20	SES106	-1.63678	0.857478	2.49426
BLOCK13/SES131/SA131S20	SES125	-2.0054	0.488859	2.49426
BLOCK13/SES131/SA131S20	SES148	-1.97911	0.515156	2.49426
BLOCK13/SES131/SA131S22	SES099	-0.810238	3.39741	4.20765
BLOCK13/SES131/SA131S22	SES104	-1.41649	2.79116	4.20765
BLOCK13/SES131/SA131S22	SES125	-2.16175	2.0459	4.20765
BLOCK13/SES131/SA131S22	SES206	-1.93253	2.27513	4.20765
BLOCK13/SES131/SA131S29	SES087	-1.58754	1.21223	2.79977
BLOCK13/SES131/SA131S29	SES104	-2.22646	0.57331	2.79977
BLOCK13/SES131/SA131S29	SES125	-2.49814	0.301624	2.79977
BLOCK13/SES131/SA131S29	SES206	-1.29835	1.50142	2.79977
BLOCK13/SES132/SA132S11	SES083	-2.04345	2.29667	4.34012
BLOCK13/SES132/SA132S11	SES120	-0.0298629	4.31026	4.34012
BLOCK13/SES132/SA132S11	SES127	-1.94945	2.39067	4.34012
BLOCK13/SES132/SA132S11	SES275	-0.806667	3.53346	4.34012
BLOCK13/SES132/SA132S12	SES083	-2.40356	2.96051	5.36407
BLOCK13/SES132/SA132S12	SES143	-1.78178	3.58229	5.36407
BLOCK13/SES132/SA132S12	SES144	-1.0352	4.32887	5.36407
BLOCK13/SES132/SA132S12	SES148	-0.502382	4.86169	5.36407
BLOCK13/SES132/SA132S22	SES062	-0.552238	3.37134	3.92358
BLOCK13/SES132/SA132S22	SES083	-2.39447	1.52911	3.92358
BLOCK13/SES132/SA132S22	SES127	-1.56804	2.35554	3.92358
BLOCK13/SES132/SA132S22	SES275	-0.616716	3.30686	3.92358
BLOCK13/SES132/SA132S24	SES007	-0.783053	4.58892	5.37197
BLOCK13/SES132/SA132S24	SES083	-2.60424	2.76773	5.37197
BLOCK13/SES132/SA132S24	SES127	-1.9365	3.43548	5.37197
BLOCK13/SES132/SA132S24	SES275	-0.892438	4.47954	5.37197
BLOCK13/SES132/SA132S27	SES083	-2.66153	0.844099	3.50563
BLOCK13/SES132/SA132S27	SES120	-0.028337	3.47729	3.50563
BLOCK13/SES132/SA132S27	SES127	-1.98282	1.52281	3.50563
BLOCK13/SES132/SA132S27	SES275	-1.74119	1.76444	3.50563
BLOCK14/SES141/SA141S09	SES143	-1.62773	3.69728	5.32501
BLOCK14/SES141/SA141S09	SES144	-1.10632	4.21869	5.32501
BLOCK14/SES141/SA141S09	SES162	-1.25827	4.06674	5.32501
BLOCK14/SES141/SA141S09	SES180	-1.478	3.84701	5.32501
BLOCK14/SES141/SA141S15	SES127	-0.978794	3.92158	4.90038
BLOCK14/SES141/SA141S15	SES144	-1.27136	3.62902	4.90038
BLOCK14/SES141/SA141S15	SES162	-1.88019	3.02019	4.90038
BLOCK14/SES141/SA141S15	SES180	-1.36264	3.53774	4.90038
BLOCK14/SES141/SA141S24	SES127	-0.778741	4.19066	4.96941
BLOCK14/SES141/SA141S24	SES144	-1.2791	3.69031	4.96941
BLOCK14/SES141/SA141S24	SES162	-1.31306	3.65635	4.96941
BLOCK14/SES141/SA141S24	SES183	-1.80264	3.16677	4.96941
BLOCK14/SES141/SA141S26	SES142	-0.578985	3.54071	4.1197
BLOCK14/SES141/SA141S26	SES144	-1.20191	2.91779	4.1197
BLOCK14/SES141/SA141S26	SES172	-0.409266	3.71043	4.1197
BLOCK14/SES141/SA141S26	SES180	-1.23392	2.88578	4.1197
BLOCK14/SES141/SA141S29	SES127	-0.356143	4.51241	4.86855
BLOCK14/SES141/SA141S29	SES142	-0.323348	4.5452	4.86855
BLOCK14/SES141/SA141S29	SES144	-0.680519	4.18803	4.86855
BLOCK14/SES141/SA141S29	SES180	-0.835568	4.03298	4.86855
BLOCK15/SES157/SA157S08	SES083	-1.73979	3.03745	4.77725
BLOCK15/SES157/SA157S08	SES127	-1.64665	3.1306	4.77725
BLOCK15/SES157/SA157S08	SES148	-0.802092	3.97515	4.77725
BLOCK15/SES157/SA157S08	SES292	-2.01496	2.76229	4.77725
BLOCK15/SES157/SA157S11	SES083	-1.67919	2.79005	4.46924
BLOCK15/SES157/SA157S11	SES127	-1.14673	3.32251	4.46924
BLOCK15/SES157/SA157S11	SES148	-1.18514	3.2841	4.46924
BLOCK15/SES157/SA157S11	SES292	-2.07233	2.39691	4.46924
BLOCK15/SES157/SA157S21	SES127	-0.534792	4.19467	4.72946
BLOCK15/SES157/SA157S21	SES148	-0.281082	4.44838	4.72946
BLOCK15/SES157/SA157S21	SES158	-5.67588	-0.946415	4.72946
BLOCK15/SES157/SA157S21	SES292	-1.435	3.29446	4.72946
BLOCK15/SES157/SA157S24	SES127	-0.755342	4.03236	4.7877
BLOCK15/SES157/SA157S24	SES148	-1.06278	3.72492	4.7877
BLOCK15/SES157/SA157S24	SES183	-1.62366	3.16404	4.7877
BLOCK15/SES157/SA157S24	SES292	-1.82417	2.96352	4.7877
BLOCK15/SES157/SA157S26	SES007	-0.656013	4.37135	5.02736
BLOCK15/SES157/SA157S26	SES127	-0.295321	4.73204	5.02736
BLOCK15/SES157/SA157S26	SES147	-1.63521	3.39215	5.02736
BLOCK15/SES157/SA157S26	SES148	-0.370335	4.65703	5.02736
BLOCK16/SES161/SA161S10	SES007	-1.35034	2.08097	3.43131
BLOCK16/SES161/SA161S10	SES105	-1.56218	1.86913	3.43131
BLOCK16/SES161/SA161S10	SES158	-1.86723	1.56408	3.43131
BLOCK16/SES161/SA161S10	SES275	-1.46858	1.96273	3.43131
BLOCK16/SES161/SA161S12	SES007	-2.3496	1.25745	3.60706
BLOCK16/SES161/SA161S12	SES105	-2.55737	1.04969	3.60706
BLOCK16/SES161/SA161S12	SES158	-1.60257	2.00449	3.60706
BLOCK16/SES161/SA161S12	SES275	-1.18076	2.4263	3.60706
BLOCK16/SES161/SA161S20	SES007	-1.70655	1.2232	2.92975
BLOCK16/SES161/SA161S20	SES105	-3.02415	-0.0944027	2.92975
BLOCK16/SES161/SA161S20	SES158	-1.06749	1.86225	2.92975
BLOCK16/SES161/SA161S20	SES275	-1.94292	0.986824	2.92975
BLOCK16/SES161/SA161S23	SES007	-2.50594	1.45079	3.95673
BLOCK16/SES161/SA161S23	SES105	-1.38627	2.57046	3.95673
BLOCK16/SES161/SA161S23	SES148	-1.90917	2.04756	3.95673
BLOCK16/SES161/SA161S23	SES158	-2.60351	1.35322	3.95673
BLOCK16/SES161/SA161S28	SES007	-2.00324	1.79917	3.8024
BLOCK16/SES161/SA161S28	SES105	-3.0969	0.705497	3.8024
BLOCK16/SES161/SA161S28	SES158	-0.881276	2.92112	3.8024
BLOCK16/SES161/SA161S28	SES206	-1.35587	2.44653	3.8024
BLOCK16/SES164/SA164S11	SES104	-1.28026	1.78296	3.06323
BLOCK16/SES164/SA164S11	SES125	-1.52311	1.54012	3.06323
BLOCK16/SES164/SA164S11	SES158	-0.0780706	2.98516	3.06323
BLOCK16/SES164/SA164S11	SES206	-1.80756	1.25566	3.06323
BLOCK16/SES164/SA164S13	SES099	-1.59813	0.675832	2.27396
BLOCK16/SES164/SA164S13	SES104	-1.24515	1.02881	2.27396
BLOCK16/SES164/SA164S13	SES125	-1.97284	0.301119	2.27396
BLOCK16/SES164/SA164S13	SES206	-1.43591	0.838051	2.27396
BLOCK16/SES164/SA164S24	SES002	0.622544	2.95446	2.33191
BLOCK16/SES164/SA164S24	SES099	-0.273173	2.05874	2.33191
BLOCK16/SES164/SA164S24	SES125	-2.37686	-0.0449519	2.33191
BLOCK16/SES164/SA164S24	SES226	0.1959	2.52781	2.33191
BLOCK16/SES164/SA164S27	SES087	-2.17099	0.117639	2.28863
BLOCK16/SES164/SA164S27	SES125	-1.91806	0.370578	2.28863
BLOCK16/SES164/SA164S27	SES206	-2.25742	0.0312137	2.28863
BLOCK16/SES164/SA164S27	SES226	-0.771446	1.51719	2.28863
BLOCK16/SES164/SA164S29	SES002	0.354364	2.40329	2.04893
BLOCK16/SES164/SA164S29	SES019	-0.780897	1.26803	2.04893
BLOCK16/SES164/SA164S29	SES125	-1.71892	0.33001	2.04893
BLOCK16/SES164/SA164S29	SES226	-1.32938	0.719551	2.04893
BLOCK16/SES169/SA169S13	SES117	-0.843695	3.56838	4.41208
BLOCK16/SES169/SA169S13	SES144	-0.939864	3.47221	4.41208
BLOCK16/SES169/SA169S13	SES146	-1.19118	3.22089	4.41208
BLOCK16/SES169/SA169S13	SES162	-1.00744	3.40463	4.41208
BLOCK16/SES169/SA169S14	SES144	-1.26425	4.43633	5.70058
BLOCK16/SES169/SA169S14	SES148	-1.57501	4.12557	5.70058
BLOCK16/SES169/SA169S14	SES177	-0.481831	5.21875	5.70058
BLOCK16/SES169/SA169S14	SES180	-1.77203	3.92855	5.70058
BLOCK16/SES169/SA169S24	SES117	-1.46745	1.67041	3.13786
BLOCK16/SES169/SA169S24	SES144	-0.999459	2.1384	3.13786
BLOCK16/SES169/SA169S24	SES146	-0.882799	2.25506	3.13786
BLOCK16/SES169/SA169S24	SES162	-1.04616	2.09169	3.13786
BLOCK16/SES169/SA169S27	SES127	-0.65067	3.34826	3.99893
BLOCK16/SES169/SA169S27	SES129	-0.620113	3.37882	3.99893
BLOCK16/SES169/SA169S27	SES144	-1.48092	2.51802	3.99893
BLOCK16/SES169/SA169S27	SES146	-0.143653	3.85528	3.99893
BLOCK16/SES169/SA169S29	SES144	-0.321311	5.08931	5.41062
BLOCK16/SES169/SA169S29	SES162	-0.286356	5.12427	5.41062
BLOCK16/SES169/SA169S29	SES177	-0.963687	4.44694	5.41062
BLOCK16/SES169/SA169S29	SES180	-0.607085	4.80354	5.41062
BLOCK17/SES171/SA171S12	SES083	-1.4309	1.63106	3.06196
BLOCK17/SES171/SA171S12	SES148	-1.58733	1.47462	3.06196
BLOCK17/SES171/SA171S12	SES172	-1.08246	1.9795	3.06196
BLOCK17/SES171/SA171S12	SES292	-2.59599	0.465968	3.06196
BLOCK17/SES171/SA171S15	SES148	-0.964311	2.79122	3.75553
BLOCK17/SES171/SA171S15	SES177	-0.898974	2.85656	3.75553
BLOCK17/SES171/SA171S15	SES180	-2.31057	1.44497	3.75553
BLOCK17/SES171/SA171S15	SES292	-1.68671	2.06883	3.75553
BLOCK17/SES171/SA171S22	SES007	-1.7815	3.51567	5.29717
BLOCK17/SES171/SA171S22	SES148	-1.28229	4.01488	5.29717
BLOCK17/SES171/SA171S22	SES177	-0.903164	4.39401	5.29717
BLOCK17/SES171/SA171S22	SES180	-2.50517	2.79201	5.29717
BLOCK17/SES171/SA171S25	SES101	-1.23157	2.55123	3.7828
BLOCK17/SES171/SA171S25	SES120	-3.17752	0.605282	3.7828
BLOCK17/SES171/SA171S25	SES177	-1.36971	2.41309	3.7828
BLOCK17/SES171/SA171S25	SES180	-1.82145	1.96135	3.7828
BLOCK17/SES171/SA171S27	SES177	-0.780985	3.04293	3.82392
BLOCK17/SES171/SA171S27	SES180	-2.08014	1.74377	3.82392
BLOCK17/SES171/SA171S27	SES189	-0.0706134	3.75331	3.82392
BLOCK17/SES171/SA171S27	SES292	-1.93821	1.88571	3.82392
BLOCK17/SES173/SA173S13	SES162	-3.23515	1.0751	4.31025
BLOCK17/SES173/SA173S13	SES177	-1.59426	2.716	4.31025
BLOCK17/SES173/SA173S13	SES180	-3.46522	0.845036	4.31025
BLOCK17/SES173/SA173S13	SES292	-0.779829	3.53043	4.31025
BLOCK17/SES173/SA173S14	SES007	-0.816385	3.94384	4.76023
BLOCK17/SES173/SA173S14	SES162	-3.3584	1.40182	4.76023
BLOCK17/SES173/SA173S14	SES177	-1.62029	3.13994	4.76023
BLOCK17/SES173/SA173S14	SES180	-3.56323	1.19699	4.76023
BLOCK17/SES173/SA173S24	SES144	-2.47284	1.47296	3.9458
BLOCK17/SES173/SA173S24	SES162	-2.87573	1.07007	3.9458
BLOCK17/SES173/SA173S24	SES177	-1.13609	2.80971	3.9458
BLOCK17/SES173/SA173S24	SES180	-3.26749	0.678305	3.9458
BLOCK17/SES173/SA173S27	SES162	-3.24354	1.4595	4.70304
BLOCK17/SES173/SA173S27	SES177	-1.98293	2.72011	4.70304
BLOCK17/SES173/SA173S27	SES180	-2.59148	2.11156	4.70304
BLOCK17/SES173/SA173S27	SES292	-0.569749	4.13329	4.70304
BLOCK17/SES173/SA173S29	SES162	-2.20897	1.83274	4.04171
BLOCK17/SES173/SA173S29	SES175	-0.758079	3.28363	4.04171
BLOCK17/SES173/SA173S29	SES177	-0.802546	3.23917	4.04171
BLOCK17/SES173/SA173S29	SES292	-2.00578	2.03594	4.04171
BLOCK18/SES182/SA182S10	SES144	-1.09579	2.38971	3.4855
BLOCK18/SES182/SA182S10	SES177	-1.16577	2.31974	3.4855
BLOCK18/SES182/SA182S10	SES180	-1.99179	1.49371	3.4855
BLOCK18/SES182/SA182S10	SES275	-0.152825	3.33268	3.4855
BLOCK18/SES182/SA182S12	SES144	-0.205509	5.00541	5.21092
BLOCK18/SES182/SA182S12	SES177	-0.559568	4.65135	5.21092
BLOCK18/SES182/SA182S12	SES180	-0.784497	4.42642	5.21092
BLOCK18/SES182/SA182S12	SES275	-0.489092	4.72182	5.21092
BLOCK18/SES182/SA182S21	SES117	-1.47535	1.87672	3.35207
BLOCK18/SES182/SA182S21	SES144	-0.805856	2.54622	3.35207
BLOCK18/SES182/SA182S21	SES162	-1.02409	2.32798	3.35207
BLOCK18/SES182/SA182S21	SES180	-2.56941	0.782667	3.35207
BLOCK18/SES182/SA182S23	SES117	-1.35321	1.99585	3.34906
BLOCK18/SES182/SA182S23	SES144	-1.56969	1.77937	3.34906
BLOCK18/SES182/SA182S23	SES180	-2.05384	1.29522	3.34906
BLOCK18/SES182/SA182S23	SES275	0.143521	3.49258	3.34906
BLOCK18/SES182/SA182S25	SES007	0.0352018	3.07454	3.03934
BLOCK18/SES182/SA182S25	SES162	-0.197714	2.84163	3.03934
BLOCK18/SES182/SA182S25	SES177	-0.516497	2.52285	3.03934
BLOCK18/SES182/SA182S25	SES180	-1.89735	1.14199	3.03934
BLOCK18/SES184/SA184S12	SES177	-2.34998	1.43572	3.7857
BLOCK18/SES184/SA184S12	SES180	-1.49095	2.29475	3.7857
BLOCK18/SES184/SA184S12	SES189	-0.910351	2.87535	3.7857
BLOCK18/SES184/SA184S12	SES292	-0.553502	3.23219	3.7857
BLOCK18/SES184/SA184S13	SES101	-0.874009	3.15361	4.02762
BLOCK18/SES184/SA184S13	SES177	-1.26272	2.7649	4.02762
BLOCK18/SES184/SA184S13	SES180	-1.66547	2.36216	4.02762
BLOCK18/SES184/SA184S13	SES292	-1.84784	2.17978	4.02762
BLOCK18/SES184/SA184S22	SES177	-1.76851	2.07739	3.8459
BLOCK18/SES184/SA184S22	SES180	-1.00123	2.84467	3.8459
BLOCK18/SES184/SA184S22	SES189	-1.4806	2.3653	3.8459
BLOCK18/SES184/SA184S22	SES292	-2.03602	1.80988	3.8459
BLOCK18/SES184/SA184S25	SES101	-0.351604	4.22893	4.58053
BLOCK18/SES184/SA184S25	SES177	-2.27021	2.31032	4.58053
BLOCK18/SES184/SA184S25	SES180	-1.02823	3.5523	4.58053
BLOCK18/SES184/SA184S25	SES292	-1.41567	3.16486	4.58053
BLOCK18/SES184/SA184S27	SES083	-1.25517	3.03859	4.29376
BLOCK18/SES184/SA184S27	SES177	-1.24948	3.04428	4.29376
BLOCK18/SES184/SA184S27	SES202	-1.44609	2.84767	4.29376
BLOCK18/SES184/SA184S27	SES292	-1.29334	3.00042	4.29376
BLOCK20/SES204/SA204S12	SES062	-0.724752	4.30537	5.03012
BLOCK20/SES204/SA204S12	SES083	-2.75529	2.27483	5.03012
BLOCK20/SES204/SA204S12	SES206	-0.672018	4.35811	5.03012
BLOCK20/SES204/SA204S12	SES226	-2.34694	2.68318	5.03012
BLOCK20/SES204/SA204S14	SES068	-0.743145	5.175	5.91814
BLOCK20/SES204/SA204S14	SES087	-0.431089	5.48705	5.91814
BLOCK20/SES204/SA204S14	SES206	-1.49263	4.42551	5.91814
BLOCK20/SES204/SA204S14	SES226	-2.39361	3.52454	5.91814
BLOCK20/SES204/SA204S22	SES068	-0.70239	4.36598	5.06837
BLOCK20/SES204/SA204S22	SES082	-2.52078	2.54759	5.06837
BLOCK20/SES204/SA204S22	SES083	-2.88838	2.17998	5.06837
BLOCK20/SES204/SA204S22	SES206	-1.46966	3.59871	5.06837
BLOCK20/SES204/SA204S25	SES062	-0.683246	4.63956	5.32281
BLOCK20/SES204/SA204S25	SES083	-2.5431	2.77971	5.32281
BLOCK20/SES204/SA204S25	SES206	-1.19689	4.12592	5.32281
BLOCK20/SES204/SA204S25	SES226	-2.09619	3.22662	5.32281
BLOCK20/SES204/SA204S27	SES068	-1.3264	3.405	4.7314
BLOCK20/SES204/SA204S27	SES082	-2.19308	2.53832	4.7314
BLOCK20/SES204/SA204S27	SES087	-0.82954	3.90186	4.7314
BLOCK20/SES204/SA204S27	SES206	-1.73357	2.99783	4.7314
BLOCK20/SES207/SA207S10	SES127	-1.5225	2.87764	4.40014
BLOCK20/SES207/SA207S10	SES183	-1.43008	2.97006	4.40014
BLOCK20/SES207/SA207S10	SES189	-1.0269	3.37323	4.40014
BLOCK20/SES207/SA207S10	SES292	-1.75867	2.64147	4.40014
BLOCK20/SES207/SA207S11	SES127	-2.0022	1.97461	3.97681
BLOCK20/SES207/SA207S11	SES183	-1.27632	2.70049	3.97681
BLOCK20/SES207/SA207S11	SES187	-0.966628	3.01018	3.97681
BLOCK20/SES207/SA207S11	SES292	-1.0836	2.89321	3.97681
BLOCK20/SES207/SA207S25	SES068	-1.63374	2.31732	3.95106
BLOCK20/SES207/SA207S25	SES083	-1.56188	2.38918	3.95106
BLOCK20/SES207/SA207S25	SES127	-1.13162	2.81944	3.95106
BLOCK20/SES207/SA207S25	SES187	-0.849485	3.10158	3.95106
BLOCK20/SES207/SA207S27	SES127	-1.26778	2.29243	3.56021
BLOCK20/SES207/SA207S27	SES183	-1.25604	2.30417	3.56021
BLOCK20/SES207/SA207S27	SES187	-1.06768	2.49253	3.56021
BLOCK20/SES207/SA207S27	SES292	-1.60057	1.95964	3.56021
BLOCK20/SES207/SA207S29	SES083	-2.07817	2.27778	4.35595
BLOCK20/SES207/SA207S29	SES085	-1.55211	2.80384	4.35595
BLOCK20/SES207/SA207S29	SES172	-0.766048	3.58991	4.35595
BLOCK20/SES207/SA207S29	SES189	-1.6448	2.71115	4.35595
BLOCK22/SES221/SA221S12	SES068	0.273217	5.42895	5.15573
BLOCK22/SES221/SA221S12	SES143	-2.29885	2.85688	5.15573
BLOCK22/SES221/SA221S12	SES175	-1.36787	3.78786	5.15573
BLOCK22/SES221/SA221S12	SES202	-1.01397	4.14176	5.15573
BLOCK22/SES221/SA221S15	SES085	-0.619251	4.32449	4.94374
BLOCK22/SES221/SA221S15	SES143	-2.65673	2.287	4.94374
BLOCK22/SES221/SA221S15	SES175	-1.42439	3.51935	4.94374
BLOCK22/SES221/SA221S15	SES187	-1.59967	3.34407	4.94374
BLOCK22/SES221/SA221S23	SES068	0.507277	5.22949	4.72221
BLOCK22/SES221/SA221S23	SES143	-1.77924	2.94297	4.72221
BLOCK22/SES221/SA221S23	SES175	-0.585179	4.13703	4.72221
BLOCK22/SES221/SA221S23	SES189	-1.26114	3.46108	4.72221
BLOCK22/SES221/SA221S27	SES085	0.329338	4.77655	4.44721
BLOCK22/SES221/SA221S27	SES143	-2.18206	2.26515	4.44721
BLOCK22/SES221/SA221S27	SES175	-0.817715	3.6295	4.44721
BLOCK22/SES221/SA221S27	SES189	-0.610922	3.83629	4.44721
BLOCK22/SES221/SA221S29	SES085	0.205341	5.08537	4.88003
BLOCK22/SES221/SA221S29	SES143	-1.68775	3.19228	4.88003
BLOCK22/SES221/SA221S29	SES175	-0.583972	4.29606	4.88003
BLOCK22/SES221/SA221S29	SES187	-1.11079	3.76924	4.88003
BLOCK22/SES223/SA223S11	SES143	-1.56004	2.59315	4.15319
BLOCK22/SES223/SA223S11	SES144	-2.61999	1.5332	4.15319
BLOCK22/SES223/SA223S11	SES175	-1.31429	2.83891	4.15319
BLOCK22/SES223/SA223S11	SES187	-1.93318	2.22002	4.15319
BLOCK22/SES223/SA223S13	SES068	-0.325289	3.80363	4.12892
BLOCK22/SES223/SA223S13	SES143	-2.55196	1.57697	4.12892
BLOCK22/SES223/SA223S13	SES146	-2.8194	1.30952	4.12892
BLOCK22/SES223/SA223S13	SES202	-2.52991	1.59901	4.12892
BLOCK22/SES223/SA223S22	SES143	-2.4509	1.48079	3.93169
BLOCK22/SES223/SA223S22	SES144	-3.02739	0.904302	3.93169
BLOCK22/SES223/SA223S22	SES175	-1.67392	2.25776	3.93169
BLOCK22/SES223/SA223S22	SES187	-1.92146	2.01023	3.93169
BLOCK22/SES223/SA223S25	SES068	-0.179579	3.68881	3.86839
BLOCK22/SES223/SA223S25	SES143	-1.62642	2.24197	3.86839
BLOCK22/SES223/SA223S25	SES175	-0.838195	3.0302	3.86839
BLOCK22/SES223/SA223S25	SES187	-1.44473	2.42367	3.86839
BLOCK22/SES223/SA223S27	SES143	-1.19149	2.82267	4.01416
BLOCK22/SES223/SA223S27	SES146	-1.73139	2.28277	4.01416
BLOCK22/SES223/SA223S27	SES187	-2.04476	1.9694	4.01416
BLOCK22/SES223/SA223S27	SES292	-0.129399	3.88476	4.01416
BLOCK27/SES273/SA273S12	SES099	-0.560502	4.30913	4.86963
BLOCK27/SES273/SA273S12	SES104	-0.815802	4.05383	4.86963
BLOCK27/SES273/SA273S12	SES125	-1.91601	2.95363	4.86963
BLOCK27/SES273/SA273S12	SES206	-0.982609	3.88702	4.86963
BLOCK27/SES273/SA273S13	SES099	-0.745828	4.15796	4.90379
BLOCK27/SES273/SA273S13	SES104	-1.17041	3.73338	4.90379
BLOCK27/SES273/SA273S13	SES206	-1.10371	3.80008	4.90379
BLOCK27/SES273/SA273S13	SES292	-1.2338	3.66999	4.90379
BLOCK27/SES273/SA273S21	SES099	-0.823445	3.74039	4.56384
BLOCK27/SES273/SA273S21	SES148	-2.08547	2.47837	4.56384
BLOCK27/SES273/SA273S21	SES149	-1.17219	3.39165	4.56384
BLOCK27/SES273/SA273S21	SES177	-1.41245	3.15138	4.56384
BLOCK27/SES273/SA273S25	SES104	-1.16391	2.75862	3.92254
BLOCK27/SES273/SA273S25	SES125	-2.09446	1.82808	3.92254
BLOCK27/SES273/SA273S25	SES158	-0.0429254	3.87961	3.92254
BLOCK27/SES273/SA273S25	SES206	-1.09172	2.83082	3.92254
BLOCK27/SES273/SA273S27	SES099	-0.498116	4.42643	4.92454
BLOCK27/SES273/SA273S27	SES104	-1.06137	3.86317	4.92454
BLOCK27/SES273/SA273S27	SES149	-1.37446	3.55008	4.92454
BLOCK27/SES273/SA273S27	SES275	-1.41896	3.50559	4.92454
BLOCK27/SES274/SA274S10	SES105	-2.21262	2.99369	5.2063
BLOCK27/SES274/SA274S10	SES125	-2.16141	3.0449	5.2063
BLOCK27/SES274/SA274S10	SES129	-0.53693	4.66937	5.2063
BLOCK27/SES274/SA274S10	SES158	-3.06311	2.14319	5.2063
BLOCK27/SES274/SA274S11	SES105	-1.42277	4.29354	5.71631
BLOCK27/SES274/SA274S11	SES149	-1.77384	3.94247	5.71631
BLOCK27/SES274/SA274S11	SES158	-1.6915	4.02481	5.71631
BLOCK27/SES274/SA274S11	SES275	-0.992989	4.72332	5.71631
BLOCK27/SES274/SA274S21	SES105	-2.09907	3.77268	5.87176
BLOCK27/SES274/SA274S21	SES129	-0.605603	5.26615	5.87176
BLOCK27/SES274/SA274S21	SES149	-1.60731	4.26445	5.87176
BLOCK27/SES274/SA274S21	SES158	-3.722	2.14976	5.87176
BLOCK27/SES274/SA274S24	SES105	-2.15871	2.98728	5.14599
BLOCK27/SES274/SA274S24	SES129	-0.506758	4.63923	5.14599
BLOCK27/SES274/SA274S24	SES149	-2.80215	2.34384	5.14599
BLOCK27/SES274/SA274S24	SES158	-4.72844	0.417556	5.14599
BLOCK27/SES274/SA274S29	SES105	-1.67999	3.07206	4.75205
BLOCK27/SES274/SA274S29	SES106	-2.03499	2.71706	4.75205
BLOCK27/SES274/SA274S29	SES120	-1.27973	3.47232	4.75205
BLOCK27/SES274/SA274S29	SES275	-1.10603	3.64602	4.75205
BLOCK27/SES276/SA276S16	SES148	-1.59014	3.27821	4.86836
BLOCK27/SES276/SA276S16	SES172	-0.953009	3.91535	4.86836
BLOCK27/SES276/SA276S16	SES180	-2.64762	2.22073	4.86836
BLOCK27/SES276/SA276S16	SES292	-1.5144	3.35396	4.86836
BLOCK27/SES276/SA276S17	SES101	-0.993988	3.4506	4.44458
BLOCK27/SES276/SA276S17	SES177	-1.40127	3.04331	4.44458
BLOCK27/SES276/SA276S17	SES180	-1.59754	2.84705	4.44458
BLOCK27/SES276/SA276S17	SES292	-1.46772	2.97687	4.44458
BLOCK27/SES276/SA276S24	SES101	-0.577218	4.55376	5.13097
BLOCK27/SES276/SA276S24	SES177	-1.05047	4.08051	5.13097
BLOCK27/SES276/SA276S24	SES180	-1.84295	3.28802	5.13097
BLOCK27/SES276/SA276S24	SES292	-2.01405	3.11692	5.13097
BLOCK27/SES276/SA276S26	SES101	-1.52888	3.92866	5.45754
BLOCK27/SES276/SA276S26	SES177	-0.982276	4.47527	5.45754
BLOCK27/SES276/SA276S26	SES180	-0.495945	4.9616	5.45754
BLOCK27/SES276/SA276S26	SES292	-0.351537	5.106	5.45754
BLOCK27/SES276/SA276S28	SES101	-0.561171	4.59682	5.15799
BLOCK27/SES276/SA276S28	SES177	-1.13848	4.01951	5.15799
BLOCK27/SES276/SA276S28	SES180	-0.20753	4.95046	5.15799
BLOCK27/SES276/SA276S28	SES292	-0.754535	4.40346	5.15799
BLOCK27/SES277/SA277S12	SES101	-0.311133	2.7745	3.08563
BLOCK27/SES277/SA277S12	SES177	-1.71257	1.37306	3.08563
BLOCK27/SES277/SA277S12	SES180	-2.74724	0.338399	3.08563
BLOCK27/SES277/SA277S12	SES292	-3.15983	-0.074197	3.08563
BLOCK27/SES277/SA277S14	SES177	-0.944237	1.62616	2.57039
BLOCK27/SES277/SA277S14	SES180	-2.32707	0.243322	2.57039
BLOCK27/SES277/SA277S14	SES189	-0.53667	2.03372	2.57039
BLOCK27/SES277/SA277S14	SES292	-2.16767	0.402723	2.57039
BLOCK27/SES277/SA277S21	SES177	-0.677328	2.98966	3.66699
BLOCK27/SES277/SA277S21	SES180	-1.54088	2.12611	3.66699
BLOCK27/SES277/SA277S21	SES189	0.361577	4.02857	3.66699
BLOCK27/SES277/SA277S21	SES292	-2.53961	1.12739	3.66699
BLOCK27/SES277/SA277S24	SES144	-0.92871	0.791218	1.71993
BLOCK27/SES277/SA277S24	SES177	-1.02356	0.696366	1.71993
BLOCK27/SES277/SA277S24	SES180	-2.78564	-1.06571	1.71993
BLOCK27/SES277/SA277S24	SES189	-0.18105	1.53888	1.71993
BLOCK27/SES277/SA277S29	SES177	-1.06368	3.00817	4.07185
BLOCK27/SES277/SA277S29	SES180	-1.50493	2.56693	4.07185
BLOCK27/SES277/SA277S29	SES202	-0.895978	3.17587	4.07185
BLOCK27/SES277/SA277S29	SES292	-2.22603	1.84582	4.07185
BLOCK27/SES279/SA279S09	SES120	-1.70668	2.61876	4.32544
BLOCK27/SES279/SA279S09	SES146	-2.15996	2.16549	4.32544
BLOCK27/SES279/SA279S09	SES206	-1.63113	2.69432	4.32544
BLOCK27/SES279/SA279S09	SES226	-2.06831	2.25714	4.32544
BLOCK27/SES279/SA279S10	SES099	-0.70069	3.69159	4.39228
BLOCK27/SES279/SA279S10	SES206	-1.35345	3.03884	4.39228
BLOCK27/SES279/SA279S10	SES226	-1.80559	2.58669	4.39228
BLOCK27/SES279/SA279S10	SES292	-0.915767	3.47652	4.39228
BLOCK27/SES279/SA279S20	SES099	-1.6314	2.00744	3.63884
BLOCK27/SES279/SA279S20	SES206	-0.987239	2.65161	3.63884
BLOCK27/SES279/SA279S20	SES226	-2.34147	1.29738	3.63884
BLOCK27/SES279/SA279S20	SES292	-0.42984	3.20901	3.63884
BLOCK27/SES279/SA279S26	SES099	-1.69593	2.3003	3.99623
BLOCK27/SES279/SA279S26	SES206	-1.09645	2.89978	3.99623
BLOCK27/SES279/SA279S26	SES226	-1.9635	2.03272	3.99623
BLOCK27/SES279/SA279S26	SES292	-0.834243	3.16198	3.99623
BLOCK27/SES279/SA279S28	SES099	-1.14225	4.84737	5.98962
BLOCK27/SES279/SA279S28	SES120	-1.1254	4.86422	5.98962
BLOCK27/SES279/SA279S28	SES177	-1.75783	4.23179	5.98962
BLOCK27/SES279/SA279S28	SES206	-1.1707	4.81891	5.98962
BLOCK29/SES290/SA290S12	SES162	-0.67938	5.71197	6.39135
BLOCK29/SES290/SA290S12	SES177	-0.653718	5.73764	6.39135
BLOCK29/SES290/SA290S12	SES180	-1.46027	4.93109	6.39135
BLOCK29/SES290/SA290S12	SES292	-1.97016	4.4212	6.39135
BLOCK29/SES290/SA290S13	SES007	-0.251829	4.83221	5.08404
BLOCK29/SES290/SA290S13	SES162	-1.89307	3.19097	5.08404
BLOCK29/SES290/SA290S13	SES177	-1.03911	4.04493	5.08404
BLOCK29/SES290/SA290S13	SES180	-0.786936	4.2971	5.08404
BLOCK29/SES290/SA290S22	SES177	-0.912812	4.2059	5.11871
BLOCK29/SES290/SA290S22	SES180	-1.02843	4.09028	5.11871
BLOCK29/SES290/SA290S22	SES202	-1.45058	3.66814	5.11871
BLOCK29/SES290/SA290S22	SES292	-1.44711	3.6716	5.11871
BLOCK29/SES290/SA290S25	SES162	-0.980901	4.73252	5.71342
BLOCK29/SES290/SA290S25	SES177	-0.766872	4.94655	5.71342
BLOCK29/SES290/SA290S25	SES180	-1.05222	4.6612	5.71342
BLOCK29/SES290/SA290S25	SES292	-0.859753	4.85367	5.71342
BLOCK29/SES290/SA290S29	SES177	-0.221884	4.83196	5.05384
BLOCK29/SES290/SA290S29	SES180	-0.578462	4.47538	5.05384
BLOCK29/SES290/SA290S29	SES275	-0.966611	4.08723	5.05384
BLOCK29/SES290/SA290S29	SES292	-0.513029	4.54081	5.05384
BLOCK29/SES291/SA291S11	SES105	-2.73237	0.484089	3.21645
BLOCK29/SES291/SA291S11	SES125	-1.05066	2.16579	3.21645
BLOCK29/SES291/SA291S11	SES158	-0.750282	2.46617	3.21645
BLOCK29/SES291/SA291S11	SES275	-2.3365	0.879951	3.21645
BLOCK29/SES291/SA291S12	SES158	0.421962	4.25399	3.83203
BLOCK29/SES291/SA291S12	SES226	-1.52622	2.30581	3.83203
BLOCK29/SES291/SA291S12	SES270	0.781629	4.61366	3.83203
BLOCK29/SES291/SA291S12	SES275	-3.89568	-0.0636541	3.83203
BLOCK29/SES291/SA291S22	SES082	-1.72685	2.30261	4.02947
BLOCK29/SES291/SA291S22	SES158	-1.34311	2.68636	4.02947
BLOCK29/SES291/SA291S22	SES259	-1.79773	2.23174	4.02947
BLOCK29/SES291/SA291S22	SES275	-2.90107	1.1284	4.02947
BLOCK29/SES291/SA291S24	SES104	-0.3791	4.55107	4.93017
BLOCK29/SES291/SA291S24	SES125	-0.711418	4.21875	4.93017
BLOCK29/SES291/SA291S24	SES158	-0.456773	4.4734	4.93017
BLOCK29/SES291/SA291S24	SES275	-2.98405	1.94612	4.93017
BLOCK29/SES291/SA291S27	SES158	-0.395928	4.175	4.57093
BLOCK29/SES291/SA291S27	SES172	-3.6044	0.966533	4.57093
BLOCK29/SES291/SA291S27	SES275	-2.99039	1.58053	4.57093
BLOCK29/SES291/SA291S27	SES292	-1.41077	3.16016	4.57093
